# JRE version: OpenJDK Runtime Environment (17.0.7) (build 17.0.7+0-b2043.56-10550314)
# Java VM: OpenJDK 64-Bit Server VM (17.0.7+0-b2043.56-10550314, mixed mode, tiered, compressed oops, compressed class ptrs, g1 gc, windows-amd64)
GC Precious Log:
 CPUs: 12 total, 12 available
 Memory: 16147M
 Large Page Support: Disabled
 NUMA Support: Disabled
 Compressed Oops: Enabled (32-bit)
 Heap Region Size: 1M
 Heap Min Capacity: 8M
 Heap Initial Capacity: 254M
 Heap Max Capacity: 2G
 Pre-touch: Disabled
 Parallel Workers: 10
 Concurrent Workers: 3
 Concurrent Refinement Workers: 10
 Periodic GC: Disabled
Heap:
 garbage-first heap   total 260096K, used 176294K [0x0000000080000000, 0x0000000100000000)
  region size 1024K, 3 young (3072K), 3 survivors (3072K)
 Metaspace       used 117464K, committed 118336K, reserved 1179648K
  class space    used 15749K, committed 16192K, reserved 1048576K
GC Heap History (20 events):
Event: 84.243 GC heap after
{Heap after GC invocations=42 (full 0):
 garbage-first heap   total 218112K, used 141249K [0x0000000080000000, 0x0000000100000000)
  region size 1024K, 3 young (3072K), 3 survivors (3072K)
 Metaspace       used 112766K, committed 113600K, reserved 1179648K
  class space    used 15141K, committed 15552K, reserved 1048576K
}
Event: 197.102 GC heap before
{Heap before GC invocations=42 (full 0):
 garbage-first heap   total 218112K, used 183233K [0x0000000080000000, 0x0000000100000000)
  region size 1024K, 45 young (46080K), 3 survivors (3072K)
 Metaspace       used 112934K, committed 113728K, reserved 1179648K
  class space    used 15144K, committed 15552K, reserved 1048576K
}
Event: 197.107 GC heap after
{Heap after GC invocations=43 (full 0):
 garbage-first heap   total 218112K, used 142372K [0x0000000080000000, 0x0000000100000000)
  region size 1024K, 5 young (5120K), 5 survivors (5120K)
 Metaspace       used 112934K, committed 113728K, reserved 1179648K
  class space    used 15144K, committed 15552K, reserved 1048576K
}
Event: 197.425 GC heap before
{Heap before GC invocations=43 (full 0):
 garbage-first heap   total 218112K, used 183332K [0x0000000080000000, 0x0000000100000000)
  region size 1024K, 46 young (47104K), 5 survivors (5120K)
 Metaspace       used 113209K, committed 114176K, reserved 1179648K
  class space    used 15149K, committed 15616K, reserved 1048576K
}
Event: 197.432 GC heap after
{Heap after GC invocations=44 (full 0):
 garbage-first heap   total 218112K, used 147543K [0x0000000080000000, 0x0000000100000000)
  region size 1024K, 6 young (6144K), 6 survivors (6144K)
 Metaspace       used 113209K, committed 114176K, reserved 1179648K
  class space    used 15149K, committed 15616K, reserved 1048576K
}
Event: 197.746 GC heap before
{Heap before GC invocations=44 (full 0):
 garbage-first heap   total 218112K, used 182359K [0x0000000080000000, 0x0000000100000000)
  region size 1024K, 41 young (41984K), 6 survivors (6144K)
 Metaspace       used 113325K, committed 114240K, reserved 1179648K
  class space    used 15156K, committed 15616K, reserved 1048576K
}
Event: 197.752 GC heap after
{Heap after GC invocations=45 (full 0):
 garbage-first heap   total 218112K, used 152233K [0x0000000080000000, 0x0000000100000000)
  region size 1024K, 5 young (5120K), 5 survivors (5120K)
 Metaspace       used 113325K, committed 114240K, reserved 1179648K
  class space    used 15156K, committed 15616K, reserved 1048576K
}
Event: 209.942 GC heap before
{Heap before GC invocations=45 (full 0):
 garbage-first heap   total 218112K, used 183977K [0x0000000080000000, 0x0000000100000000)
  region size 1024K, 36 young (36864K), 5 survivors (5120K)
 Metaspace       used 113602K, committed 114496K, reserved 1179648K
  class space    used 15190K, committed 15616K, reserved 1048576K
}
Event: 209.946 GC heap after
{Heap after GC invocations=46 (full 0):
 garbage-first heap   total 218112K, used 154214K [0x0000000080000000, 0x0000000100000000)
  region size 1024K, 2 young (2048K), 2 survivors (2048K)
 Metaspace       used 113602K, committed 114496K, reserved 1179648K
  class space    used 15190K, committed 15616K, reserved 1048576K
}
Event: 210.175 GC heap before
{Heap before GC invocations=46 (full 0):
 garbage-first heap   total 218112K, used 184934K [0x0000000080000000, 0x0000000100000000)
  region size 1024K, 33 young (33792K), 2 survivors (2048K)
 Metaspace       used 114780K, committed 115648K, reserved 1179648K
  class space    used 15357K, committed 15808K, reserved 1048576K
}
Event: 210.179 GC heap after
{Heap after GC invocations=47 (full 0):
 garbage-first heap   total 218112K, used 156520K [0x0000000080000000, 0x0000000100000000)
  region size 1024K, 5 young (5120K), 5 survivors (5120K)
 Metaspace       used 114780K, committed 115648K, reserved 1179648K
  class space    used 15357K, committed 15808K, reserved 1048576K
}
Event: 210.303 GC heap before
{Heap before GC invocations=47 (full 0):
 garbage-first heap   total 218112K, used 185192K [0x0000000080000000, 0x0000000100000000)
  region size 1024K, 34 young (34816K), 5 survivors (5120K)
 Metaspace       used 115725K, committed 116608K, reserved 1179648K
  class space    used 15496K, committed 15936K, reserved 1048576K
}
Event: 210.308 GC heap after
{Heap after GC invocations=48 (full 0):
 garbage-first heap   total 218112K, used 160948K [0x0000000080000000, 0x0000000100000000)
  region size 1024K, 5 young (5120K), 5 survivors (5120K)
 Metaspace       used 115725K, committed 116608K, reserved 1179648K
  class space    used 15496K, committed 15936K, reserved 1048576K
}
Event: 210.337 GC heap before
{Heap before GC invocations=48 (full 0):
 garbage-first heap   total 218112K, used 185524K [0x0000000080000000, 0x0000000100000000)
  region size 1024K, 30 young (30720K), 5 survivors (5120K)
 Metaspace       used 115798K, committed 116736K, reserved 1179648K
  class space    used 15510K, committed 16000K, reserved 1048576K
}
Event: 210.340 GC heap after
{Heap after GC invocations=49 (full 0):
 garbage-first heap   total 218112K, used 161937K [0x0000000080000000, 0x0000000100000000)
  region size 1024K, 3 young (3072K), 3 survivors (3072K)
 Metaspace       used 115798K, committed 116736K, reserved 1179648K
  class space    used 15510K, committed 16000K, reserved 1048576K
}
Event: 210.408 GC heap before
{Heap before GC invocations=49 (full 0):
 garbage-first heap   total 218112K, used 185489K [0x0000000080000000, 0x0000000100000000)
  region size 1024K, 27 young (27648K), 3 survivors (3072K)
 Metaspace       used 116304K, committed 117248K, reserved 1179648K
  class space    used 15573K, committed 16064K, reserved 1048576K
}
Event: 210.411 GC heap after
{Heap after GC invocations=50 (full 0):
 garbage-first heap   total 218112K, used 165158K [0x0000000080000000, 0x0000000100000000)
  region size 1024K, 4 young (4096K), 4 survivors (4096K)
 Metaspace       used 116304K, committed 117248K, reserved 1179648K
  class space    used 15573K, committed 16064K, reserved 1048576K
}
Event: 210.512 GC heap before
{Heap before GC invocations=50 (full 0):
 garbage-first heap   total 218112K, used 179494K [0x0000000080000000, 0x0000000100000000)
  region size 1024K, 20 young (20480K), 4 survivors (4096K)
 Metaspace       used 116957K, committed 117824K, reserved 1179648K
  class space    used 15675K, committed 16128K, reserved 1048576K
}
Event: 210.517 GC heap after
{Heap after GC invocations=51 (full 0):
 garbage-first heap   total 218112K, used 168407K [0x0000000080000000, 0x0000000100000000)
  region size 1024K, 4 young (4096K), 4 survivors (4096K)
 Metaspace       used 116957K, committed 117824K, reserved 1179648K
  class space    used 15675K, committed 16128K, reserved 1048576K
}
Event: 210.585 GC heap before
{Heap before GC invocations=51 (full 0):
 garbage-first heap   total 218112K, used 188887K [0x0000000080000000, 0x0000000100000000)
  region size 1024K, 21 young (21504K), 4 survivors (4096K)
 Metaspace       used 117464K, committed 118336K, reserved 1179648K
  class space    used 15749K, committed 16192K, reserved 1048576K
}

