# JRE version: OpenJDK Runtime Environment (17.0.7) (build 17.0.7+0-b2043.56-10550314)
# Java VM: OpenJDK 64-Bit Server VM (17.0.7+0-b2043.56-10550314, mixed mode, tiered, compressed oops, compressed class ptrs, g1 gc, windows-amd64)
GC Precious Log:
 CPUs: 12 total, 12 available
 Memory: 16147M
 Large Page Support: Disabled
 NUMA Support: Disabled
 Compressed Oops: Enabled (32-bit)
 Heap Region Size: 1M
 Heap Min Capacity: 8M
 Heap Initial Capacity: 254M
 Heap Max Capacity: 2G
 Pre-touch: Disabled
 Parallel Workers: 10
 Concurrent Workers: 3
 Concurrent Refinement Workers: 10
 Periodic GC: Disabled
Heap:
 garbage-first heap   total 326656K, used 169799K [0x0000000080000000, 0x0000000100000000)
  region size 1024K, 2 young (2048K), 2 survivors (2048K)
 Metaspace       used 123443K, committed 124288K, reserved 1179648K
  class space    used 17966K, committed 18368K, reserved 1048576K
GC Heap History (20 events):
Event: 12.296 GC heap after
{Heap after GC invocations=45 (full 0):
 garbage-first heap   total 199680K, used 115734K [0x0000000080000000, 0x0000000100000000)
  region size 1024K, 6 young (6144K), 6 survivors (6144K)
 Metaspace       used 101081K, committed 101824K, reserved 1179648K
  class space    used 13843K, committed 14208K, reserved 1048576K
}
Event: 12.544 GC heap before
{Heap before GC invocations=45 (full 0):
 garbage-first heap   total 199680K, used 161814K [0x0000000080000000, 0x0000000100000000)
  region size 1024K, 52 young (53248K), 6 survivors (6144K)
 Metaspace       used 101414K, committed 102080K, reserved 1179648K
  class space    used 13868K, committed 14208K, reserved 1048576K
}
Event: 12.549 GC heap after
{Heap after GC invocations=46 (full 0):
 garbage-first heap   total 247808K, used 119523K [0x0000000080000000, 0x0000000100000000)
  region size 1024K, 6 young (6144K), 6 survivors (6144K)
 Metaspace       used 101414K, committed 102080K, reserved 1179648K
  class space    used 13868K, committed 14208K, reserved 1048576K
}
Event: 12.866 GC heap before
{Heap before GC invocations=46 (full 0):
 garbage-first heap   total 247808K, used 196323K [0x0000000080000000, 0x0000000100000000)
  region size 1024K, 82 young (83968K), 6 survivors (6144K)
 Metaspace       used 102576K, committed 103296K, reserved 1179648K
  class space    used 14028K, committed 14400K, reserved 1048576K
}
Event: 12.873 GC heap after
{Heap after GC invocations=47 (full 0):
 garbage-first heap   total 247808K, used 123799K [0x0000000080000000, 0x0000000100000000)
  region size 1024K, 10 young (10240K), 10 survivors (10240K)
 Metaspace       used 102576K, committed 103296K, reserved 1179648K
  class space    used 14028K, committed 14400K, reserved 1048576K
}
Event: 13.182 GC heap before
{Heap before GC invocations=47 (full 0):
 garbage-first heap   total 247808K, used 198551K [0x0000000080000000, 0x0000000100000000)
  region size 1024K, 84 young (86016K), 10 survivors (10240K)
 Metaspace       used 104769K, committed 105536K, reserved 1179648K
  class space    used 14334K, committed 14656K, reserved 1048576K
}
Event: 13.192 GC heap after
{Heap after GC invocations=48 (full 0):
 garbage-first heap   total 247808K, used 134084K [0x0000000080000000, 0x0000000100000000)
  region size 1024K, 11 young (11264K), 11 survivors (11264K)
 Metaspace       used 104769K, committed 105536K, reserved 1179648K
  class space    used 14334K, committed 14656K, reserved 1048576K
}
Event: 13.343 GC heap before
{Heap before GC invocations=48 (full 0):
 garbage-first heap   total 247808K, used 202692K [0x0000000080000000, 0x0000000100000000)
  region size 1024K, 75 young (76800K), 11 survivors (11264K)
 Metaspace       used 106224K, committed 107008K, reserved 1179648K
  class space    used 14554K, committed 14912K, reserved 1048576K
}
Event: 13.353 GC heap after
{Heap after GC invocations=49 (full 0):
 garbage-first heap   total 247808K, used 148612K [0x0000000080000000, 0x0000000100000000)
  region size 1024K, 10 young (10240K), 10 survivors (10240K)
 Metaspace       used 106224K, committed 107008K, reserved 1179648K
  class space    used 14554K, committed 14912K, reserved 1048576K
}
Event: 13.551 GC heap before
{Heap before GC invocations=49 (full 0):
 garbage-first heap   total 247808K, used 199812K [0x0000000080000000, 0x0000000100000000)
  region size 1024K, 61 young (62464K), 10 survivors (10240K)
 Metaspace       used 108555K, committed 109248K, reserved 1179648K
  class space    used 14970K, committed 15296K, reserved 1048576K
}
Event: 13.561 GC heap after
{Heap after GC invocations=50 (full 0):
 garbage-first heap   total 297984K, used 155560K [0x0000000080000000, 0x0000000100000000)
  region size 1024K, 8 young (8192K), 8 survivors (8192K)
 Metaspace       used 108555K, committed 109248K, reserved 1179648K
  class space    used 14970K, committed 15296K, reserved 1048576K
}
Event: 13.842 GC heap before
{Heap before GC invocations=50 (full 0):
 garbage-first heap   total 297984K, used 237480K [0x0000000080000000, 0x0000000100000000)
  region size 1024K, 89 young (91136K), 8 survivors (8192K)
 Metaspace       used 112532K, committed 113280K, reserved 1179648K
  class space    used 15675K, committed 16000K, reserved 1048576K
}
Event: 13.852 GC heap after
{Heap after GC invocations=51 (full 0):
 garbage-first heap   total 297984K, used 163920K [0x0000000080000000, 0x0000000100000000)
  region size 1024K, 9 young (9216K), 9 survivors (9216K)
 Metaspace       used 112532K, committed 113280K, reserved 1179648K
  class space    used 15675K, committed 16000K, reserved 1048576K
}
Event: 14.321 GC heap before
{Heap before GC invocations=51 (full 0):
 garbage-first heap   total 297984K, used 239696K [0x0000000080000000, 0x0000000100000000)
  region size 1024K, 84 young (86016K), 9 survivors (9216K)
 Metaspace       used 119177K, committed 120064K, reserved 1179648K
  class space    used 17086K, committed 17536K, reserved 1048576K
}
Event: 14.334 GC heap after
{Heap after GC invocations=52 (full 0):
 garbage-first heap   total 297984K, used 170016K [0x0000000080000000, 0x0000000100000000)
  region size 1024K, 7 young (7168K), 7 survivors (7168K)
 Metaspace       used 119177K, committed 120064K, reserved 1179648K
  class space    used 17086K, committed 17536K, reserved 1048576K
}
Event: 14.512 GC heap before
{Heap before GC invocations=52 (full 0):
 garbage-first heap   total 297984K, used 215072K [0x0000000080000000, 0x0000000100000000)
  region size 1024K, 53 young (54272K), 7 survivors (7168K)
 Metaspace       used 121506K, committed 122368K, reserved 1179648K
  class space    used 17541K, committed 17984K, reserved 1048576K
}
Event: 14.518 GC heap after
{Heap after GC invocations=53 (full 0):
 garbage-first heap   total 297984K, used 171731K [0x0000000080000000, 0x0000000100000000)
  region size 1024K, 2 young (2048K), 2 survivors (2048K)
 Metaspace       used 121506K, committed 122368K, reserved 1179648K
  class space    used 17541K, committed 17984K, reserved 1048576K
}
Event: 14.778 GC heap before
{Heap before GC invocations=54 (full 0):
 garbage-first heap   total 326656K, used 244435K [0x0000000080000000, 0x0000000100000000)
  region size 1024K, 76 young (77824K), 2 survivors (2048K)
 Metaspace       used 123287K, committed 124160K, reserved 1179648K
  class space    used 17939K, committed 18368K, reserved 1048576K
}
Event: 14.782 GC heap after
{Heap after GC invocations=55 (full 0):
 garbage-first heap   total 326656K, used 173185K [0x0000000080000000, 0x0000000100000000)
  region size 1024K, 6 young (6144K), 6 survivors (6144K)
 Metaspace       used 123287K, committed 124160K, reserved 1179648K
  class space    used 17939K, committed 18368K, reserved 1048576K
}
Event: 14.803 GC heap before
{Heap before GC invocations=55 (full 0):
 garbage-first heap   total 326656K, used 182401K [0x0000000080000000, 0x0000000100000000)
  region size 1024K, 15 young (15360K), 6 survivors (6144K)
 Metaspace       used 123443K, committed 124288K, reserved 1179648K
  class space    used 17966K, committed 18368K, reserved 1048576K
}

