# JRE version: OpenJDK Runtime Environment (17.0.7) (build 17.0.7+0-b2043.56-10550314)
# Java VM: OpenJDK 64-Bit Server VM (17.0.7+0-b2043.56-10550314, mixed mode, tiered, compressed oops, compressed class ptrs, g1 gc, windows-amd64)
GC Precious Log:
 CPUs: 12 total, 12 available
 Memory: 16147M
 Large Page Support: Disabled
 NUMA Support: Disabled
 Compressed Oops: Enabled (Zero based)
 Heap Region Size: 2M
 Heap Min Capacity: 8M
 Heap Initial Capacity: 254M
 Heap Max Capacity: 4038M
 Pre-touch: Disabled
 Parallel Workers: 10
 Concurrent Workers: 3
 Concurrent Refinement Workers: 10
 Periodic GC: Disabled
Heap:
 garbage-first heap   total 370688K, used 100352K [0x0000000703a00000, 0x0000000800000000)
  region size 2048K, 12 young (24576K), 4 survivors (8192K)
 Metaspace       used 66206K, committed 66496K, reserved 1114112K
  class space    used 7466K, committed 7616K, reserved 1048576K
GC Heap History (20 events):
Event: 2.307 GC heap before
{Heap before GC invocations=8 (full 0):
 garbage-first heap   total 157696K, used 29055K [0x0000000703a00000, 0x0000000800000000)
  region size 2048K, 4 young (8192K), 2 survivors (4096K)
 Metaspace       used 35779K, committed 35968K, reserved 1114112K
  class space    used 4482K, committed 4544K, reserved 1048576K
}
Event: 2.312 GC heap after
{Heap after GC invocations=9 (full 0):
 garbage-first heap   total 157696K, used 27723K [0x0000000703a00000, 0x0000000800000000)
  region size 2048K, 3 young (6144K), 3 survivors (6144K)
 Metaspace       used 35779K, committed 35968K, reserved 1114112K
  class space    used 4482K, committed 4544K, reserved 1048576K
}
Event: 3.210 GC heap before
{Heap before GC invocations=10 (full 0):
 garbage-first heap   total 110592K, used 89163K [0x0000000703a00000, 0x0000000800000000)
  region size 2048K, 32 young (65536K), 3 survivors (6144K)
 Metaspace       used 46265K, committed 46592K, reserved 1114112K
  class space    used 5526K, committed 5696K, reserved 1048576K
}
Event: 3.225 GC heap after
{Heap after GC invocations=11 (full 0):
 garbage-first heap   total 110592K, used 32790K [0x0000000703a00000, 0x0000000800000000)
  region size 2048K, 4 young (8192K), 4 survivors (8192K)
 Metaspace       used 46265K, committed 46592K, reserved 1114112K
  class space    used 5526K, committed 5696K, reserved 1048576K
}
Event: 3.278 GC heap before
{Heap before GC invocations=11 (full 0):
 garbage-first heap   total 110592K, used 32790K [0x0000000703a00000, 0x0000000800000000)
  region size 2048K, 5 young (10240K), 4 survivors (8192K)
 Metaspace       used 46784K, committed 47104K, reserved 1114112K
  class space    used 5605K, committed 5760K, reserved 1048576K
}
Event: 3.287 GC heap after
{Heap after GC invocations=12 (full 0):
 garbage-first heap   total 110592K, used 34476K [0x0000000703a00000, 0x0000000800000000)
  region size 2048K, 1 young (2048K), 1 survivors (2048K)
 Metaspace       used 46784K, committed 47104K, reserved 1114112K
  class space    used 5605K, committed 5760K, reserved 1048576K
}
Event: 3.787 GC heap before
{Heap before GC invocations=12 (full 0):
 garbage-first heap   total 110592K, used 77484K [0x0000000703a00000, 0x0000000800000000)
  region size 2048K, 21 young (43008K), 1 survivors (2048K)
 Metaspace       used 50621K, committed 50944K, reserved 1114112K
  class space    used 6038K, committed 6208K, reserved 1048576K
}
Event: 3.795 GC heap after
{Heap after GC invocations=13 (full 0):
 garbage-first heap   total 180224K, used 38320K [0x0000000703a00000, 0x0000000800000000)
  region size 2048K, 2 young (4096K), 2 survivors (4096K)
 Metaspace       used 50621K, committed 50944K, reserved 1114112K
  class space    used 6038K, committed 6208K, reserved 1048576K
}
Event: 5.276 GC heap before
{Heap before GC invocations=13 (full 0):
 garbage-first heap   total 180224K, used 122288K [0x0000000703a00000, 0x0000000800000000)
  region size 2048K, 43 young (88064K), 2 survivors (4096K)
 Metaspace       used 56658K, committed 56896K, reserved 1114112K
  class space    used 6579K, committed 6720K, reserved 1048576K
}
Event: 5.291 GC heap after
{Heap after GC invocations=14 (full 0):
 garbage-first heap   total 180224K, used 51905K [0x0000000703a00000, 0x0000000800000000)
  region size 2048K, 6 young (12288K), 6 survivors (12288K)
 Metaspace       used 56658K, committed 56896K, reserved 1114112K
  class space    used 6579K, committed 6720K, reserved 1048576K
}
Event: 5.909 GC heap before
{Heap before GC invocations=14 (full 0):
 garbage-first heap   total 180224K, used 84673K [0x0000000703a00000, 0x0000000800000000)
  region size 2048K, 23 young (47104K), 6 survivors (12288K)
 Metaspace       used 59898K, committed 60160K, reserved 1114112K
  class space    used 6951K, committed 7104K, reserved 1048576K
}
Event: 5.924 GC heap after
{Heap after GC invocations=15 (full 0):
 garbage-first heap   total 180224K, used 57916K [0x0000000703a00000, 0x0000000800000000)
  region size 2048K, 3 young (6144K), 3 survivors (6144K)
 Metaspace       used 59898K, committed 60160K, reserved 1114112K
  class space    used 6951K, committed 7104K, reserved 1048576K
}
Event: 7.906 GC heap before
{Heap before GC invocations=16 (full 0):
 garbage-first heap   total 180224K, used 129596K [0x0000000703a00000, 0x0000000800000000)
  region size 2048K, 38 young (77824K), 3 survivors (6144K)
 Metaspace       used 64840K, committed 65152K, reserved 1114112K
  class space    used 7375K, committed 7552K, reserved 1048576K
}
Event: 7.918 GC heap after
{Heap after GC invocations=17 (full 0):
 garbage-first heap   total 180224K, used 65447K [0x0000000703a00000, 0x0000000800000000)
  region size 2048K, 5 young (10240K), 5 survivors (10240K)
 Metaspace       used 64840K, committed 65152K, reserved 1114112K
  class space    used 7375K, committed 7552K, reserved 1048576K
}
Event: 8.560 GC heap before
{Heap before GC invocations=18 (full 0):
 garbage-first heap   total 180224K, used 137127K [0x0000000703a00000, 0x0000000800000000)
  region size 2048K, 39 young (79872K), 5 survivors (10240K)
 Metaspace       used 65660K, committed 65984K, reserved 1114112K
  class space    used 7440K, committed 7616K, reserved 1048576K
}
Event: 8.575 GC heap after
{Heap after GC invocations=19 (full 0):
 garbage-first heap   total 180224K, used 75456K [0x0000000703a00000, 0x0000000800000000)
  region size 2048K, 4 young (8192K), 4 survivors (8192K)
 Metaspace       used 65660K, committed 65984K, reserved 1114112K
  class space    used 7440K, committed 7616K, reserved 1048576K
}
Event: 8.584 GC heap before
{Heap before GC invocations=19 (full 0):
 garbage-first heap   total 180224K, used 77504K [0x0000000703a00000, 0x0000000800000000)
  region size 2048K, 5 young (10240K), 4 survivors (8192K)
 Metaspace       used 65660K, committed 65984K, reserved 1114112K
  class space    used 7440K, committed 7616K, reserved 1048576K
}
Event: 8.593 GC heap after
{Heap after GC invocations=20 (full 0):
 garbage-first heap   total 180224K, used 76451K [0x0000000703a00000, 0x0000000800000000)
  region size 2048K, 1 young (2048K), 1 survivors (2048K)
 Metaspace       used 65660K, committed 65984K, reserved 1114112K
  class space    used 7440K, committed 7616K, reserved 1048576K
}
Event: 8.904 GC heap before
{Heap before GC invocations=20 (full 0):
 garbage-first heap   total 180224K, used 137891K [0x0000000703a00000, 0x0000000800000000)
  region size 2048K, 31 young (63488K), 1 survivors (2048K)
 Metaspace       used 66008K, committed 66304K, reserved 1114112K
  class space    used 7465K, committed 7616K, reserved 1048576K
}
Event: 8.913 GC heap after
{Heap after GC invocations=21 (full 0):
 garbage-first heap   total 370688K, used 83968K [0x0000000703a00000, 0x0000000800000000)
  region size 2048K, 4 young (8192K), 4 survivors (8192K)
 Metaspace       used 66008K, committed 66304K, reserved 1114112K
  class space    used 7465K, committed 7616K, reserved 1048576K
}

