# JRE version: OpenJDK Runtime Environment (17.0.7) (build 17.0.7+0-b2043.56-10550314)
# Java VM: OpenJDK 64-Bit Server VM (17.0.7+0-b2043.56-10550314, mixed mode, tiered, compressed oops, compressed class ptrs, g1 gc, windows-amd64)
GC Precious Log:
 CPUs: 12 total, 12 available
 Memory: 16147M
 Large Page Support: Disabled
 NUMA Support: Disabled
 Compressed Oops: Enabled (32-bit)
 Heap Region Size: 1M
 Heap Min Capacity: 8M
 Heap Initial Capacity: 254M
 Heap Max Capacity: 2G
 Pre-touch: Disabled
 Parallel Workers: 10
 Concurrent Workers: 3
 Concurrent Refinement Workers: 10
 Periodic GC: Disabled
Heap:
 garbage-first heap   total 358400K, used 160693K [0x0000000080000000, 0x0000000100000000)
  region size 1024K, 9 young (9216K), 9 survivors (9216K)
 Metaspace       used 157583K, committed 158912K, reserved 1245184K
  class space    used 21680K, committed 22336K, reserved 1048576K
GC Heap History (20 events):
Event: 7186.810 GC heap after
{Heap after GC invocations=102 (full 1):
 garbage-first heap   total 358400K, used 103659K [0x0000000080000000, 0x0000000100000000)
  region size 1024K, 0 young (0K), 0 survivors (0K)
 Metaspace       used 156072K, committed 157504K, reserved 1245184K
  class space    used 21610K, committed 22336K, reserved 1048576K
}
Event: 7635.259 GC heap before
{Heap before GC invocations=102 (full 1):
 garbage-first heap   total 358400K, used 193771K [0x0000000080000000, 0x0000000100000000)
  region size 1024K, 90 young (92160K), 0 survivors (0K)
 Metaspace       used 156415K, committed 157952K, reserved 1245184K
  class space    used 21660K, committed 22400K, reserved 1048576K
}
Event: 7635.274 GC heap after
{Heap after GC invocations=103 (full 1):
 garbage-first heap   total 358400K, used 112664K [0x0000000080000000, 0x0000000100000000)
  region size 1024K, 9 young (9216K), 9 survivors (9216K)
 Metaspace       used 156415K, committed 157952K, reserved 1245184K
  class space    used 21660K, committed 22400K, reserved 1048576K
}
Event: 7635.822 GC heap before
{Heap before GC invocations=104 (full 1):
 garbage-first heap   total 358400K, used 163864K [0x0000000080000000, 0x0000000100000000)
  region size 1024K, 59 young (60416K), 9 survivors (9216K)
 Metaspace       used 155678K, committed 157504K, reserved 1245184K
  class space    used 21501K, committed 22272K, reserved 1048576K
}
Event: 7635.839 GC heap after
{Heap after GC invocations=105 (full 1):
 garbage-first heap   total 358400K, used 130589K [0x0000000080000000, 0x0000000100000000)
  region size 1024K, 23 young (23552K), 23 survivors (23552K)
 Metaspace       used 155678K, committed 157504K, reserved 1245184K
  class space    used 21501K, committed 22272K, reserved 1048576K
}
Event: 7663.913 GC heap before
{Heap before GC invocations=106 (full 1):
 garbage-first heap   total 358400K, used 263709K [0x0000000080000000, 0x0000000100000000)
  region size 1024K, 139 young (142336K), 23 survivors (23552K)
 Metaspace       used 156681K, committed 158016K, reserved 1245184K
  class space    used 21620K, committed 22272K, reserved 1048576K
}
Event: 7663.935 GC heap after
{Heap after GC invocations=107 (full 1):
 garbage-first heap   total 358400K, used 137056K [0x0000000080000000, 0x0000000100000000)
  region size 1024K, 9 young (9216K), 9 survivors (9216K)
 Metaspace       used 156681K, committed 158016K, reserved 1245184K
  class space    used 21620K, committed 22272K, reserved 1048576K
}
Event: 7664.054 GC heap before
{Heap before GC invocations=107 (full 1):
 garbage-first heap   total 358400K, used 256864K [0x0000000080000000, 0x0000000100000000)
  region size 1024K, 127 young (130048K), 9 survivors (9216K)
 Metaspace       used 156923K, committed 158272K, reserved 1245184K
  class space    used 21640K, committed 22272K, reserved 1048576K
}
Event: 7664.067 GC heap after
{Heap after GC invocations=108 (full 1):
 garbage-first heap   total 358400K, used 149655K [0x0000000080000000, 0x0000000100000000)
  region size 1024K, 16 young (16384K), 16 survivors (16384K)
 Metaspace       used 156923K, committed 158272K, reserved 1245184K
  class space    used 21640K, committed 22272K, reserved 1048576K
}
Event: 7664.291 GC heap before
{Heap before GC invocations=109 (full 1):
 garbage-first heap   total 358400K, used 263319K [0x0000000080000000, 0x0000000100000000)
  region size 1024K, 130 young (133120K), 16 survivors (16384K)
 Metaspace       used 157178K, committed 158528K, reserved 1245184K
  class space    used 21679K, committed 22336K, reserved 1048576K
}
Event: 7664.303 GC heap after
{Heap after GC invocations=110 (full 1):
 garbage-first heap   total 358400K, used 150763K [0x0000000080000000, 0x0000000100000000)
  region size 1024K, 5 young (5120K), 5 survivors (5120K)
 Metaspace       used 157178K, committed 158528K, reserved 1245184K
  class space    used 21679K, committed 22336K, reserved 1048576K
}
Event: 7664.317 GC heap before
{Heap before GC invocations=110 (full 1):
 garbage-first heap   total 358400K, used 163051K [0x0000000080000000, 0x0000000100000000)
  region size 1024K, 17 young (17408K), 5 survivors (5120K)
 Metaspace       used 157178K, committed 158528K, reserved 1245184K
  class space    used 21679K, committed 22336K, reserved 1048576K
}
Event: 7664.323 GC heap after
{Heap after GC invocations=111 (full 1):
 garbage-first heap   total 358400K, used 150148K [0x0000000080000000, 0x0000000100000000)
  region size 1024K, 2 young (2048K), 2 survivors (2048K)
 Metaspace       used 157178K, committed 158528K, reserved 1245184K
  class space    used 21679K, committed 22336K, reserved 1048576K
}
Event: 7664.502 GC heap before
{Heap before GC invocations=111 (full 1):
 garbage-first heap   total 358400K, used 273028K [0x0000000080000000, 0x0000000100000000)
  region size 1024K, 123 young (125952K), 2 survivors (2048K)
 Metaspace       used 157217K, committed 158592K, reserved 1245184K
  class space    used 21680K, committed 22336K, reserved 1048576K
}
Event: 7664.507 GC heap after
{Heap after GC invocations=112 (full 1):
 garbage-first heap   total 358400K, used 152934K [0x0000000080000000, 0x0000000100000000)
  region size 1024K, 5 young (5120K), 5 survivors (5120K)
 Metaspace       used 157217K, committed 158592K, reserved 1245184K
  class space    used 21680K, committed 22336K, reserved 1048576K
}
Event: 7664.743 GC heap before
{Heap before GC invocations=113 (full 1):
 garbage-first heap   total 358400K, used 279910K [0x0000000080000000, 0x0000000100000000)
  region size 1024K, 130 young (133120K), 5 survivors (5120K)
 Metaspace       used 157488K, committed 158848K, reserved 1245184K
  class space    used 21680K, committed 22336K, reserved 1048576K
}
Event: 7664.749 GC heap after
{Heap after GC invocations=114 (full 1):
 garbage-first heap   total 358400K, used 156625K [0x0000000080000000, 0x0000000100000000)
  region size 1024K, 9 young (9216K), 9 survivors (9216K)
 Metaspace       used 157488K, committed 158848K, reserved 1245184K
  class space    used 21680K, committed 22336K, reserved 1048576K
}
Event: 7664.761 GC heap before
{Heap before GC invocations=114 (full 1):
 garbage-first heap   total 358400K, used 163793K [0x0000000080000000, 0x0000000100000000)
  region size 1024K, 17 young (17408K), 9 survivors (9216K)
 Metaspace       used 157488K, committed 158848K, reserved 1245184K
  class space    used 21680K, committed 22336K, reserved 1048576K
}
Event: 7664.776 GC heap after
{Heap after GC invocations=115 (full 1):
 garbage-first heap   total 358400K, used 153233K [0x0000000080000000, 0x0000000100000000)
  region size 1024K, 2 young (2048K), 2 survivors (2048K)
 Metaspace       used 157488K, committed 158848K, reserved 1245184K
  class space    used 21680K, committed 22336K, reserved 1048576K
}
Event: 7664.973 GC heap before
{Heap before GC invocations=115 (full 1):
 garbage-first heap   total 358400K, used 284305K [0x0000000080000000, 0x0000000100000000)
  region size 1024K, 131 young (134144K), 2 survivors (2048K)
 Metaspace       used 157583K, committed 158912K, reserved 1245184K
  class space    used 21680K, committed 22336K, reserved 1048576K
}

