# JRE version: OpenJDK Runtime Environment (17.0.7) (build 17.0.7+0-b2043.56-10550314)
# Java VM: OpenJDK 64-Bit Server VM (17.0.7+0-b2043.56-10550314, mixed mode, tiered, compressed oops, compressed class ptrs, g1 gc, windows-amd64)
GC Precious Log:
 CPUs: 12 total, 12 available
 Memory: 16147M
 Large Page Support: Disabled
 NUMA Support: Disabled
 Compressed Oops: Enabled (32-bit)
 Heap Region Size: 1M
 Heap Min Capacity: 8M
 Heap Initial Capacity: 254M
 Heap Max Capacity: 2G
 Pre-touch: Disabled
 Parallel Workers: 10
 Concurrent Workers: 3
 Concurrent Refinement Workers: 10
 Periodic GC: Disabled
Heap:
 garbage-first heap   total 320512K, used 172990K [0x0000000080000000, 0x0000000100000000)
  region size 1024K, 7 young (7168K), 7 survivors (7168K)
 Metaspace       used 124447K, committed 125312K, reserved 1179648K
  class space    used 18161K, committed 18560K, reserved 1048576K
GC Heap History (20 events):
Event: 19.298 GC heap after
{Heap after GC invocations=40 (full 0):
 garbage-first heap   total 320512K, used 117947K [0x0000000080000000, 0x0000000100000000)
  region size 1024K, 7 young (7168K), 7 survivors (7168K)
 Metaspace       used 100936K, committed 101696K, reserved 1179648K
  class space    used 13861K, committed 14208K, reserved 1048576K
}
Event: 20.182 GC heap before
{Heap before GC invocations=40 (full 0):
 garbage-first heap   total 320512K, used 246971K [0x0000000080000000, 0x0000000100000000)
  region size 1024K, 134 young (137216K), 7 survivors (7168K)
 Metaspace       used 102752K, committed 103424K, reserved 1179648K
  class space    used 14102K, committed 14400K, reserved 1048576K
}
Event: 20.195 GC heap after
{Heap after GC invocations=41 (full 0):
 garbage-first heap   total 320512K, used 127271K [0x0000000080000000, 0x0000000100000000)
  region size 1024K, 16 young (16384K), 16 survivors (16384K)
 Metaspace       used 102752K, committed 103424K, reserved 1179648K
  class space    used 14102K, committed 14400K, reserved 1048576K
}
Event: 20.842 GC heap before
{Heap before GC invocations=41 (full 0):
 garbage-first heap   total 320512K, used 241959K [0x0000000080000000, 0x0000000100000000)
  region size 1024K, 126 young (129024K), 16 survivors (16384K)
 Metaspace       used 105370K, committed 106048K, reserved 1179648K
  class space    used 14497K, committed 14848K, reserved 1048576K
}
Event: 20.857 GC heap after
{Heap after GC invocations=42 (full 0):
 garbage-first heap   total 320512K, used 147844K [0x0000000080000000, 0x0000000100000000)
  region size 1024K, 17 young (17408K), 17 survivors (17408K)
 Metaspace       used 105370K, committed 106048K, reserved 1179648K
  class space    used 14497K, committed 14848K, reserved 1048576K
}
Event: 21.652 GC heap before
{Heap before GC invocations=43 (full 0):
 garbage-first heap   total 320512K, used 250244K [0x0000000080000000, 0x0000000100000000)
  region size 1024K, 118 young (120832K), 17 survivors (17408K)
 Metaspace       used 110206K, committed 110976K, reserved 1179648K
  class space    used 15394K, committed 15744K, reserved 1048576K
}
Event: 21.671 GC heap after
{Heap after GC invocations=44 (full 0):
 garbage-first heap   total 320512K, used 161435K [0x0000000080000000, 0x0000000100000000)
  region size 1024K, 15 young (15360K), 15 survivors (15360K)
 Metaspace       used 110206K, committed 110976K, reserved 1179648K
  class space    used 15394K, committed 15744K, reserved 1048576K
}
Event: 21.679 GC heap before
{Heap before GC invocations=44 (full 0):
 garbage-first heap   total 320512K, used 162459K [0x0000000080000000, 0x0000000100000000)
  region size 1024K, 16 young (16384K), 15 survivors (15360K)
 Metaspace       used 110242K, committed 111040K, reserved 1179648K
  class space    used 15402K, committed 15808K, reserved 1048576K
}
Event: 21.688 GC heap after
{Heap after GC invocations=45 (full 0):
 garbage-first heap   total 320512K, used 163715K [0x0000000080000000, 0x0000000100000000)
  region size 1024K, 2 young (2048K), 2 survivors (2048K)
 Metaspace       used 110242K, committed 111040K, reserved 1179648K
  class space    used 15402K, committed 15808K, reserved 1048576K
}
Event: 22.431 GC heap before
{Heap before GC invocations=45 (full 0):
 garbage-first heap   total 320512K, used 253827K [0x0000000080000000, 0x0000000100000000)
  region size 1024K, 91 young (93184K), 2 survivors (2048K)
 Metaspace       used 115763K, committed 116608K, reserved 1179648K
  class space    used 16488K, committed 16896K, reserved 1048576K
}
Event: 22.441 GC heap after
{Heap after GC invocations=46 (full 0):
 garbage-first heap   total 320512K, used 170168K [0x0000000080000000, 0x0000000100000000)
  region size 1024K, 9 young (9216K), 9 survivors (9216K)
 Metaspace       used 115763K, committed 116608K, reserved 1179648K
  class space    used 16488K, committed 16896K, reserved 1048576K
}
Event: 23.043 GC heap before
{Heap before GC invocations=47 (full 0):
 garbage-first heap   total 320512K, used 255160K [0x0000000080000000, 0x0000000100000000)
  region size 1024K, 95 young (97280K), 9 survivors (9216K)
 Metaspace       used 121407K, committed 122240K, reserved 1179648K
  class space    used 17645K, committed 18048K, reserved 1048576K
}
Event: 23.052 GC heap after
{Heap after GC invocations=48 (full 0):
 garbage-first heap   total 320512K, used 170614K [0x0000000080000000, 0x0000000100000000)
  region size 1024K, 4 young (4096K), 4 survivors (4096K)
 Metaspace       used 121407K, committed 122240K, reserved 1179648K
  class space    used 17645K, committed 18048K, reserved 1048576K
}
Event: 23.101 GC heap before
{Heap before GC invocations=48 (full 0):
 garbage-first heap   total 320512K, used 181878K [0x0000000080000000, 0x0000000100000000)
  region size 1024K, 15 young (15360K), 4 survivors (4096K)
 Metaspace       used 121817K, committed 122624K, reserved 1179648K
  class space    used 17737K, committed 18112K, reserved 1048576K
}
Event: 23.108 GC heap after
{Heap after GC invocations=49 (full 0):
 garbage-first heap   total 320512K, used 167422K [0x0000000080000000, 0x0000000100000000)
  region size 1024K, 1 young (1024K), 1 survivors (1024K)
 Metaspace       used 121817K, committed 122624K, reserved 1179648K
  class space    used 17737K, committed 18112K, reserved 1048576K
}
Event: 23.376 GC heap before
{Heap before GC invocations=49 (full 0):
 garbage-first heap   total 320512K, used 260606K [0x0000000080000000, 0x0000000100000000)
  region size 1024K, 93 young (95232K), 1 survivors (1024K)
 Metaspace       used 123584K, committed 124416K, reserved 1179648K
  class space    used 18108K, committed 18496K, reserved 1048576K
}
Event: 23.381 GC heap after
{Heap after GC invocations=50 (full 0):
 garbage-first heap   total 320512K, used 171643K [0x0000000080000000, 0x0000000100000000)
  region size 1024K, 5 young (5120K), 5 survivors (5120K)
 Metaspace       used 123584K, committed 124416K, reserved 1179648K
  class space    used 18108K, committed 18496K, reserved 1048576K
}
Event: 23.625 GC heap before
{Heap before GC invocations=50 (full 0):
 garbage-first heap   total 320512K, used 263803K [0x0000000080000000, 0x0000000100000000)
  region size 1024K, 95 young (97280K), 5 survivors (5120K)
 Metaspace       used 124163K, committed 124992K, reserved 1179648K
  class space    used 18157K, committed 18560K, reserved 1048576K
}
Event: 23.631 GC heap after
{Heap after GC invocations=51 (full 0):
 garbage-first heap   total 320512K, used 173430K [0x0000000080000000, 0x0000000100000000)
  region size 1024K, 7 young (7168K), 7 survivors (7168K)
 Metaspace       used 124163K, committed 124992K, reserved 1179648K
  class space    used 18157K, committed 18560K, reserved 1048576K
}
Event: 23.853 GC heap before
{Heap before GC invocations=51 (full 0):
 garbage-first heap   total 320512K, used 266614K [0x0000000080000000, 0x0000000100000000)
  region size 1024K, 98 young (100352K), 7 survivors (7168K)
 Metaspace       used 124447K, committed 125312K, reserved 1179648K
  class space    used 18161K, committed 18560K, reserved 1048576K
}

