# JRE version: OpenJDK Runtime Environment (17.0.7) (build 17.0.7+0-b2043.56-10550314)
# Java VM: OpenJDK 64-Bit Server VM (17.0.7+0-b2043.56-10550314, mixed mode, tiered, compressed oops, compressed class ptrs, g1 gc, windows-amd64)
GC Precious Log:
 CPUs: 12 total, 12 available
 Memory: 16147M
 Large Page Support: Disabled
 NUMA Support: Disabled
 Compressed Oops: Enabled (32-bit)
 Heap Region Size: 1M
 Heap Min Capacity: 8M
 Heap Initial Capacity: 254M
 Heap Max Capacity: 2G
 Pre-touch: Disabled
 Parallel Workers: 10
 Concurrent Workers: 3
 Concurrent Refinement Workers: 10
 Periodic GC: Disabled
Heap:
 garbage-first heap   total 394240K, used 170875K [0x0000000080000000, 0x0000000100000000)
  region size 1024K, 2 young (2048K), 2 survivors (2048K)
 Metaspace       used 149797K, committed 150848K, reserved 1179648K
  class space    used 20974K, committed 21504K, reserved 1048576K
GC Heap History (20 events):
Event: 894.276 GC heap after
{Heap after GC invocations=66 (full 0):
 garbage-first heap   total 394240K, used 175058K [0x0000000080000000, 0x0000000100000000)
  region size 1024K, 5 young (5120K), 5 survivors (5120K)
 Metaspace       used 147826K, committed 148800K, reserved 1179648K
  class space    used 20814K, committed 21312K, reserved 1048576K
}
Event: 912.134 GC heap before
{Heap before GC invocations=66 (full 0):
 garbage-first heap   total 394240K, used 189394K [0x0000000080000000, 0x0000000100000000)
  region size 1024K, 19 young (19456K), 5 survivors (5120K)
 Metaspace       used 148153K, committed 149184K, reserved 1179648K
  class space    used 20867K, committed 21376K, reserved 1048576K
}
Event: 912.142 GC heap after
{Heap after GC invocations=67 (full 0):
 garbage-first heap   total 394240K, used 162187K [0x0000000080000000, 0x0000000100000000)
  region size 1024K, 2 young (2048K), 2 survivors (2048K)
 Metaspace       used 148153K, committed 149184K, reserved 1179648K
  class space    used 20867K, committed 21376K, reserved 1048576K
}
Event: 925.045 GC heap before
{Heap before GC invocations=67 (full 0):
 garbage-first heap   total 394240K, used 285067K [0x0000000080000000, 0x0000000100000000)
  region size 1024K, 123 young (125952K), 2 survivors (2048K)
 Metaspace       used 148454K, committed 149568K, reserved 1179648K
  class space    used 20884K, committed 21440K, reserved 1048576K
}
Event: 925.054 GC heap after
{Heap after GC invocations=68 (full 0):
 garbage-first heap   total 394240K, used 172228K [0x0000000080000000, 0x0000000100000000)
  region size 1024K, 12 young (12288K), 12 survivors (12288K)
 Metaspace       used 148454K, committed 149568K, reserved 1179648K
  class space    used 20884K, committed 21440K, reserved 1048576K
}
Event: 925.656 GC heap before
{Heap before GC invocations=69 (full 0):
 garbage-first heap   total 394240K, used 291012K [0x0000000080000000, 0x0000000100000000)
  region size 1024K, 132 young (135168K), 12 survivors (12288K)
 Metaspace       used 148601K, committed 149696K, reserved 1179648K
  class space    used 20892K, committed 21440K, reserved 1048576K
}
Event: 925.667 GC heap after
{Heap after GC invocations=70 (full 0):
 garbage-first heap   total 394240K, used 184073K [0x0000000080000000, 0x0000000100000000)
  region size 1024K, 15 young (15360K), 15 survivors (15360K)
 Metaspace       used 148601K, committed 149696K, reserved 1179648K
  class space    used 20892K, committed 21440K, reserved 1048576K
}
Event: 925.673 GC heap before
{Heap before GC invocations=70 (full 0):
 garbage-first heap   total 394240K, used 188169K [0x0000000080000000, 0x0000000100000000)
  region size 1024K, 20 young (20480K), 15 survivors (15360K)
 Metaspace       used 148605K, committed 149696K, reserved 1179648K
  class space    used 20892K, committed 21440K, reserved 1048576K
}
Event: 925.684 GC heap after
{Heap after GC invocations=71 (full 0):
 garbage-first heap   total 394240K, used 173791K [0x0000000080000000, 0x0000000100000000)
  region size 1024K, 3 young (3072K), 3 survivors (3072K)
 Metaspace       used 148605K, committed 149696K, reserved 1179648K
  class space    used 20892K, committed 21440K, reserved 1048576K
}
Event: 925.986 GC heap before
{Heap before GC invocations=71 (full 0):
 garbage-first heap   total 394240K, used 299743K [0x0000000080000000, 0x0000000100000000)
  region size 1024K, 126 young (129024K), 3 survivors (3072K)
 Metaspace       used 149287K, committed 150400K, reserved 1179648K
  class space    used 20957K, committed 21504K, reserved 1048576K
}
Event: 925.995 GC heap after
{Heap after GC invocations=72 (full 0):
 garbage-first heap   total 394240K, used 179614K [0x0000000080000000, 0x0000000100000000)
  region size 1024K, 9 young (9216K), 9 survivors (9216K)
 Metaspace       used 149287K, committed 150400K, reserved 1179648K
  class space    used 20957K, committed 21504K, reserved 1048576K
}
Event: 926.262 GC heap before
{Heap before GC invocations=73 (full 0):
 garbage-first heap   total 394240K, used 305566K [0x0000000080000000, 0x0000000100000000)
  region size 1024K, 133 young (136192K), 9 survivors (9216K)
 Metaspace       used 149424K, committed 150528K, reserved 1179648K
  class space    used 20965K, committed 21504K, reserved 1048576K
}
Event: 926.269 GC heap after
{Heap after GC invocations=74 (full 0):
 garbage-first heap   total 394240K, used 182411K [0x0000000080000000, 0x0000000100000000)
  region size 1024K, 12 young (12288K), 12 survivors (12288K)
 Metaspace       used 149424K, committed 150528K, reserved 1179648K
  class space    used 20965K, committed 21504K, reserved 1048576K
}
Event: 926.282 GC heap before
{Heap before GC invocations=74 (full 0):
 garbage-first heap   total 394240K, used 189579K [0x0000000080000000, 0x0000000100000000)
  region size 1024K, 19 young (19456K), 12 survivors (12288K)
 Metaspace       used 149426K, committed 150528K, reserved 1179648K
  class space    used 20965K, committed 21504K, reserved 1048576K
}
Event: 926.294 GC heap after
{Heap after GC invocations=75 (full 0):
 garbage-first heap   total 394240K, used 170700K [0x0000000080000000, 0x0000000100000000)
  region size 1024K, 2 young (2048K), 2 survivors (2048K)
 Metaspace       used 149426K, committed 150528K, reserved 1179648K
  class space    used 20965K, committed 21504K, reserved 1048576K
}
Event: 926.520 GC heap before
{Heap before GC invocations=75 (full 0):
 garbage-first heap   total 394240K, used 310988K [0x0000000080000000, 0x0000000100000000)
  region size 1024K, 139 young (142336K), 2 survivors (2048K)
 Metaspace       used 149655K, committed 150720K, reserved 1179648K
  class space    used 20970K, committed 21504K, reserved 1048576K
}
Event: 926.525 GC heap after
{Heap after GC invocations=76 (full 0):
 garbage-first heap   total 394240K, used 173792K [0x0000000080000000, 0x0000000100000000)
  region size 1024K, 5 young (5120K), 5 survivors (5120K)
 Metaspace       used 149655K, committed 150720K, reserved 1179648K
  class space    used 20970K, committed 21504K, reserved 1048576K
}
Event: 926.789 GC heap before
{Heap before GC invocations=77 (full 0):
 garbage-first heap   total 394240K, used 317152K [0x0000000080000000, 0x0000000100000000)
  region size 1024K, 145 young (148480K), 5 survivors (5120K)
 Metaspace       used 149779K, committed 150848K, reserved 1179648K
  class space    used 20974K, committed 21504K, reserved 1048576K
}
Event: 926.794 GC heap after
{Heap after GC invocations=78 (full 0):
 garbage-first heap   total 394240K, used 175793K [0x0000000080000000, 0x0000000100000000)
  region size 1024K, 7 young (7168K), 7 survivors (7168K)
 Metaspace       used 149779K, committed 150848K, reserved 1179648K
  class space    used 20974K, committed 21504K, reserved 1048576K
}
Event: 926.813 GC heap before
{Heap before GC invocations=78 (full 0):
 garbage-first heap   total 394240K, used 188081K [0x0000000080000000, 0x0000000100000000)
  region size 1024K, 19 young (19456K), 7 survivors (7168K)
 Metaspace       used 149797K, committed 150848K, reserved 1179648K
  class space    used 20974K, committed 21504K, reserved 1048576K
}

