# JRE version: OpenJDK Runtime Environment (17.0.7) (build 17.0.7+0-b2043.56-10550314)
# Java VM: OpenJDK 64-Bit Server VM (17.0.7+0-b2043.56-10550314, mixed mode, tiered, compressed oops, compressed class ptrs, g1 gc, windows-amd64)
GC Precious Log:
 CPUs: 12 total, 12 available
 Memory: 16147M
 Large Page Support: Disabled
 NUMA Support: Disabled
 Compressed Oops: Enabled (32-bit)
 Heap Region Size: 1M
 Heap Min Capacity: 8M
 Heap Initial Capacity: 254M
 Heap Max Capacity: 2G
 Pre-touch: Disabled
 Parallel Workers: 10
 Concurrent Workers: 3
 Concurrent Refinement Workers: 10
 Periodic GC: Disabled
Heap:
 garbage-first heap   total 365568K, used 169896K [0x0000000080000000, 0x0000000100000000)
  region size 1024K, 31 young (31744K), 2 survivors (2048K)
 Metaspace       used 124344K, committed 125568K, reserved 1179648K
  class space    used 16302K, committed 16896K, reserved 1048576K
GC Heap History (20 events):
Event: 4430.806 GC heap before
{Heap before GC invocations=59 (full 1):
 garbage-first heap   total 365568K, used 145504K [0x0000000080000000, 0x0000000100000000)
  region size 1024K, 17 young (17408K), 7 survivors (7168K)
 Metaspace       used 121229K, committed 121920K, reserved 1179648K
  class space    used 16003K, committed 16384K, reserved 1048576K
}
Event: 4430.813 GC heap after
{Heap after GC invocations=60 (full 1):
 garbage-first heap   total 365568K, used 136551K [0x0000000080000000, 0x0000000100000000)
  region size 1024K, 2 young (2048K), 2 survivors (2048K)
 Metaspace       used 121229K, committed 121920K, reserved 1179648K
  class space    used 16003K, committed 16384K, reserved 1048576K
}
Event: 4893.912 GC heap before
{Heap before GC invocations=60 (full 1):
 garbage-first heap   total 365568K, used 245095K [0x0000000080000000, 0x0000000100000000)
  region size 1024K, 109 young (111616K), 2 survivors (2048K)
 Metaspace       used 121776K, committed 122560K, reserved 1179648K
  class space    used 16057K, committed 16448K, reserved 1048576K
}
Event: 4893.919 GC heap after
{Heap after GC invocations=61 (full 1):
 garbage-first heap   total 365568K, used 141696K [0x0000000080000000, 0x0000000100000000)
  region size 1024K, 7 young (7168K), 7 survivors (7168K)
 Metaspace       used 121776K, committed 122560K, reserved 1179648K
  class space    used 16057K, committed 16448K, reserved 1048576K
}
Event: 5041.984 GC heap before
{Heap before GC invocations=61 (full 1):
 garbage-first heap   total 365568K, used 255360K [0x0000000080000000, 0x0000000100000000)
  region size 1024K, 119 young (121856K), 7 survivors (7168K)
 Metaspace       used 122159K, committed 123008K, reserved 1179648K
  class space    used 16080K, committed 16512K, reserved 1048576K
}
Event: 5041.987 GC heap after
{Heap after GC invocations=62 (full 1):
 garbage-first heap   total 365568K, used 137969K [0x0000000080000000, 0x0000000100000000)
  region size 1024K, 3 young (3072K), 3 survivors (3072K)
 Metaspace       used 122159K, committed 123008K, reserved 1179648K
  class space    used 16080K, committed 16512K, reserved 1048576K
}
Event: 5057.604 GC heap before
{Heap before GC invocations=62 (full 1):
 garbage-first heap   total 365568K, used 264945K [0x0000000080000000, 0x0000000100000000)
  region size 1024K, 128 young (131072K), 3 survivors (3072K)
 Metaspace       used 122614K, committed 123520K, reserved 1179648K
  class space    used 16117K, committed 16576K, reserved 1048576K
}
Event: 5057.614 GC heap after
{Heap after GC invocations=63 (full 1):
 garbage-first heap   total 365568K, used 148028K [0x0000000080000000, 0x0000000100000000)
  region size 1024K, 13 young (13312K), 13 survivors (13312K)
 Metaspace       used 122614K, committed 123520K, reserved 1179648K
  class space    used 16117K, committed 16576K, reserved 1048576K
}
Event: 5079.125 GC heap before
{Heap before GC invocations=64 (full 1):
 garbage-first heap   total 365568K, used 261692K [0x0000000080000000, 0x0000000100000000)
  region size 1024K, 135 young (138240K), 13 survivors (13312K)
 Metaspace       used 122880K, committed 123840K, reserved 1179648K
  class space    used 16120K, committed 16576K, reserved 1048576K
}
Event: 5079.138 GC heap after
{Heap after GC invocations=65 (full 1):
 garbage-first heap   total 365568K, used 139505K [0x0000000080000000, 0x0000000100000000)
  region size 1024K, 12 young (12288K), 12 survivors (12288K)
 Metaspace       used 122880K, committed 123840K, reserved 1179648K
  class space    used 16120K, committed 16576K, reserved 1048576K
}
Event: 5079.175 GC heap before
{Heap before GC invocations=65 (full 1):
 garbage-first heap   total 365568K, used 144625K [0x0000000080000000, 0x0000000100000000)
  region size 1024K, 17 young (17408K), 12 survivors (12288K)
 Metaspace       used 122891K, committed 123840K, reserved 1179648K
  class space    used 16121K, committed 16576K, reserved 1048576K
}
Event: 5079.185 GC heap after
{Heap after GC invocations=66 (full 1):
 garbage-first heap   total 365568K, used 136335K [0x0000000080000000, 0x0000000100000000)
  region size 1024K, 2 young (2048K), 2 survivors (2048K)
 Metaspace       used 122891K, committed 123840K, reserved 1179648K
  class space    used 16121K, committed 16576K, reserved 1048576K
}
Event: 5097.517 GC heap before
{Heap before GC invocations=66 (full 1):
 garbage-first heap   total 365568K, used 273551K [0x0000000080000000, 0x0000000100000000)
  region size 1024K, 137 young (140288K), 2 survivors (2048K)
 Metaspace       used 123305K, committed 124224K, reserved 1179648K
  class space    used 16148K, committed 16640K, reserved 1048576K
}
Event: 5097.527 GC heap after
{Heap after GC invocations=67 (full 1):
 garbage-first heap   total 365568K, used 145391K [0x0000000080000000, 0x0000000100000000)
  region size 1024K, 11 young (11264K), 11 survivors (11264K)
 Metaspace       used 123305K, committed 124224K, reserved 1179648K
  class space    used 16148K, committed 16640K, reserved 1048576K
}
Event: 5195.224 GC heap before
{Heap before GC invocations=67 (full 1):
 garbage-first heap   total 365568K, used 278511K [0x0000000080000000, 0x0000000100000000)
  region size 1024K, 142 young (145408K), 11 survivors (11264K)
 Metaspace       used 123511K, committed 124480K, reserved 1179648K
  class space    used 16149K, committed 16640K, reserved 1048576K
}
Event: 5195.235 GC heap after
{Heap after GC invocations=68 (full 1):
 garbage-first heap   total 365568K, used 147556K [0x0000000080000000, 0x0000000100000000)
  region size 1024K, 11 young (11264K), 11 survivors (11264K)
 Metaspace       used 123511K, committed 124480K, reserved 1179648K
  class space    used 16149K, committed 16640K, reserved 1048576K
}
Event: 5220.451 GC heap before
{Heap before GC invocations=69 (full 1):
 garbage-first heap   total 365568K, used 279652K [0x0000000080000000, 0x0000000100000000)
  region size 1024K, 143 young (146432K), 11 survivors (11264K)
 Metaspace       used 124156K, committed 125312K, reserved 1179648K
  class space    used 16256K, committed 16832K, reserved 1048576K
}
Event: 5220.462 GC heap after
{Heap after GC invocations=70 (full 1):
 garbage-first heap   total 365568K, used 148102K [0x0000000080000000, 0x0000000100000000)
  region size 1024K, 12 young (12288K), 12 survivors (12288K)
 Metaspace       used 124156K, committed 125312K, reserved 1179648K
  class space    used 16256K, committed 16832K, reserved 1048576K
}
Event: 5220.521 GC heap before
{Heap before GC invocations=70 (full 1):
 garbage-first heap   total 365568K, used 152198K [0x0000000080000000, 0x0000000100000000)
  region size 1024K, 17 young (17408K), 12 survivors (12288K)
 Metaspace       used 124216K, committed 125376K, reserved 1179648K
  class space    used 16272K, committed 16832K, reserved 1048576K
}
Event: 5220.530 GC heap after
{Heap after GC invocations=71 (full 1):
 garbage-first heap   total 365568K, used 142248K [0x0000000080000000, 0x0000000100000000)
  region size 1024K, 2 young (2048K), 2 survivors (2048K)
 Metaspace       used 124216K, committed 125376K, reserved 1179648K
  class space    used 16272K, committed 16832K, reserved 1048576K
}

