# JRE version: OpenJDK Runtime Environment (17.0.7) (build 17.0.7+0-b2043.56-10550314)
# Java VM: OpenJDK 64-Bit Server VM (17.0.7+0-b2043.56-10550314, mixed mode, tiered, compressed oops, compressed class ptrs, g1 gc, windows-amd64)
GC Precious Log:
 CPUs: 12 total, 12 available
 Memory: 16147M
 Large Page Support: Disabled
 NUMA Support: Disabled
 Compressed Oops: Enabled (32-bit)
 Heap Region Size: 1M
 Heap Min Capacity: 8M
 Heap Initial Capacity: 254M
 Heap Max Capacity: 2G
 Pre-touch: Disabled
 Parallel Workers: 10
 Concurrent Workers: 3
 Concurrent Refinement Workers: 10
 Periodic GC: Disabled
Heap:
 garbage-first heap   total 359424K, used 160346K [0x0000000080000000, 0x0000000100000000)
  region size 1024K, 6 young (6144K), 6 survivors (6144K)
 Metaspace       used 147955K, committed 149056K, reserved 1179648K
  class space    used 20777K, committed 21312K, reserved 1048576K
GC Heap History (20 events):
Event: 447.965 GC heap after
{Heap after GC invocations=67 (full 0):
 garbage-first heap   total 359424K, used 153820K [0x0000000080000000, 0x0000000100000000)
  region size 1024K, 3 young (3072K), 3 survivors (3072K)
 Metaspace       used 146074K, committed 147072K, reserved 1179648K
  class space    used 20737K, committed 21248K, reserved 1048576K
}
Event: 451.318 GC heap before
{Heap before GC invocations=67 (full 0):
 garbage-first heap   total 359424K, used 223452K [0x0000000080000000, 0x0000000100000000)
  region size 1024K, 73 young (74752K), 3 survivors (3072K)
 Metaspace       used 146386K, committed 147520K, reserved 1179648K
  class space    used 20754K, committed 21312K, reserved 1048576K
}
Event: 451.322 GC heap after
{Heap after GC invocations=68 (full 0):
 garbage-first heap   total 359424K, used 153051K [0x0000000080000000, 0x0000000100000000)
  region size 1024K, 2 young (2048K), 2 survivors (2048K)
 Metaspace       used 146386K, committed 147520K, reserved 1179648K
  class space    used 20754K, committed 21312K, reserved 1048576K
}
Event: 540.881 GC heap before
{Heap before GC invocations=69 (full 0):
 garbage-first heap   total 359424K, used 328155K [0x0000000080000000, 0x0000000100000000)
  region size 1024K, 141 young (144384K), 2 survivors (2048K)
 Metaspace       used 146720K, committed 147840K, reserved 1179648K
  class space    used 20757K, committed 21312K, reserved 1048576K
}
Event: 540.893 GC heap after
{Heap after GC invocations=70 (full 0):
 garbage-first heap   total 359424K, used 164844K [0x0000000080000000, 0x0000000100000000)
  region size 1024K, 14 young (14336K), 14 survivors (14336K)
 Metaspace       used 146720K, committed 147840K, reserved 1179648K
  class space    used 20757K, committed 21312K, reserved 1048576K
}
Event: 540.901 GC heap before
{Heap before GC invocations=70 (full 0):
 garbage-first heap   total 359424K, used 167916K [0x0000000080000000, 0x0000000100000000)
  region size 1024K, 17 young (17408K), 14 survivors (14336K)
 Metaspace       used 146720K, committed 147840K, reserved 1179648K
  class space    used 20757K, committed 21312K, reserved 1048576K
}
Event: 540.913 GC heap after
{Heap after GC invocations=71 (full 0):
 garbage-first heap   total 359424K, used 155991K [0x0000000080000000, 0x0000000100000000)
  region size 1024K, 2 young (2048K), 2 survivors (2048K)
 Metaspace       used 146720K, committed 147840K, reserved 1179648K
  class space    used 20757K, committed 21312K, reserved 1048576K
}
Event: 541.339 GC heap before
{Heap before GC invocations=71 (full 0):
 garbage-first heap   total 359424K, used 194903K [0x0000000080000000, 0x0000000100000000)
  region size 1024K, 42 young (43008K), 2 survivors (2048K)
 Metaspace       used 146838K, committed 147904K, reserved 1179648K
  class space    used 20758K, committed 21312K, reserved 1048576K
}
Event: 541.343 GC heap after
{Heap after GC invocations=72 (full 0):
 garbage-first heap   total 359424K, used 155807K [0x0000000080000000, 0x0000000100000000)
  region size 1024K, 2 young (2048K), 2 survivors (2048K)
 Metaspace       used 146838K, committed 147904K, reserved 1179648K
  class space    used 20758K, committed 21312K, reserved 1048576K
}
Event: 621.956 GC heap before
{Heap before GC invocations=73 (full 0):
 garbage-first heap   total 359424K, used 327839K [0x0000000080000000, 0x0000000100000000)
  region size 1024K, 138 young (141312K), 2 survivors (2048K)
 Metaspace       used 147242K, committed 148352K, reserved 1179648K
  class space    used 20774K, committed 21312K, reserved 1048576K
}
Event: 621.968 GC heap after
{Heap after GC invocations=74 (full 0):
 garbage-first heap   total 359424K, used 168851K [0x0000000080000000, 0x0000000100000000)
  region size 1024K, 15 young (15360K), 15 survivors (15360K)
 Metaspace       used 147242K, committed 148352K, reserved 1179648K
  class space    used 20774K, committed 21312K, reserved 1048576K
}
Event: 621.973 GC heap before
{Heap before GC invocations=74 (full 0):
 garbage-first heap   total 359424K, used 170899K [0x0000000080000000, 0x0000000100000000)
  region size 1024K, 17 young (17408K), 15 survivors (15360K)
 Metaspace       used 147242K, committed 148352K, reserved 1179648K
  class space    used 20774K, committed 21312K, reserved 1048576K
}
Event: 621.985 GC heap after
{Heap after GC invocations=75 (full 0):
 garbage-first heap   total 359424K, used 158679K [0x0000000080000000, 0x0000000100000000)
  region size 1024K, 2 young (2048K), 2 survivors (2048K)
 Metaspace       used 147242K, committed 148352K, reserved 1179648K
  class space    used 20774K, committed 21312K, reserved 1048576K
}
Event: 622.398 GC heap before
{Heap before GC invocations=75 (full 0):
 garbage-first heap   total 359424K, used 196567K [0x0000000080000000, 0x0000000100000000)
  region size 1024K, 41 young (41984K), 2 survivors (2048K)
 Metaspace       used 147481K, committed 148544K, reserved 1179648K
  class space    used 20775K, committed 21312K, reserved 1048576K
}
Event: 622.401 GC heap after
{Heap after GC invocations=76 (full 0):
 garbage-first heap   total 359424K, used 157893K [0x0000000080000000, 0x0000000100000000)
  region size 1024K, 2 young (2048K), 2 survivors (2048K)
 Metaspace       used 147481K, committed 148544K, reserved 1179648K
  class space    used 20775K, committed 21312K, reserved 1048576K
}
Event: 1127.001 GC heap before
{Heap before GC invocations=77 (full 0):
 garbage-first heap   total 359424K, used 326853K [0x0000000080000000, 0x0000000100000000)
  region size 1024K, 135 young (138240K), 2 survivors (2048K)
 Metaspace       used 147801K, committed 148928K, reserved 1179648K
  class space    used 20777K, committed 21312K, reserved 1048576K
}
Event: 1127.013 GC heap after
{Heap after GC invocations=78 (full 0):
 garbage-first heap   total 359424K, used 169227K [0x0000000080000000, 0x0000000100000000)
  region size 1024K, 13 young (13312K), 13 survivors (13312K)
 Metaspace       used 147801K, committed 148928K, reserved 1179648K
  class space    used 20777K, committed 21312K, reserved 1048576K
}
Event: 1127.019 GC heap before
{Heap before GC invocations=78 (full 0):
 garbage-first heap   total 359424K, used 173323K [0x0000000080000000, 0x0000000100000000)
  region size 1024K, 17 young (17408K), 13 survivors (13312K)
 Metaspace       used 147807K, committed 148928K, reserved 1179648K
  class space    used 20777K, committed 21312K, reserved 1048576K
}
Event: 1127.031 GC heap after
{Heap after GC invocations=79 (full 0):
 garbage-first heap   total 359424K, used 156528K [0x0000000080000000, 0x0000000100000000)
  region size 1024K, 2 young (2048K), 2 survivors (2048K)
 Metaspace       used 147807K, committed 148928K, reserved 1179648K
  class space    used 20777K, committed 21312K, reserved 1048576K
}
Event: 1127.227 GC heap before
{Heap before GC invocations=79 (full 0):
 garbage-first heap   total 359424K, used 290672K [0x0000000080000000, 0x0000000100000000)
  region size 1024K, 134 young (137216K), 2 survivors (2048K)
 Metaspace       used 147955K, committed 149056K, reserved 1179648K
  class space    used 20777K, committed 21312K, reserved 1048576K
}

