# JRE version: OpenJDK Runtime Environment (17.0.7) (build 17.0.7+0-b2043.56-10550314)
# Java VM: OpenJDK 64-Bit Server VM (17.0.7+0-b2043.56-10550314, mixed mode, tiered, compressed oops, compressed class ptrs, g1 gc, windows-amd64)
GC Precious Log:
 CPUs: 12 total, 12 available
 Memory: 16147M
 Large Page Support: Disabled
 NUMA Support: Disabled
 Compressed Oops: Enabled (Zero based)
 Heap Region Size: 2M
 Heap Min Capacity: 8M
 Heap Initial Capacity: 254M
 Heap Max Capacity: 4038M
 Pre-touch: Disabled
 Parallel Workers: 10
 Concurrent Workers: 3
 Concurrent Refinement Workers: 10
 Periodic GC: Disabled
Heap:
 garbage-first heap   total 260096K, used 140597K [0x0000000703a00000, 0x0000000800000000)
  region size 2048K, 4 young (8192K), 4 survivors (8192K)
 Metaspace       used 96711K, committed 97152K, reserved 1179648K
  class space    used 10167K, committed 10368K, reserved 1048576K
GC Heap History (20 events):
Event: 14.174 GC heap after
{Heap after GC invocations=24 (full 0):
 garbage-first heap   total 206848K, used 104036K [0x0000000703a00000, 0x0000000800000000)
  region size 2048K, 3 young (6144K), 3 survivors (6144K)
 Metaspace       used 74967K, committed 75264K, reserved 1179648K
  class space    used 8238K, committed 8384K, reserved 1048576K
}
Event: 15.413 GC heap before
{Heap before GC invocations=24 (full 0):
 garbage-first heap   total 206848K, used 165476K [0x0000000703a00000, 0x0000000800000000)
  region size 2048K, 33 young (67584K), 3 survivors (6144K)
 Metaspace       used 78398K, committed 78784K, reserved 1179648K
  class space    used 8607K, committed 8768K, reserved 1048576K
}
Event: 15.434 GC heap after
{Heap after GC invocations=25 (full 0):
 garbage-first heap   total 206848K, used 116126K [0x0000000703a00000, 0x0000000800000000)
  region size 2048K, 5 young (10240K), 5 survivors (10240K)
 Metaspace       used 78398K, committed 78784K, reserved 1179648K
  class space    used 8607K, committed 8768K, reserved 1048576K
}
Event: 16.326 GC heap before
{Heap before GC invocations=26 (full 0):
 garbage-first heap   total 206848K, used 163230K [0x0000000703a00000, 0x0000000800000000)
  region size 2048K, 29 young (59392K), 5 survivors (10240K)
 Metaspace       used 81809K, committed 82176K, reserved 1179648K
  class space    used 8970K, committed 9152K, reserved 1048576K
}
Event: 16.346 GC heap after
{Heap after GC invocations=27 (full 0):
 garbage-first heap   total 206848K, used 122645K [0x0000000703a00000, 0x0000000800000000)
  region size 2048K, 3 young (6144K), 3 survivors (6144K)
 Metaspace       used 81809K, committed 82176K, reserved 1179648K
  class space    used 8970K, committed 9152K, reserved 1048576K
}
Event: 17.015 GC heap before
{Heap before GC invocations=27 (full 0):
 garbage-first heap   total 206848K, used 165653K [0x0000000703a00000, 0x0000000800000000)
  region size 2048K, 24 young (49152K), 3 survivors (6144K)
 Metaspace       used 88207K, committed 88640K, reserved 1179648K
  class space    used 9644K, committed 9856K, reserved 1048576K
}
Event: 17.026 GC heap after
{Heap after GC invocations=28 (full 0):
 garbage-first heap   total 249856K, used 127298K [0x0000000703a00000, 0x0000000800000000)
  region size 2048K, 3 young (6144K), 3 survivors (6144K)
 Metaspace       used 88207K, committed 88640K, reserved 1179648K
  class space    used 9644K, committed 9856K, reserved 1048576K
}
Event: 18.153 GC heap before
{Heap before GC invocations=29 (full 0):
 garbage-first heap   total 249856K, used 196930K [0x0000000703a00000, 0x0000000800000000)
  region size 2048K, 38 young (77824K), 3 survivors (6144K)
 Metaspace       used 90563K, committed 91008K, reserved 1179648K
  class space    used 9760K, committed 9984K, reserved 1048576K
}
Event: 18.163 GC heap after
{Heap after GC invocations=30 (full 0):
 garbage-first heap   total 249856K, used 128952K [0x0000000703a00000, 0x0000000800000000)
  region size 2048K, 4 young (8192K), 4 survivors (8192K)
 Metaspace       used 90563K, committed 91008K, reserved 1179648K
  class space    used 9760K, committed 9984K, reserved 1048576K
}
Event: 18.248 GC heap before
{Heap before GC invocations=30 (full 0):
 garbage-first heap   total 249856K, used 133048K [0x0000000703a00000, 0x0000000800000000)
  region size 2048K, 6 young (12288K), 4 survivors (8192K)
 Metaspace       used 91661K, committed 92032K, reserved 1179648K
  class space    used 9851K, committed 10048K, reserved 1048576K
}
Event: 18.256 GC heap after
{Heap after GC invocations=31 (full 0):
 garbage-first heap   total 249856K, used 126253K [0x0000000703a00000, 0x0000000800000000)
  region size 2048K, 1 young (2048K), 1 survivors (2048K)
 Metaspace       used 91661K, committed 92032K, reserved 1179648K
  class space    used 9851K, committed 10048K, reserved 1048576K
}
Event: 19.361 GC heap before
{Heap before GC invocations=31 (full 0):
 garbage-first heap   total 249856K, used 202029K [0x0000000703a00000, 0x0000000800000000)
  region size 2048K, 38 young (77824K), 1 survivors (2048K)
 Metaspace       used 95964K, committed 96384K, reserved 1179648K
  class space    used 10159K, committed 10368K, reserved 1048576K
}
Event: 19.366 GC heap after
{Heap after GC invocations=32 (full 0):
 garbage-first heap   total 249856K, used 130346K [0x0000000703a00000, 0x0000000800000000)
  region size 2048K, 3 young (6144K), 3 survivors (6144K)
 Metaspace       used 95964K, committed 96384K, reserved 1179648K
  class space    used 10159K, committed 10368K, reserved 1048576K
}
Event: 19.872 GC heap before
{Heap before GC invocations=33 (full 0):
 garbage-first heap   total 249856K, used 204074K [0x0000000703a00000, 0x0000000800000000)
  region size 2048K, 39 young (79872K), 3 survivors (6144K)
 Metaspace       used 96467K, committed 96896K, reserved 1179648K
  class space    used 10162K, committed 10368K, reserved 1048576K
}
Event: 19.878 GC heap after
{Heap after GC invocations=34 (full 0):
 garbage-first heap   total 249856K, used 135531K [0x0000000703a00000, 0x0000000800000000)
  region size 2048K, 3 young (6144K), 3 survivors (6144K)
 Metaspace       used 96467K, committed 96896K, reserved 1179648K
  class space    used 10162K, committed 10368K, reserved 1048576K
}
Event: 19.894 GC heap before
{Heap before GC invocations=34 (full 0):
 garbage-first heap   total 249856K, used 141675K [0x0000000703a00000, 0x0000000800000000)
  region size 2048K, 6 young (12288K), 3 survivors (6144K)
 Metaspace       used 96473K, committed 96896K, reserved 1179648K
  class space    used 10162K, committed 10368K, reserved 1048576K
}
Event: 19.899 GC heap after
{Heap after GC invocations=35 (full 0):
 garbage-first heap   total 249856K, used 133072K [0x0000000703a00000, 0x0000000800000000)
  region size 2048K, 1 young (2048K), 1 survivors (2048K)
 Metaspace       used 96473K, committed 96896K, reserved 1179648K
  class space    used 10162K, committed 10368K, reserved 1048576K
}
Event: 20.255 GC heap before
{Heap before GC invocations=35 (full 0):
 garbage-first heap   total 249856K, used 204752K [0x0000000703a00000, 0x0000000800000000)
  region size 2048K, 36 young (73728K), 1 survivors (2048K)
 Metaspace       used 96622K, committed 97024K, reserved 1179648K
  class space    used 10166K, committed 10368K, reserved 1048576K
}
Event: 20.259 GC heap after
{Heap after GC invocations=36 (full 0):
 garbage-first heap   total 249856K, used 137036K [0x0000000703a00000, 0x0000000800000000)
  region size 2048K, 3 young (6144K), 3 survivors (6144K)
 Metaspace       used 96622K, committed 97024K, reserved 1179648K
  class space    used 10166K, committed 10368K, reserved 1048576K
}
Event: 20.547 GC heap before
{Heap before GC invocations=36 (full 0):
 garbage-first heap   total 249856K, used 204620K [0x0000000703a00000, 0x0000000800000000)
  region size 2048K, 36 young (73728K), 3 survivors (6144K)
 Metaspace       used 96711K, committed 97152K, reserved 1179648K
  class space    used 10167K, committed 10368K, reserved 1048576K
}

