# JRE version: OpenJDK Runtime Environment (17.0.7) (build 17.0.7+0-b2043.56-10550314)
# Java VM: OpenJDK 64-Bit Server VM (17.0.7+0-b2043.56-10550314, mixed mode, tiered, compressed oops, compressed class ptrs, g1 gc, windows-amd64)
GC Precious Log:
 CPUs: 12 total, 12 available
 Memory: 16147M
 Large Page Support: Disabled
 NUMA Support: Disabled
 Compressed Oops: Enabled (32-bit)
 Heap Region Size: 1M
 Heap Min Capacity: 8M
 Heap Initial Capacity: 254M
 Heap Max Capacity: 2G
 Pre-touch: Disabled
 Parallel Workers: 10
 Concurrent Workers: 3
 Concurrent Refinement Workers: 10
 Periodic GC: Disabled
Heap:
 garbage-first heap   total 309248K, used 149625K [0x0000000080000000, 0x0000000100000000)
  region size 1024K, 2 young (2048K), 2 survivors (2048K)
 Metaspace       used 141152K, committed 142272K, reserved 1179648K
  class space    used 19947K, committed 20480K, reserved 1048576K
GC Heap History (20 events):
Event: 211.836 GC heap after
{Heap after GC invocations=56 (full 0):
 garbage-first heap   total 291840K, used 149768K [0x0000000080000000, 0x0000000100000000)
  region size 1024K, 1 young (1024K), 1 survivors (1024K)
 Metaspace       used 139023K, committed 139968K, reserved 1179648K
  class space    used 19882K, committed 20352K, reserved 1048576K
}
Event: 214.414 GC heap before
{Heap before GC invocations=56 (full 0):
 garbage-first heap   total 291840K, used 239880K [0x0000000080000000, 0x0000000100000000)
  region size 1024K, 90 young (92160K), 1 survivors (1024K)
 Metaspace       used 139470K, committed 140544K, reserved 1179648K
  class space    used 19916K, committed 20416K, reserved 1048576K
}
Event: 214.425 GC heap after
{Heap after GC invocations=57 (full 0):
 garbage-first heap   total 291840K, used 157652K [0x0000000080000000, 0x0000000100000000)
  region size 1024K, 9 young (9216K), 9 survivors (9216K)
 Metaspace       used 139470K, committed 140544K, reserved 1179648K
  class space    used 19916K, committed 20416K, reserved 1048576K
}
Event: 251.510 GC heap before
{Heap before GC invocations=58 (full 0):
 garbage-first heap   total 291840K, used 269268K [0x0000000080000000, 0x0000000100000000)
  region size 1024K, 91 young (93184K), 9 survivors (9216K)
 Metaspace       used 139890K, committed 140928K, reserved 1179648K
  class space    used 19923K, committed 20416K, reserved 1048576K
}
Event: 251.519 GC heap after
{Heap after GC invocations=59 (full 0):
 garbage-first heap   total 291840K, used 157458K [0x0000000080000000, 0x0000000100000000)
  region size 1024K, 7 young (7168K), 7 survivors (7168K)
 Metaspace       used 139890K, committed 140928K, reserved 1179648K
  class space    used 19923K, committed 20416K, reserved 1048576K
}
Event: 251.593 GC heap before
{Heap before GC invocations=59 (full 0):
 garbage-first heap   total 291840K, used 163602K [0x0000000080000000, 0x0000000100000000)
  region size 1024K, 14 young (14336K), 7 survivors (7168K)
 Metaspace       used 139914K, committed 140928K, reserved 1179648K
  class space    used 19923K, committed 20416K, reserved 1048576K
}
Event: 251.603 GC heap after
{Heap after GC invocations=60 (full 0):
 garbage-first heap   total 291840K, used 144698K [0x0000000080000000, 0x0000000100000000)
  region size 1024K, 2 young (2048K), 2 survivors (2048K)
 Metaspace       used 139914K, committed 140928K, reserved 1179648K
  class space    used 19923K, committed 20416K, reserved 1048576K
}
Event: 253.893 GC heap before
{Heap before GC invocations=60 (full 0):
 garbage-first heap   total 291840K, used 230714K [0x0000000080000000, 0x0000000100000000)
  region size 1024K, 88 young (90112K), 2 survivors (2048K)
 Metaspace       used 140185K, committed 141248K, reserved 1179648K
  class space    used 19927K, committed 20416K, reserved 1048576K
}
Event: 253.899 GC heap after
{Heap after GC invocations=61 (full 0):
 garbage-first heap   total 291840K, used 147903K [0x0000000080000000, 0x0000000100000000)
  region size 1024K, 5 young (5120K), 5 survivors (5120K)
 Metaspace       used 140185K, committed 141248K, reserved 1179648K
  class space    used 19927K, committed 20416K, reserved 1048576K
}
Event: 267.961 GC heap before
{Heap before GC invocations=62 (full 0):
 garbage-first heap   total 304128K, used 270783K [0x0000000080000000, 0x0000000100000000)
  region size 1024K, 95 young (97280K), 5 survivors (5120K)
 Metaspace       used 140511K, committed 141632K, reserved 1179648K
  class space    used 19943K, committed 20480K, reserved 1048576K
}
Event: 267.972 GC heap after
{Heap after GC invocations=63 (full 0):
 garbage-first heap   total 304128K, used 154127K [0x0000000080000000, 0x0000000100000000)
  region size 1024K, 12 young (12288K), 12 survivors (12288K)
 Metaspace       used 140511K, committed 141632K, reserved 1179648K
  class space    used 19943K, committed 20480K, reserved 1048576K
}
Event: 268.005 GC heap before
{Heap before GC invocations=63 (full 0):
 garbage-first heap   total 304128K, used 155151K [0x0000000080000000, 0x0000000100000000)
  region size 1024K, 14 young (14336K), 12 survivors (12288K)
 Metaspace       used 140511K, committed 141632K, reserved 1179648K
  class space    used 19943K, committed 20480K, reserved 1048576K
}
Event: 268.016 GC heap after
{Heap after GC invocations=64 (full 0):
 garbage-first heap   total 304128K, used 147990K [0x0000000080000000, 0x0000000100000000)
  region size 1024K, 1 young (1024K), 1 survivors (1024K)
 Metaspace       used 140511K, committed 141632K, reserved 1179648K
  class space    used 19943K, committed 20480K, reserved 1048576K
}
Event: 270.298 GC heap before
{Heap before GC invocations=64 (full 0):
 garbage-first heap   total 304128K, used 205334K [0x0000000080000000, 0x0000000100000000)
  region size 1024K, 59 young (60416K), 1 survivors (1024K)
 Metaspace       used 140792K, committed 141888K, reserved 1179648K
  class space    used 19945K, committed 20480K, reserved 1048576K
}
Event: 270.302 GC heap after
{Heap after GC invocations=65 (full 0):
 garbage-first heap   total 304128K, used 148726K [0x0000000080000000, 0x0000000100000000)
  region size 1024K, 2 young (2048K), 2 survivors (2048K)
 Metaspace       used 140792K, committed 141888K, reserved 1179648K
  class space    used 19945K, committed 20480K, reserved 1048576K
}
Event: 293.338 GC heap before
{Heap before GC invocations=66 (full 0):
 garbage-first heap   total 309248K, used 282870K [0x0000000080000000, 0x0000000100000000)
  region size 1024K, 101 young (103424K), 2 survivors (2048K)
 Metaspace       used 141004K, committed 142144K, reserved 1179648K
  class space    used 19947K, committed 20480K, reserved 1048576K
}
Event: 293.347 GC heap after
{Heap after GC invocations=67 (full 0):
 garbage-first heap   total 309248K, used 157938K [0x0000000080000000, 0x0000000100000000)
  region size 1024K, 11 young (11264K), 11 survivors (11264K)
 Metaspace       used 141004K, committed 142144K, reserved 1179648K
  class space    used 19947K, committed 20480K, reserved 1048576K
}
Event: 293.365 GC heap before
{Heap before GC invocations=67 (full 0):
 garbage-first heap   total 309248K, used 162034K [0x0000000080000000, 0x0000000100000000)
  region size 1024K, 15 young (15360K), 11 survivors (11264K)
 Metaspace       used 141005K, committed 142144K, reserved 1179648K
  class space    used 19947K, committed 20480K, reserved 1048576K
}
Event: 293.382 GC heap after
{Heap after GC invocations=68 (full 0):
 garbage-first heap   total 309248K, used 149230K [0x0000000080000000, 0x0000000100000000)
  region size 1024K, 2 young (2048K), 2 survivors (2048K)
 Metaspace       used 141005K, committed 142144K, reserved 1179648K
  class space    used 19947K, committed 20480K, reserved 1048576K
}
Event: 295.120 GC heap before
{Heap before GC invocations=68 (full 0):
 garbage-first heap   total 309248K, used 194286K [0x0000000080000000, 0x0000000100000000)
  region size 1024K, 48 young (49152K), 2 survivors (2048K)
 Metaspace       used 141152K, committed 142272K, reserved 1179648K
  class space    used 19947K, committed 20480K, reserved 1048576K
}

