# JRE version: OpenJDK Runtime Environment (17.0.7) (build 17.0.7+0-b2043.56-10550314)
# Java VM: OpenJDK 64-Bit Server VM (17.0.7+0-b2043.56-10550314, mixed mode, tiered, compressed oops, compressed class ptrs, g1 gc, windows-amd64)
GC Precious Log:
 CPUs: 12 total, 12 available
 Memory: 16147M
 Large Page Support: Disabled
 NUMA Support: Disabled
 Compressed Oops: Enabled (32-bit)
 Heap Region Size: 1M
 Heap Min Capacity: 8M
 Heap Initial Capacity: 254M
 Heap Max Capacity: 2G
 Pre-touch: Disabled
 Parallel Workers: 10
 Concurrent Workers: 3
 Concurrent Refinement Workers: 10
 Periodic GC: Disabled
Heap:
 garbage-first heap   total 361472K, used 241085K [0x0000000080000000, 0x0000000100000000)
  region size 1024K, 78 young (79872K), 11 survivors (11264K)
 Metaspace       used 130921K, committed 131840K, reserved 1179648K
  class space    used 18939K, committed 19392K, reserved 1048576K
GC Heap History (20 events):
Event: 29.127 GC heap before
{Heap before GC invocations=49 (full 0):
 garbage-first heap   total 301056K, used 240856K [0x0000000080000000, 0x0000000100000000)
  region size 1024K, 100 young (102400K), 5 survivors (5120K)
 Metaspace       used 117177K, committed 118016K, reserved 1179648K
  class space    used 16293K, committed 16704K, reserved 1048576K
}
Event: 29.136 GC heap after
{Heap after GC invocations=50 (full 0):
 garbage-first heap   total 301056K, used 153989K [0x0000000080000000, 0x0000000100000000)
  region size 1024K, 13 young (13312K), 13 survivors (13312K)
 Metaspace       used 117177K, committed 118016K, reserved 1179648K
  class space    used 16293K, committed 16704K, reserved 1048576K
}
Event: 29.980 GC heap before
{Heap before GC invocations=50 (full 0):
 garbage-first heap   total 301056K, used 242053K [0x0000000080000000, 0x0000000100000000)
  region size 1024K, 100 young (102400K), 13 survivors (13312K)
 Metaspace       used 124738K, committed 125696K, reserved 1179648K
  class space    used 17904K, committed 18368K, reserved 1048576K
}
Event: 29.993 GC heap after
{Heap after GC invocations=51 (full 0):
 garbage-first heap   total 301056K, used 161608K [0x0000000080000000, 0x0000000100000000)
  region size 1024K, 8 young (8192K), 8 survivors (8192K)
 Metaspace       used 124738K, committed 125696K, reserved 1179648K
  class space    used 17904K, committed 18368K, reserved 1048576K
}
Event: 30.330 GC heap before
{Heap before GC invocations=51 (full 0):
 garbage-first heap   total 301056K, used 245576K [0x0000000080000000, 0x0000000100000000)
  region size 1024K, 90 young (92160K), 8 survivors (8192K)
 Metaspace       used 127525K, committed 128512K, reserved 1179648K
  class space    used 18504K, committed 19008K, reserved 1048576K
}
Event: 30.338 GC heap after
{Heap after GC invocations=52 (full 0):
 garbage-first heap   total 301056K, used 163614K [0x0000000080000000, 0x0000000100000000)
  region size 1024K, 3 young (3072K), 3 survivors (3072K)
 Metaspace       used 127525K, committed 128512K, reserved 1179648K
  class space    used 18504K, committed 19008K, reserved 1048576K
}
Event: 30.582 GC heap before
{Heap before GC invocations=52 (full 0):
 garbage-first heap   total 301056K, used 247582K [0x0000000080000000, 0x0000000100000000)
  region size 1024K, 86 young (88064K), 3 survivors (3072K)
 Metaspace       used 129047K, committed 129984K, reserved 1179648K
  class space    used 18803K, committed 19264K, reserved 1048576K
}
Event: 30.587 GC heap after
{Heap after GC invocations=53 (full 0):
 garbage-first heap   total 301056K, used 164380K [0x0000000080000000, 0x0000000100000000)
  region size 1024K, 4 young (4096K), 4 survivors (4096K)
 Metaspace       used 129047K, committed 129984K, reserved 1179648K
  class space    used 18803K, committed 19264K, reserved 1048576K
}
Event: 30.765 GC heap before
{Heap before GC invocations=53 (full 0):
 garbage-first heap   total 301056K, used 251420K [0x0000000080000000, 0x0000000100000000)
  region size 1024K, 89 young (91136K), 4 survivors (4096K)
 Metaspace       used 129311K, committed 130240K, reserved 1179648K
  class space    used 18808K, committed 19264K, reserved 1048576K
}
Event: 30.772 GC heap after
{Heap after GC invocations=54 (full 0):
 garbage-first heap   total 301056K, used 167994K [0x0000000080000000, 0x0000000100000000)
  region size 1024K, 7 young (7168K), 7 survivors (7168K)
 Metaspace       used 129311K, committed 130240K, reserved 1179648K
  class space    used 18808K, committed 19264K, reserved 1048576K
}
Event: 30.957 GC heap before
{Heap before GC invocations=54 (full 0):
 garbage-first heap   total 301056K, used 254010K [0x0000000080000000, 0x0000000100000000)
  region size 1024K, 91 young (93184K), 7 survivors (7168K)
 Metaspace       used 129648K, committed 130560K, reserved 1179648K
  class space    used 18808K, committed 19264K, reserved 1048576K
}
Event: 30.963 GC heap after
{Heap after GC invocations=55 (full 0):
 garbage-first heap   total 301056K, used 169285K [0x0000000080000000, 0x0000000100000000)
  region size 1024K, 7 young (7168K), 7 survivors (7168K)
 Metaspace       used 129648K, committed 130560K, reserved 1179648K
  class space    used 18808K, committed 19264K, reserved 1048576K
}
Event: 31.123 GC heap before
{Heap before GC invocations=55 (full 0):
 garbage-first heap   total 301056K, used 254277K [0x0000000080000000, 0x0000000100000000)
  region size 1024K, 91 young (93184K), 7 survivors (7168K)
 Metaspace       used 129861K, committed 130816K, reserved 1179648K
  class space    used 18826K, committed 19328K, reserved 1048576K
}
Event: 31.128 GC heap after
{Heap after GC invocations=56 (full 0):
 garbage-first heap   total 301056K, used 166966K [0x0000000080000000, 0x0000000100000000)
  region size 1024K, 3 young (3072K), 3 survivors (3072K)
 Metaspace       used 129861K, committed 130816K, reserved 1179648K
  class space    used 18826K, committed 19328K, reserved 1048576K
}
Event: 31.289 GC heap before
{Heap before GC invocations=56 (full 0):
 garbage-first heap   total 301056K, used 257078K [0x0000000080000000, 0x0000000100000000)
  region size 1024K, 91 young (93184K), 3 survivors (3072K)
 Metaspace       used 129922K, committed 130880K, reserved 1179648K
  class space    used 18829K, committed 19328K, reserved 1048576K
}
Event: 31.293 GC heap after
{Heap after GC invocations=57 (full 0):
 garbage-first heap   total 301056K, used 167492K [0x0000000080000000, 0x0000000100000000)
  region size 1024K, 4 young (4096K), 4 survivors (4096K)
 Metaspace       used 129922K, committed 130880K, reserved 1179648K
  class space    used 18829K, committed 19328K, reserved 1048576K
}
Event: 31.457 GC heap before
{Heap before GC invocations=57 (full 0):
 garbage-first heap   total 301056K, used 258628K [0x0000000080000000, 0x0000000100000000)
  region size 1024K, 93 young (95232K), 4 survivors (4096K)
 Metaspace       used 130014K, committed 131008K, reserved 1179648K
  class space    used 18844K, committed 19328K, reserved 1048576K
}
Event: 31.464 GC heap after
{Heap after GC invocations=58 (full 0):
 garbage-first heap   total 361472K, used 170870K [0x0000000080000000, 0x0000000100000000)
  region size 1024K, 7 young (7168K), 7 survivors (7168K)
 Metaspace       used 130014K, committed 131008K, reserved 1179648K
  class space    used 18844K, committed 19328K, reserved 1048576K
}
Event: 31.811 GC heap before
{Heap before GC invocations=58 (full 0):
 garbage-first heap   total 361472K, used 308086K [0x0000000080000000, 0x0000000100000000)
  region size 1024K, 142 young (145408K), 7 survivors (7168K)
 Metaspace       used 130682K, committed 131648K, reserved 1179648K
  class space    used 18921K, committed 19392K, reserved 1048576K
}
Event: 31.819 GC heap after
{Heap after GC invocations=59 (full 0):
 garbage-first heap   total 361472K, used 174525K [0x0000000080000000, 0x0000000100000000)
  region size 1024K, 11 young (11264K), 11 survivors (11264K)
 Metaspace       used 130682K, committed 131648K, reserved 1179648K
  class space    used 18921K, committed 19392K, reserved 1048576K
}

