# JRE version: OpenJDK Runtime Environment (17.0.7) (build 17.0.7+0-b2043.56-10550314)
# Java VM: OpenJDK 64-Bit Server VM (17.0.7+0-b2043.56-10550314, mixed mode, tiered, compressed oops, compressed class ptrs, g1 gc, windows-amd64)
GC Precious Log:
 CPUs: 12 total, 12 available
 Memory: 16147M
 Large Page Support: Disabled
 NUMA Support: Disabled
 Compressed Oops: Enabled (32-bit)
 Heap Region Size: 1M
 Heap Min Capacity: 8M
 Heap Initial Capacity: 254M
 Heap Max Capacity: 2G
 Pre-touch: Disabled
 Parallel Workers: 10
 Concurrent Workers: 3
 Concurrent Refinement Workers: 10
 Periodic GC: Disabled
Heap:
 garbage-first heap   total 260096K, used 142230K [0x0000000080000000, 0x0000000100000000)
  region size 1024K, 10 young (10240K), 10 survivors (10240K)
 Metaspace       used 104055K, committed 104832K, reserved 1179648K
  class space    used 14239K, committed 14592K, reserved 1048576K
GC Heap History (20 events):
Event: 7.250 GC heap after
{Heap after GC invocations=30 (full 0):
 garbage-first heap   total 125952K, used 67355K [0x0000000080000000, 0x0000000100000000)
  region size 1024K, 1 young (1024K), 1 survivors (1024K)
 Metaspace       used 67876K, committed 68416K, reserved 1114112K
  class space    used 9044K, committed 9280K, reserved 1048576K
}
Event: 7.540 GC heap before
{Heap before GC invocations=30 (full 0):
 garbage-first heap   total 125952K, used 97051K [0x0000000080000000, 0x0000000100000000)
  region size 1024K, 30 young (30720K), 1 survivors (1024K)
 Metaspace       used 70094K, committed 70720K, reserved 1114112K
  class space    used 9328K, committed 9600K, reserved 1048576K
}
Event: 7.543 GC heap after
{Heap after GC invocations=31 (full 0):
 garbage-first heap   total 251904K, used 68411K [0x0000000080000000, 0x0000000100000000)
  region size 1024K, 2 young (2048K), 2 survivors (2048K)
 Metaspace       used 70094K, committed 70720K, reserved 1114112K
  class space    used 9328K, committed 9600K, reserved 1048576K
}
Event: 8.704 GC heap before
{Heap before GC invocations=32 (full 0):
 garbage-first heap   total 242688K, used 184123K [0x0000000080000000, 0x0000000100000000)
  region size 1024K, 111 young (113664K), 2 survivors (2048K)
 Metaspace       used 78813K, committed 79360K, reserved 1179648K
  class space    used 10503K, committed 10752K, reserved 1048576K
}
Event: 8.711 GC heap after
{Heap after GC invocations=33 (full 0):
 garbage-first heap   total 242688K, used 80582K [0x0000000080000000, 0x0000000100000000)
  region size 1024K, 10 young (10240K), 10 survivors (10240K)
 Metaspace       used 78813K, committed 79360K, reserved 1179648K
  class space    used 10503K, committed 10752K, reserved 1048576K
}
Event: 8.716 GC heap before
{Heap before GC invocations=33 (full 0):
 garbage-first heap   total 242688K, used 80582K [0x0000000080000000, 0x0000000100000000)
  region size 1024K, 11 young (11264K), 10 survivors (10240K)
 Metaspace       used 78924K, committed 79424K, reserved 1179648K
  class space    used 10512K, committed 10752K, reserved 1048576K
}
Event: 8.721 GC heap after
{Heap after GC invocations=34 (full 0):
 garbage-first heap   total 242688K, used 81418K [0x0000000080000000, 0x0000000100000000)
  region size 1024K, 1 young (1024K), 1 survivors (1024K)
 Metaspace       used 78924K, committed 79424K, reserved 1179648K
  class space    used 10512K, committed 10752K, reserved 1048576K
}
Event: 9.674 GC heap before
{Heap before GC invocations=34 (full 0):
 garbage-first heap   total 242688K, used 186890K [0x0000000080000000, 0x0000000100000000)
  region size 1024K, 103 young (105472K), 1 survivors (1024K)
 Metaspace       used 86820K, committed 87424K, reserved 1179648K
  class space    used 11833K, committed 12096K, reserved 1048576K
}
Event: 9.677 GC heap after
{Heap after GC invocations=35 (full 0):
 garbage-first heap   total 242688K, used 84863K [0x0000000080000000, 0x0000000100000000)
  region size 1024K, 5 young (5120K), 5 survivors (5120K)
 Metaspace       used 86820K, committed 87424K, reserved 1179648K
  class space    used 11833K, committed 12096K, reserved 1048576K
}
Event: 10.830 GC heap before
{Heap before GC invocations=35 (full 0):
 garbage-first heap   total 242688K, used 190335K [0x0000000080000000, 0x0000000100000000)
  region size 1024K, 108 young (110592K), 5 survivors (5120K)
 Metaspace       used 95706K, committed 96384K, reserved 1179648K
  class space    used 13124K, committed 13440K, reserved 1048576K
}
Event: 10.837 GC heap after
{Heap after GC invocations=36 (full 0):
 garbage-first heap   total 242688K, used 91454K [0x0000000080000000, 0x0000000100000000)
  region size 1024K, 11 young (11264K), 11 survivors (11264K)
 Metaspace       used 95706K, committed 96384K, reserved 1179648K
  class space    used 13124K, committed 13440K, reserved 1048576K
}
Event: 11.753 GC heap before
{Heap before GC invocations=36 (full 0):
 garbage-first heap   total 242688K, used 198974K [0x0000000080000000, 0x0000000100000000)
  region size 1024K, 112 young (114688K), 11 survivors (11264K)
 Metaspace       used 99762K, committed 100480K, reserved 1179648K
  class space    used 13589K, committed 13952K, reserved 1048576K
}
Event: 11.768 GC heap after
{Heap after GC invocations=37 (full 0):
 garbage-first heap   total 242688K, used 105035K [0x0000000080000000, 0x0000000100000000)
  region size 1024K, 14 young (14336K), 14 survivors (14336K)
 Metaspace       used 99762K, committed 100480K, reserved 1179648K
  class space    used 13589K, committed 13952K, reserved 1048576K
}
Event: 12.154 GC heap before
{Heap before GC invocations=37 (full 0):
 garbage-first heap   total 242688K, used 191051K [0x0000000080000000, 0x0000000100000000)
  region size 1024K, 99 young (101376K), 14 survivors (14336K)
 Metaspace       used 100843K, committed 101568K, reserved 1179648K
  class space    used 13820K, committed 14144K, reserved 1048576K
}
Event: 12.166 GC heap after
{Heap after GC invocations=38 (full 0):
 garbage-first heap   total 242688K, used 114725K [0x0000000080000000, 0x0000000100000000)
  region size 1024K, 9 young (9216K), 9 survivors (9216K)
 Metaspace       used 100843K, committed 101568K, reserved 1179648K
  class space    used 13820K, committed 14144K, reserved 1048576K
}
Event: 12.591 GC heap before
{Heap before GC invocations=38 (full 0):
 garbage-first heap   total 242688K, used 193573K [0x0000000080000000, 0x0000000100000000)
  region size 1024K, 87 young (89088K), 9 survivors (9216K)
 Metaspace       used 101436K, committed 102144K, reserved 1179648K
  class space    used 13861K, committed 14208K, reserved 1048576K
}
Event: 12.599 GC heap after
{Heap after GC invocations=39 (full 0):
 garbage-first heap   total 242688K, used 120803K [0x0000000080000000, 0x0000000100000000)
  region size 1024K, 8 young (8192K), 8 survivors (8192K)
 Metaspace       used 101436K, committed 102144K, reserved 1179648K
  class space    used 13861K, committed 14208K, reserved 1048576K
}
Event: 12.828 GC heap before
{Heap before GC invocations=39 (full 0):
 garbage-first heap   total 242688K, used 195555K [0x0000000080000000, 0x0000000100000000)
  region size 1024K, 82 young (83968K), 8 survivors (8192K)
 Metaspace       used 102821K, committed 103488K, reserved 1179648K
  class space    used 14061K, committed 14400K, reserved 1048576K
}
Event: 12.836 GC heap after
{Heap after GC invocations=40 (full 0):
 garbage-first heap   total 242688K, used 125351K [0x0000000080000000, 0x0000000100000000)
  region size 1024K, 7 young (7168K), 7 survivors (7168K)
 Metaspace       used 102821K, committed 103488K, reserved 1179648K
  class space    used 14061K, committed 14400K, reserved 1048576K
}
Event: 13.270 GC heap before
{Heap before GC invocations=40 (full 0):
 garbage-first heap   total 242688K, used 201127K [0x0000000080000000, 0x0000000100000000)
  region size 1024K, 78 young (79872K), 7 survivors (7168K)
 Metaspace       used 104055K, committed 104832K, reserved 1179648K
  class space    used 14239K, committed 14592K, reserved 1048576K
}

