# JRE version: OpenJDK Runtime Environment (17.0.7) (build 17.0.7+0-b2043.56-10550314)
# Java VM: OpenJDK 64-Bit Server VM (17.0.7+0-b2043.56-10550314, mixed mode, tiered, compressed oops, compressed class ptrs, g1 gc, windows-amd64)
GC Precious Log:
 CPUs: 12 total, 12 available
 Memory: 16147M
 Large Page Support: Disabled
 NUMA Support: Disabled
 Compressed Oops: Enabled (32-bit)
 Heap Region Size: 1M
 Heap Min Capacity: 8M
 Heap Initial Capacity: 254M
 Heap Max Capacity: 2G
 Pre-touch: Disabled
 Parallel Workers: 10
 Concurrent Workers: 3
 Concurrent Refinement Workers: 10
 Periodic GC: Disabled
Heap:
 garbage-first heap   total 322560K, used 150402K [0x0000000080000000, 0x0000000100000000)
  region size 1024K, 7 young (7168K), 7 survivors (7168K)
 Metaspace       used 123888K, committed 124736K, reserved 1179648K
  class space    used 18033K, committed 18432K, reserved 1048576K
GC Heap History (20 events):
Event: 11.092 GC heap after
{Heap after GC invocations=52 (full 0):
 garbage-first heap   total 172032K, used 94635K [0x0000000080000000, 0x0000000100000000)
  region size 1024K, 6 young (6144K), 6 survivors (6144K)
 Metaspace       used 96273K, committed 96960K, reserved 1179648K
  class space    used 13216K, committed 13568K, reserved 1048576K
}
Event: 11.434 GC heap before
{Heap before GC invocations=53 (full 0):
 garbage-first heap   total 172032K, used 144811K [0x0000000080000000, 0x0000000100000000)
  region size 1024K, 51 young (52224K), 6 survivors (6144K)
 Metaspace       used 98066K, committed 98688K, reserved 1179648K
  class space    used 13331K, committed 13632K, reserved 1048576K
}
Event: 11.441 GC heap after
{Heap after GC invocations=54 (full 0):
 garbage-first heap   total 172032K, used 102015K [0x0000000080000000, 0x0000000100000000)
  region size 1024K, 7 young (7168K), 7 survivors (7168K)
 Metaspace       used 98066K, committed 98688K, reserved 1179648K
  class space    used 13331K, committed 13632K, reserved 1048576K
}
Event: 11.455 GC heap before
{Heap before GC invocations=54 (full 0):
 garbage-first heap   total 172032K, used 103039K [0x0000000080000000, 0x0000000100000000)
  region size 1024K, 8 young (8192K), 7 survivors (7168K)
 Metaspace       used 98106K, committed 98752K, reserved 1179648K
  class space    used 13340K, committed 13696K, reserved 1048576K
}
Event: 11.460 GC heap after
{Heap after GC invocations=55 (full 0):
 garbage-first heap   total 322560K, used 103056K [0x0000000080000000, 0x0000000100000000)
  region size 1024K, 1 young (1024K), 1 survivors (1024K)
 Metaspace       used 98106K, committed 98752K, reserved 1179648K
  class space    used 13340K, committed 13696K, reserved 1048576K
}
Event: 12.357 GC heap before
{Heap before GC invocations=55 (full 0):
 garbage-first heap   total 322560K, used 249488K [0x0000000080000000, 0x0000000100000000)
  region size 1024K, 144 young (147456K), 1 survivors (1024K)
 Metaspace       used 100946K, committed 101632K, reserved 1179648K
  class space    used 13835K, committed 14208K, reserved 1048576K
}
Event: 12.368 GC heap after
{Heap after GC invocations=56 (full 0):
 garbage-first heap   total 322560K, used 113820K [0x0000000080000000, 0x0000000100000000)
  region size 1024K, 12 young (12288K), 12 survivors (12288K)
 Metaspace       used 100946K, committed 101632K, reserved 1179648K
  class space    used 13835K, committed 14208K, reserved 1048576K
}
Event: 12.942 GC heap before
{Heap before GC invocations=56 (full 0):
 garbage-first heap   total 322560K, used 243868K [0x0000000080000000, 0x0000000100000000)
  region size 1024K, 140 young (143360K), 12 survivors (12288K)
 Metaspace       used 101743K, committed 102464K, reserved 1179648K
  class space    used 13901K, committed 14272K, reserved 1048576K
}
Event: 12.954 GC heap after
{Heap after GC invocations=57 (full 0):
 garbage-first heap   total 322560K, used 121889K [0x0000000080000000, 0x0000000100000000)
  region size 1024K, 10 young (10240K), 10 survivors (10240K)
 Metaspace       used 101743K, committed 102464K, reserved 1179648K
  class space    used 13901K, committed 14272K, reserved 1048576K
}
Event: 13.939 GC heap before
{Heap before GC invocations=57 (full 0):
 garbage-first heap   total 322560K, used 249888K [0x0000000080000000, 0x0000000100000000)
  region size 1024K, 136 young (139264K), 10 survivors (10240K)
 Metaspace       used 109780K, committed 110528K, reserved 1179648K
  class space    used 15311K, committed 15680K, reserved 1048576K
}
Event: 13.951 GC heap after
{Heap after GC invocations=58 (full 0):
 garbage-first heap   total 322560K, used 134701K [0x0000000080000000, 0x0000000100000000)
  region size 1024K, 13 young (13312K), 13 survivors (13312K)
 Metaspace       used 109780K, committed 110528K, reserved 1179648K
  class space    used 15311K, committed 15680K, reserved 1048576K
}
Event: 14.613 GC heap before
{Heap before GC invocations=58 (full 0):
 garbage-first heap   total 322560K, used 255533K [0x0000000080000000, 0x0000000100000000)
  region size 1024K, 132 young (135168K), 13 survivors (13312K)
 Metaspace       used 119213K, committed 120064K, reserved 1179648K
  class space    used 17203K, committed 17600K, reserved 1048576K
}
Event: 14.625 GC heap after
{Heap after GC invocations=59 (full 0):
 garbage-first heap   total 322560K, used 144384K [0x0000000080000000, 0x0000000100000000)
  region size 1024K, 10 young (10240K), 10 survivors (10240K)
 Metaspace       used 119213K, committed 120064K, reserved 1179648K
  class space    used 17203K, committed 17600K, reserved 1048576K
}
Event: 14.945 GC heap before
{Heap before GC invocations=59 (full 0):
 garbage-first heap   total 322560K, used 260096K [0x0000000080000000, 0x0000000100000000)
  region size 1024K, 124 young (126976K), 10 survivors (10240K)
 Metaspace       used 122600K, committed 123456K, reserved 1179648K
  class space    used 17893K, committed 18304K, reserved 1048576K
}
Event: 14.955 GC heap after
{Heap after GC invocations=60 (full 0):
 garbage-first heap   total 322560K, used 150586K [0x0000000080000000, 0x0000000100000000)
  region size 1024K, 7 young (7168K), 7 survivors (7168K)
 Metaspace       used 122600K, committed 123456K, reserved 1179648K
  class space    used 17893K, committed 18304K, reserved 1048576K
}
Event: 15.190 GC heap before
{Heap before GC invocations=60 (full 0):
 garbage-first heap   total 322560K, used 263226K [0x0000000080000000, 0x0000000100000000)
  region size 1024K, 117 young (119808K), 7 survivors (7168K)
 Metaspace       used 123381K, committed 124160K, reserved 1179648K
  class space    used 18018K, committed 18368K, reserved 1048576K
}
Event: 15.196 GC heap after
{Heap after GC invocations=61 (full 0):
 garbage-first heap   total 322560K, used 149424K [0x0000000080000000, 0x0000000100000000)
  region size 1024K, 6 young (6144K), 6 survivors (6144K)
 Metaspace       used 123381K, committed 124160K, reserved 1179648K
  class space    used 18018K, committed 18368K, reserved 1048576K
}
Event: 15.393 GC heap before
{Heap before GC invocations=61 (full 0):
 garbage-first heap   total 322560K, used 266160K [0x0000000080000000, 0x0000000100000000)
  region size 1024K, 120 young (122880K), 6 survivors (6144K)
 Metaspace       used 123641K, committed 124480K, reserved 1179648K
  class space    used 18022K, committed 18368K, reserved 1048576K
}
Event: 15.399 GC heap after
{Heap after GC invocations=62 (full 0):
 garbage-first heap   total 322560K, used 151758K [0x0000000080000000, 0x0000000100000000)
  region size 1024K, 8 young (8192K), 8 survivors (8192K)
 Metaspace       used 123641K, committed 124480K, reserved 1179648K
  class space    used 18022K, committed 18368K, reserved 1048576K
}
Event: 15.595 GC heap before
{Heap before GC invocations=62 (full 0):
 garbage-first heap   total 322560K, used 268494K [0x0000000080000000, 0x0000000100000000)
  region size 1024K, 122 young (124928K), 8 survivors (8192K)
 Metaspace       used 123888K, committed 124736K, reserved 1179648K
  class space    used 18033K, committed 18432K, reserved 1048576K
}

