# JRE version: OpenJDK Runtime Environment (17.0.7) (build 17.0.7+0-b2043.56-10550314)
# Java VM: OpenJDK 64-Bit Server VM (17.0.7+0-b2043.56-10550314, mixed mode, tiered, compressed oops, compressed class ptrs, g1 gc, windows-amd64)
GC Precious Log:
 CPUs: 12 total, 12 available
 Memory: 16147M
 Large Page Support: Disabled
 NUMA Support: Disabled
 Compressed Oops: Enabled (32-bit)
 Heap Region Size: 1M
 Heap Min Capacity: 8M
 Heap Initial Capacity: 254M
 Heap Max Capacity: 2G
 Pre-touch: Disabled
 Parallel Workers: 10
 Concurrent Workers: 3
 Concurrent Refinement Workers: 10
 Periodic GC: Disabled
Heap:
 garbage-first heap   total 412672K, used 167911K [0x0000000080000000, 0x0000000100000000)
  region size 1024K, 8 young (8192K), 8 survivors (8192K)
 Metaspace       used 140624K, committed 141632K, reserved 1179648K
  class space    used 19775K, committed 20288K, reserved 1048576K
GC Heap History (20 events):
Event: 409.330 GC heap after
{Heap after GC invocations=62 (full 0):
 garbage-first heap   total 412672K, used 159573K [0x0000000080000000, 0x0000000100000000)
  region size 1024K, 19 young (19456K), 19 survivors (19456K)
 Metaspace       used 135147K, committed 136192K, reserved 1179648K
  class space    used 19255K, committed 19776K, reserved 1048576K
}
Event: 413.345 GC heap before
{Heap before GC invocations=62 (full 0):
 garbage-first heap   total 412672K, used 322389K [0x0000000080000000, 0x0000000100000000)
  region size 1024K, 155 young (158720K), 19 survivors (19456K)
 Metaspace       used 139217K, committed 140224K, reserved 1179648K
  class space    used 19762K, committed 20224K, reserved 1048576K
}
Event: 413.360 GC heap after
{Heap after GC invocations=63 (full 0):
 garbage-first heap   total 412672K, used 186263K [0x0000000080000000, 0x0000000100000000)
  region size 1024K, 17 young (17408K), 17 survivors (17408K)
 Metaspace       used 139217K, committed 140224K, reserved 1179648K
  class space    used 19762K, committed 20224K, reserved 1048576K
}
Event: 472.342 GC heap before
{Heap before GC invocations=64 (full 0):
 garbage-first heap   total 412672K, used 358295K [0x0000000080000000, 0x0000000100000000)
  region size 1024K, 170 young (174080K), 17 survivors (17408K)
 Metaspace       used 139632K, committed 140608K, reserved 1179648K
  class space    used 19736K, committed 20288K, reserved 1048576K
}
Event: 472.355 GC heap after
{Heap after GC invocations=65 (full 0):
 garbage-first heap   total 412672K, used 168507K [0x0000000080000000, 0x0000000100000000)
  region size 1024K, 17 young (17408K), 17 survivors (17408K)
 Metaspace       used 139632K, committed 140608K, reserved 1179648K
  class space    used 19736K, committed 20288K, reserved 1048576K
}
Event: 472.358 GC heap before
{Heap before GC invocations=65 (full 0):
 garbage-first heap   total 412672K, used 171579K [0x0000000080000000, 0x0000000100000000)
  region size 1024K, 20 young (20480K), 17 survivors (17408K)
 Metaspace       used 139633K, committed 140608K, reserved 1179648K
  class space    used 19736K, committed 20288K, reserved 1048576K
}
Event: 472.369 GC heap after
{Heap after GC invocations=66 (full 0):
 garbage-first heap   total 412672K, used 165787K [0x0000000080000000, 0x0000000100000000)
  region size 1024K, 2 young (2048K), 2 survivors (2048K)
 Metaspace       used 139633K, committed 140608K, reserved 1179648K
  class space    used 19736K, committed 20288K, reserved 1048576K
}
Event: 472.584 GC heap before
{Heap before GC invocations=66 (full 0):
 garbage-first heap   total 412672K, used 334747K [0x0000000080000000, 0x0000000100000000)
  region size 1024K, 168 young (172032K), 2 survivors (2048K)
 Metaspace       used 139658K, committed 140672K, reserved 1179648K
  class space    used 19736K, committed 20288K, reserved 1048576K
}
Event: 472.591 GC heap after
{Heap after GC invocations=67 (full 0):
 garbage-first heap   total 412672K, used 173672K [0x0000000080000000, 0x0000000100000000)
  region size 1024K, 10 young (10240K), 10 survivors (10240K)
 Metaspace       used 139658K, committed 140672K, reserved 1179648K
  class space    used 19736K, committed 20288K, reserved 1048576K
}
Event: 472.804 GC heap before
{Heap before GC invocations=67 (full 0):
 garbage-first heap   total 412672K, used 336488K [0x0000000080000000, 0x0000000100000000)
  region size 1024K, 170 young (174080K), 10 survivors (10240K)
 Metaspace       used 139745K, committed 140736K, reserved 1179648K
  class space    used 19736K, committed 20288K, reserved 1048576K
}
Event: 472.808 GC heap after
{Heap after GC invocations=68 (full 0):
 garbage-first heap   total 412672K, used 171199K [0x0000000080000000, 0x0000000100000000)
  region size 1024K, 7 young (7168K), 7 survivors (7168K)
 Metaspace       used 139745K, committed 140736K, reserved 1179648K
  class space    used 19736K, committed 20288K, reserved 1048576K
}
Event: 474.161 GC heap before
{Heap before GC invocations=68 (full 0):
 garbage-first heap   total 412672K, used 338111K [0x0000000080000000, 0x0000000100000000)
  region size 1024K, 172 young (176128K), 7 survivors (7168K)
 Metaspace       used 139947K, committed 140992K, reserved 1179648K
  class space    used 19736K, committed 20288K, reserved 1048576K
}
Event: 474.167 GC heap after
{Heap after GC invocations=69 (full 0):
 garbage-first heap   total 412672K, used 171937K [0x0000000080000000, 0x0000000100000000)
  region size 1024K, 8 young (8192K), 8 survivors (8192K)
 Metaspace       used 139947K, committed 140992K, reserved 1179648K
  class space    used 19736K, committed 20288K, reserved 1048576K
}
Event: 615.389 GC heap before
{Heap before GC invocations=70 (full 0):
 garbage-first heap   total 412672K, used 383905K [0x0000000080000000, 0x0000000100000000)
  region size 1024K, 175 young (179200K), 8 survivors (8192K)
 Metaspace       used 140443K, committed 141440K, reserved 1179648K
  class space    used 19775K, committed 20288K, reserved 1048576K
}
Event: 615.400 GC heap after
{Heap after GC invocations=71 (full 0):
 garbage-first heap   total 412672K, used 178101K [0x0000000080000000, 0x0000000100000000)
  region size 1024K, 14 young (14336K), 14 survivors (14336K)
 Metaspace       used 140443K, committed 141440K, reserved 1179648K
  class space    used 19775K, committed 20288K, reserved 1048576K
}
Event: 615.407 GC heap before
{Heap before GC invocations=71 (full 0):
 garbage-first heap   total 412672K, used 184245K [0x0000000080000000, 0x0000000100000000)
  region size 1024K, 20 young (20480K), 14 survivors (14336K)
 Metaspace       used 140447K, committed 141440K, reserved 1179648K
  class space    used 19775K, committed 20288K, reserved 1048576K
}
Event: 615.421 GC heap after
{Heap after GC invocations=72 (full 0):
 garbage-first heap   total 412672K, used 162153K [0x0000000080000000, 0x0000000100000000)
  region size 1024K, 2 young (2048K), 2 survivors (2048K)
 Metaspace       used 140447K, committed 141440K, reserved 1179648K
  class space    used 19775K, committed 20288K, reserved 1048576K
}
Event: 615.629 GC heap before
{Heap before GC invocations=72 (full 0):
 garbage-first heap   total 412672K, used 336233K [0x0000000080000000, 0x0000000100000000)
  region size 1024K, 173 young (177152K), 2 survivors (2048K)
 Metaspace       used 140549K, committed 141568K, reserved 1179648K
  class space    used 19775K, committed 20288K, reserved 1048576K
}
Event: 615.635 GC heap after
{Heap after GC invocations=73 (full 0):
 garbage-first heap   total 412672K, used 169962K [0x0000000080000000, 0x0000000100000000)
  region size 1024K, 10 young (10240K), 10 survivors (10240K)
 Metaspace       used 140549K, committed 141568K, reserved 1179648K
  class space    used 19775K, committed 20288K, reserved 1048576K
}
Event: 615.919 GC heap before
{Heap before GC invocations=73 (full 0):
 garbage-first heap   total 412672K, used 337898K [0x0000000080000000, 0x0000000100000000)
  region size 1024K, 175 young (179200K), 10 survivors (10240K)
 Metaspace       used 140624K, committed 141632K, reserved 1179648K
  class space    used 19775K, committed 20288K, reserved 1048576K
}

