# JRE version: OpenJDK Runtime Environment (17.0.7) (build 17.0.7+0-b2043.56-10550314)
# Java VM: OpenJDK 64-Bit Server VM (17.0.7+0-b2043.56-10550314, mixed mode, tiered, compressed oops, compressed class ptrs, g1 gc, windows-amd64)
GC Precious Log:
 CPUs: 12 total, 12 available
 Memory: 16147M
 Large Page Support: Disabled
 NUMA Support: Disabled
 Compressed Oops: Enabled (32-bit)
 Heap Region Size: 1M
 Heap Min Capacity: 8M
 Heap Initial Capacity: 254M
 Heap Max Capacity: 2G
 Pre-touch: Disabled
 Parallel Workers: 10
 Concurrent Workers: 3
 Concurrent Refinement Workers: 10
 Periodic GC: Disabled
Heap:
 garbage-first heap   total 400384K, used 144976K [0x0000000080000000, 0x0000000100000000)
  region size 1024K, 3 young (3072K), 3 survivors (3072K)
 Metaspace       used 140838K, committed 142144K, reserved 1179648K
  class space    used 18977K, committed 19584K, reserved 1048576K
GC Heap History (20 events):
Event: 5847.683 GC heap after
{Heap after GC invocations=86 (full 0):
 garbage-first heap   total 400384K, used 143981K [0x0000000080000000, 0x0000000100000000)
  region size 1024K, 3 young (3072K), 3 survivors (3072K)
 Metaspace       used 139173K, committed 140160K, reserved 1179648K
  class space    used 18779K, committed 19264K, reserved 1048576K
}
Event: 5850.491 GC heap before
{Heap before GC invocations=86 (full 0):
 garbage-first heap   total 400384K, used 277101K [0x0000000080000000, 0x0000000100000000)
  region size 1024K, 135 young (138240K), 3 survivors (3072K)
 Metaspace       used 139636K, committed 140864K, reserved 1179648K
  class space    used 18877K, committed 19456K, reserved 1048576K
}
Event: 5850.500 GC heap after
{Heap after GC invocations=87 (full 0):
 garbage-first heap   total 400384K, used 152757K [0x0000000080000000, 0x0000000100000000)
  region size 1024K, 12 young (12288K), 12 survivors (12288K)
 Metaspace       used 139636K, committed 140864K, reserved 1179648K
  class space    used 18877K, committed 19456K, reserved 1048576K
}
Event: 5918.471 GC heap before
{Heap before GC invocations=88 (full 0):
 garbage-first heap   total 400384K, used 359605K [0x0000000080000000, 0x0000000100000000)
  region size 1024K, 178 young (182272K), 12 survivors (12288K)
 Metaspace       used 140106K, committed 141440K, reserved 1179648K
  class space    used 18943K, committed 19584K, reserved 1048576K
}
Event: 5918.485 GC heap after
{Heap after GC invocations=89 (full 0):
 garbage-first heap   total 400384K, used 161278K [0x0000000080000000, 0x0000000100000000)
  region size 1024K, 20 young (20480K), 20 survivors (20480K)
 Metaspace       used 140106K, committed 141440K, reserved 1179648K
  class space    used 18943K, committed 19584K, reserved 1048576K
}
Event: 5918.486 GC heap before
{Heap before GC invocations=89 (full 0):
 garbage-first heap   total 400384K, used 162302K [0x0000000080000000, 0x0000000100000000)
  region size 1024K, 21 young (21504K), 20 survivors (20480K)
 Metaspace       used 140106K, committed 141440K, reserved 1179648K
  class space    used 18943K, committed 19584K, reserved 1048576K
}
Event: 5918.504 GC heap after
{Heap after GC invocations=90 (full 0):
 garbage-first heap   total 400384K, used 149603K [0x0000000080000000, 0x0000000100000000)
  region size 1024K, 2 young (2048K), 2 survivors (2048K)
 Metaspace       used 140106K, committed 141440K, reserved 1179648K
  class space    used 18943K, committed 19584K, reserved 1048576K
}
Event: 5918.925 GC heap before
{Heap before GC invocations=90 (full 0):
 garbage-first heap   total 400384K, used 211043K [0x0000000080000000, 0x0000000100000000)
  region size 1024K, 64 young (65536K), 2 survivors (2048K)
 Metaspace       used 140183K, committed 141504K, reserved 1179648K
  class space    used 18946K, committed 19584K, reserved 1048576K
}
Event: 5918.930 GC heap after
{Heap after GC invocations=91 (full 0):
 garbage-first heap   total 400384K, used 154399K [0x0000000080000000, 0x0000000100000000)
  region size 1024K, 7 young (7168K), 7 survivors (7168K)
 Metaspace       used 140183K, committed 141504K, reserved 1179648K
  class space    used 18946K, committed 19584K, reserved 1048576K
}
Event: 5991.514 GC heap before
{Heap before GC invocations=92 (full 0):
 garbage-first heap   total 400384K, used 354079K [0x0000000080000000, 0x0000000100000000)
  region size 1024K, 166 young (169984K), 7 survivors (7168K)
 Metaspace       used 140414K, committed 141696K, reserved 1179648K
  class space    used 18948K, committed 19584K, reserved 1048576K
}
Event: 5991.522 GC heap after
{Heap after GC invocations=93 (full 0):
 garbage-first heap   total 400384K, used 155283K [0x0000000080000000, 0x0000000100000000)
  region size 1024K, 8 young (8192K), 8 survivors (8192K)
 Metaspace       used 140414K, committed 141696K, reserved 1179648K
  class space    used 18948K, committed 19584K, reserved 1048576K
}
Event: 5991.642 GC heap before
{Heap before GC invocations=93 (full 0):
 garbage-first heap   total 400384K, used 165523K [0x0000000080000000, 0x0000000100000000)
  region size 1024K, 19 young (19456K), 8 survivors (8192K)
 Metaspace       used 140451K, committed 141824K, reserved 1179648K
  class space    used 18948K, committed 19584K, reserved 1048576K
}
Event: 5991.655 GC heap after
{Heap after GC invocations=94 (full 0):
 garbage-first heap   total 400384K, used 145229K [0x0000000080000000, 0x0000000100000000)
  region size 1024K, 3 young (3072K), 3 survivors (3072K)
 Metaspace       used 140451K, committed 141824K, reserved 1179648K
  class space    used 18948K, committed 19584K, reserved 1048576K
}
Event: 5992.025 GC heap before
{Heap before GC invocations=94 (full 0):
 garbage-first heap   total 400384K, used 192333K [0x0000000080000000, 0x0000000100000000)
  region size 1024K, 51 young (52224K), 3 survivors (3072K)
 Metaspace       used 140600K, committed 141952K, reserved 1179648K
  class space    used 18969K, committed 19584K, reserved 1048576K
}
Event: 5992.031 GC heap after
{Heap after GC invocations=95 (full 0):
 garbage-first heap   total 400384K, used 149254K [0x0000000080000000, 0x0000000100000000)
  region size 1024K, 7 young (7168K), 7 survivors (7168K)
 Metaspace       used 140600K, committed 141952K, reserved 1179648K
  class space    used 18969K, committed 19584K, reserved 1048576K
}
Event: 6040.787 GC heap before
{Heap before GC invocations=96 (full 0):
 garbage-first heap   total 400384K, used 379654K [0x0000000080000000, 0x0000000100000000)
  region size 1024K, 94 young (96256K), 7 survivors (7168K)
 Metaspace       used 140818K, committed 142144K, reserved 1179648K
  class space    used 18977K, committed 19584K, reserved 1048576K
}
Event: 6040.797 GC heap after
{Heap after GC invocations=97 (full 0):
 garbage-first heap   total 400384K, used 157725K [0x0000000080000000, 0x0000000100000000)
  region size 1024K, 15 young (15360K), 15 survivors (15360K)
 Metaspace       used 140818K, committed 142144K, reserved 1179648K
  class space    used 18977K, committed 19584K, reserved 1048576K
}
Event: 6040.808 GC heap before
{Heap before GC invocations=97 (full 0):
 garbage-first heap   total 400384K, used 160797K [0x0000000080000000, 0x0000000100000000)
  region size 1024K, 19 young (19456K), 15 survivors (15360K)
 Metaspace       used 140823K, committed 142144K, reserved 1179648K
  class space    used 18977K, committed 19584K, reserved 1048576K
}
Event: 6040.822 GC heap after
{Heap after GC invocations=98 (full 0):
 garbage-first heap   total 400384K, used 144218K [0x0000000080000000, 0x0000000100000000)
  region size 1024K, 2 young (2048K), 2 survivors (2048K)
 Metaspace       used 140823K, committed 142144K, reserved 1179648K
  class space    used 18977K, committed 19584K, reserved 1048576K
}
Event: 6040.945 GC heap before
{Heap before GC invocations=98 (full 0):
 garbage-first heap   total 400384K, used 163674K [0x0000000080000000, 0x0000000100000000)
  region size 1024K, 23 young (23552K), 2 survivors (2048K)
 Metaspace       used 140838K, committed 142144K, reserved 1179648K
  class space    used 18977K, committed 19584K, reserved 1048576K
}

