# JRE version: OpenJDK Runtime Environment (17.0.7) (build 17.0.7+0-b2043.56-10550314)
# Java VM: OpenJDK 64-Bit Server VM (17.0.7+0-b2043.56-10550314, mixed mode, tiered, compressed oops, compressed class ptrs, g1 gc, windows-amd64)
GC Precious Log:
 CPUs: 12 total, 12 available
 Memory: 16147M
 Large Page Support: Disabled
 NUMA Support: Disabled
 Compressed Oops: Enabled (32-bit)
 Heap Region Size: 1M
 Heap Min Capacity: 8M
 Heap Initial Capacity: 254M
 Heap Max Capacity: 2G
 Pre-touch: Disabled
 Parallel Workers: 10
 Concurrent Workers: 3
 Concurrent Refinement Workers: 10
 Periodic GC: Disabled
Heap:
 garbage-first heap   total 342016K, used 153315K [0x0000000080000000, 0x0000000100000000)
  region size 1024K, 8 young (8192K), 8 survivors (8192K)
 Metaspace       used 125138K, committed 126016K, reserved 1179648K
  class space    used 18141K, committed 18560K, reserved 1048576K
GC Heap History (20 events):
Event: 11.465 GC heap after
{Heap after GC invocations=52 (full 0):
 garbage-first heap   total 342016K, used 102231K [0x0000000080000000, 0x0000000100000000)
  region size 1024K, 1 young (1024K), 1 survivors (1024K)
 Metaspace       used 98568K, committed 99200K, reserved 1179648K
  class space    used 13440K, committed 13760K, reserved 1048576K
}
Event: 12.277 GC heap before
{Heap before GC invocations=52 (full 0):
 garbage-first heap   total 342016K, used 258903K [0x0000000080000000, 0x0000000100000000)
  region size 1024K, 155 young (158720K), 1 survivors (1024K)
 Metaspace       used 101074K, committed 101824K, reserved 1179648K
  class space    used 13850K, committed 14208K, reserved 1048576K
}
Event: 12.287 GC heap after
{Heap after GC invocations=53 (full 0):
 garbage-first heap   total 342016K, used 114055K [0x0000000080000000, 0x0000000100000000)
  region size 1024K, 13 young (13312K), 13 survivors (13312K)
 Metaspace       used 101074K, committed 101824K, reserved 1179648K
  class space    used 13850K, committed 14208K, reserved 1048576K
}
Event: 12.966 GC heap before
{Heap before GC invocations=53 (full 0):
 garbage-first heap   total 342016K, used 259463K [0x0000000080000000, 0x0000000100000000)
  region size 1024K, 156 young (159744K), 13 survivors (13312K)
 Metaspace       used 103746K, committed 104448K, reserved 1179648K
  class space    used 14230K, committed 14592K, reserved 1048576K
}
Event: 12.977 GC heap after
{Heap after GC invocations=54 (full 0):
 garbage-first heap   total 342016K, used 122968K [0x0000000080000000, 0x0000000100000000)
  region size 1024K, 11 young (11264K), 11 survivors (11264K)
 Metaspace       used 103746K, committed 104448K, reserved 1179648K
  class space    used 14230K, committed 14592K, reserved 1048576K
}
Event: 13.815 GC heap before
{Heap before GC invocations=54 (full 0):
 garbage-first heap   total 342016K, used 265304K [0x0000000080000000, 0x0000000100000000)
  region size 1024K, 151 young (154624K), 11 survivors (11264K)
 Metaspace       used 114537K, committed 115328K, reserved 1179648K
  class space    used 16293K, committed 16640K, reserved 1048576K
}
Event: 13.829 GC heap after
{Heap after GC invocations=55 (full 0):
 garbage-first heap   total 342016K, used 137897K [0x0000000080000000, 0x0000000100000000)
  region size 1024K, 15 young (15360K), 15 survivors (15360K)
 Metaspace       used 114537K, committed 115328K, reserved 1179648K
  class space    used 16293K, committed 16640K, reserved 1048576K
}
Event: 14.330 GC heap before
{Heap before GC invocations=55 (full 0):
 garbage-first heap   total 342016K, used 269993K [0x0000000080000000, 0x0000000100000000)
  region size 1024K, 145 young (148480K), 15 survivors (15360K)
 Metaspace       used 121328K, committed 122176K, reserved 1179648K
  class space    used 17661K, committed 18048K, reserved 1048576K
}
Event: 14.342 GC heap after
{Heap after GC invocations=56 (full 0):
 garbage-first heap   total 342016K, used 145211K [0x0000000080000000, 0x0000000100000000)
  region size 1024K, 9 young (9216K), 9 survivors (9216K)
 Metaspace       used 121328K, committed 122176K, reserved 1179648K
  class space    used 17661K, committed 18048K, reserved 1048576K
}
Event: 14.648 GC heap before
{Heap before GC invocations=56 (full 0):
 garbage-first heap   total 342016K, used 275259K [0x0000000080000000, 0x0000000100000000)
  region size 1024K, 137 young (140288K), 9 survivors (9216K)
 Metaspace       used 123239K, committed 124096K, reserved 1179648K
  class space    used 18016K, committed 18432K, reserved 1048576K
}
Event: 14.655 GC heap after
{Heap after GC invocations=57 (full 0):
 garbage-first heap   total 342016K, used 146147K [0x0000000080000000, 0x0000000100000000)
  region size 1024K, 10 young (10240K), 10 survivors (10240K)
 Metaspace       used 123239K, committed 124096K, reserved 1179648K
  class space    used 18016K, committed 18432K, reserved 1048576K
}
Event: 14.888 GC heap before
{Heap before GC invocations=57 (full 0):
 garbage-first heap   total 342016K, used 280291K [0x0000000080000000, 0x0000000100000000)
  region size 1024K, 141 young (144384K), 10 survivors (10240K)
 Metaspace       used 123601K, committed 124480K, reserved 1179648K
  class space    used 18017K, committed 18432K, reserved 1048576K
}
Event: 14.897 GC heap after
{Heap after GC invocations=58 (full 0):
 garbage-first heap   total 342016K, used 150750K [0x0000000080000000, 0x0000000100000000)
  region size 1024K, 14 young (14336K), 14 survivors (14336K)
 Metaspace       used 123601K, committed 124480K, reserved 1179648K
  class space    used 18017K, committed 18432K, reserved 1048576K
}
Event: 15.111 GC heap before
{Heap before GC invocations=58 (full 0):
 garbage-first heap   total 342016K, used 281822K [0x0000000080000000, 0x0000000100000000)
  region size 1024K, 143 young (146432K), 14 survivors (14336K)
 Metaspace       used 123808K, committed 124672K, reserved 1179648K
  class space    used 18032K, committed 18432K, reserved 1048576K
}
Event: 15.118 GC heap after
{Heap after GC invocations=59 (full 0):
 garbage-first heap   total 342016K, used 149227K [0x0000000080000000, 0x0000000100000000)
  region size 1024K, 6 young (6144K), 6 survivors (6144K)
 Metaspace       used 123808K, committed 124672K, reserved 1179648K
  class space    used 18032K, committed 18432K, reserved 1048576K
}
Event: 15.338 GC heap before
{Heap before GC invocations=59 (full 0):
 garbage-first heap   total 342016K, used 286443K [0x0000000080000000, 0x0000000100000000)
  region size 1024K, 140 young (143360K), 6 survivors (6144K)
 Metaspace       used 124054K, committed 124928K, reserved 1179648K
  class space    used 18038K, committed 18432K, reserved 1048576K
}
Event: 15.344 GC heap after
{Heap after GC invocations=60 (full 0):
 garbage-first heap   total 342016K, used 149640K [0x0000000080000000, 0x0000000100000000)
  region size 1024K, 7 young (7168K), 7 survivors (7168K)
 Metaspace       used 124054K, committed 124928K, reserved 1179648K
  class space    used 18038K, committed 18432K, reserved 1048576K
}
Event: 15.606 GC heap before
{Heap before GC invocations=60 (full 0):
 garbage-first heap   total 342016K, used 287880K [0x0000000080000000, 0x0000000100000000)
  region size 1024K, 143 young (146432K), 7 survivors (7168K)
 Metaspace       used 124687K, committed 125568K, reserved 1179648K
  class space    used 18129K, committed 18496K, reserved 1048576K
}
Event: 15.613 GC heap after
{Heap after GC invocations=61 (full 0):
 garbage-first heap   total 342016K, used 154592K [0x0000000080000000, 0x0000000100000000)
  region size 1024K, 12 young (12288K), 12 survivors (12288K)
 Metaspace       used 124687K, committed 125568K, reserved 1179648K
  class space    used 18129K, committed 18496K, reserved 1048576K
}
Event: 15.917 GC heap before
{Heap before GC invocations=61 (full 0):
 garbage-first heap   total 342016K, used 286688K [0x0000000080000000, 0x0000000100000000)
  region size 1024K, 142 young (145408K), 12 survivors (12288K)
 Metaspace       used 125138K, committed 126016K, reserved 1179648K
  class space    used 18141K, committed 18560K, reserved 1048576K
}

