# JRE version: OpenJDK Runtime Environment (17.0.7) (build 17.0.7+0-b2043.56-10550314)
# Java VM: OpenJDK 64-Bit Server VM (17.0.7+0-b2043.56-10550314, mixed mode, tiered, compressed oops, compressed class ptrs, g1 gc, windows-amd64)
GC Precious Log:
 CPUs: 12 total, 12 available
 Memory: 16147M
 Large Page Support: Disabled
 NUMA Support: Disabled
 Compressed Oops: Enabled (32-bit)
 Heap Region Size: 1M
 Heap Min Capacity: 8M
 Heap Initial Capacity: 254M
 Heap Max Capacity: 2G
 Pre-touch: Disabled
 Parallel Workers: 10
 Concurrent Workers: 3
 Concurrent Refinement Workers: 10
 Periodic GC: Disabled
Heap:
 garbage-first heap   total 419840K, used 155035K [0x0000000080000000, 0x0000000100000000)
  region size 1024K, 5 young (5120K), 5 survivors (5120K)
 Metaspace       used 141520K, committed 142720K, reserved 1179648K
  class space    used 19795K, committed 20416K, reserved 1048576K
GC Heap History (20 events):
Event: 155.198 GC heap after
{Heap after GC invocations=72 (full 0):
 garbage-first heap   total 419840K, used 157500K [0x0000000080000000, 0x0000000100000000)
  region size 1024K, 2 young (2048K), 2 survivors (2048K)
 Metaspace       used 139038K, committed 140096K, reserved 1179648K
  class space    used 19699K, committed 20224K, reserved 1048576K
}
Event: 156.522 GC heap before
{Heap before GC invocations=72 (full 0):
 garbage-first heap   total 419840K, used 235324K [0x0000000080000000, 0x0000000100000000)
  region size 1024K, 80 young (81920K), 2 survivors (2048K)
 Metaspace       used 139106K, committed 140096K, reserved 1179648K
  class space    used 19699K, committed 20224K, reserved 1048576K
}
Event: 156.528 GC heap after
{Heap after GC invocations=73 (full 0):
 garbage-first heap   total 419840K, used 163163K [0x0000000080000000, 0x0000000100000000)
  region size 1024K, 8 young (8192K), 8 survivors (8192K)
 Metaspace       used 139106K, committed 140096K, reserved 1179648K
  class space    used 19699K, committed 20224K, reserved 1048576K
}
Event: 830.329 GC heap before
{Heap before GC invocations=74 (full 0):
 garbage-first heap   total 419840K, used 393563K [0x0000000080000000, 0x0000000100000000)
  region size 1024K, 193 young (197632K), 8 survivors (8192K)
 Metaspace       used 140016K, committed 140992K, reserved 1179648K
  class space    used 19743K, committed 20224K, reserved 1048576K
}
Event: 830.342 GC heap after
{Heap after GC invocations=75 (full 0):
 garbage-first heap   total 419840K, used 170123K [0x0000000080000000, 0x0000000100000000)
  region size 1024K, 14 young (14336K), 14 survivors (14336K)
 Metaspace       used 140016K, committed 140992K, reserved 1179648K
  class space    used 19743K, committed 20224K, reserved 1048576K
}
Event: 830.379 GC heap before
{Heap before GC invocations=75 (full 0):
 garbage-first heap   total 419840K, used 176267K [0x0000000080000000, 0x0000000100000000)
  region size 1024K, 20 young (20480K), 14 survivors (14336K)
 Metaspace       used 140017K, committed 140992K, reserved 1179648K
  class space    used 19743K, committed 20224K, reserved 1048576K
}
Event: 830.392 GC heap after
{Heap after GC invocations=76 (full 0):
 garbage-first heap   total 419840K, used 166213K [0x0000000080000000, 0x0000000100000000)
  region size 1024K, 2 young (2048K), 2 survivors (2048K)
 Metaspace       used 140017K, committed 140992K, reserved 1179648K
  class space    used 19743K, committed 20224K, reserved 1048576K
}
Event: 830.950 GC heap before
{Heap before GC invocations=76 (full 0):
 garbage-first heap   total 419840K, used 252229K [0x0000000080000000, 0x0000000100000000)
  region size 1024K, 88 young (90112K), 2 survivors (2048K)
 Metaspace       used 140133K, committed 141120K, reserved 1179648K
  class space    used 19743K, committed 20224K, reserved 1048576K
}
Event: 830.956 GC heap after
{Heap after GC invocations=77 (full 0):
 garbage-first heap   total 419840K, used 172817K [0x0000000080000000, 0x0000000100000000)
  region size 1024K, 8 young (8192K), 8 survivors (8192K)
 Metaspace       used 140133K, committed 141120K, reserved 1179648K
  class space    used 19743K, committed 20224K, reserved 1048576K
}
Event: 1356.143 GC heap before
{Heap before GC invocations=78 (full 0):
 garbage-first heap   total 419840K, used 387857K [0x0000000080000000, 0x0000000100000000)
  region size 1024K, 178 young (182272K), 8 survivors (8192K)
 Metaspace       used 140830K, committed 141824K, reserved 1179648K
  class space    used 19795K, committed 20288K, reserved 1048576K
}
Event: 1356.155 GC heap after
{Heap after GC invocations=79 (full 0):
 garbage-first heap   total 419840K, used 177414K [0x0000000080000000, 0x0000000100000000)
  region size 1024K, 13 young (13312K), 13 survivors (13312K)
 Metaspace       used 140830K, committed 141824K, reserved 1179648K
  class space    used 19795K, committed 20288K, reserved 1048576K
}
Event: 1392.588 GC heap before
{Heap before GC invocations=79 (full 0):
 garbage-first heap   total 419840K, used 183558K [0x0000000080000000, 0x0000000100000000)
  region size 1024K, 20 young (20480K), 13 survivors (13312K)
 Metaspace       used 141079K, committed 142144K, reserved 1179648K
  class space    used 19834K, committed 20352K, reserved 1048576K
}
Event: 1392.604 GC heap after
{Heap after GC invocations=80 (full 0):
 garbage-first heap   total 419840K, used 153005K [0x0000000080000000, 0x0000000100000000)
  region size 1024K, 2 young (2048K), 2 survivors (2048K)
 Metaspace       used 141079K, committed 142144K, reserved 1179648K
  class space    used 19834K, committed 20352K, reserved 1048576K
}
Event: 2698.307 GC heap before
{Heap before GC invocations=80 (full 0):
 garbage-first heap   total 419840K, used 342445K [0x0000000080000000, 0x0000000100000000)
  region size 1024K, 188 young (192512K), 2 survivors (2048K)
 Metaspace       used 141593K, committed 142720K, reserved 1179648K
  class space    used 19851K, committed 20416K, reserved 1048576K
}
Event: 2698.318 GC heap after
{Heap after GC invocations=81 (full 0):
 garbage-first heap   total 419840K, used 165007K [0x0000000080000000, 0x0000000100000000)
  region size 1024K, 14 young (14336K), 14 survivors (14336K)
 Metaspace       used 141593K, committed 142720K, reserved 1179648K
  class space    used 19851K, committed 20416K, reserved 1048576K
}
Event: 2698.587 GC heap before
{Heap before GC invocations=82 (full 0):
 garbage-first heap   total 419840K, used 337039K [0x0000000080000000, 0x0000000100000000)
  region size 1024K, 186 young (190464K), 14 survivors (14336K)
 Metaspace       used 141472K, committed 142720K, reserved 1179648K
  class space    used 19795K, committed 20416K, reserved 1048576K
}
Event: 2698.602 GC heap after
{Heap after GC invocations=83 (full 0):
 garbage-first heap   total 419840K, used 172497K [0x0000000080000000, 0x0000000100000000)
  region size 1024K, 12 young (12288K), 12 survivors (12288K)
 Metaspace       used 141472K, committed 142720K, reserved 1179648K
  class space    used 19795K, committed 20416K, reserved 1048576K
}
Event: 2698.610 GC heap before
{Heap before GC invocations=83 (full 0):
 garbage-first heap   total 419840K, used 180689K [0x0000000080000000, 0x0000000100000000)
  region size 1024K, 20 young (20480K), 12 survivors (12288K)
 Metaspace       used 141472K, committed 142720K, reserved 1179648K
  class space    used 19795K, committed 20416K, reserved 1048576K
}
Event: 2698.626 GC heap after
{Heap after GC invocations=84 (full 0):
 garbage-first heap   total 419840K, used 151963K [0x0000000080000000, 0x0000000100000000)
  region size 1024K, 2 young (2048K), 2 survivors (2048K)
 Metaspace       used 141472K, committed 142720K, reserved 1179648K
  class space    used 19795K, committed 20416K, reserved 1048576K
}
Event: 2698.815 GC heap before
{Heap before GC invocations=84 (full 0):
 garbage-first heap   total 419840K, used 337307K [0x0000000080000000, 0x0000000100000000)
  region size 1024K, 184 young (188416K), 2 survivors (2048K)
 Metaspace       used 141520K, committed 142720K, reserved 1179648K
  class space    used 19795K, committed 20416K, reserved 1048576K
}

