# JRE version: OpenJDK Runtime Environment (17.0.7) (build 17.0.7+0-b2043.56-10550314)
# Java VM: OpenJDK 64-Bit Server VM (17.0.7+0-b2043.56-10550314, mixed mode, tiered, compressed oops, compressed class ptrs, g1 gc, windows-amd64)
GC Precious Log:
 CPUs: 12 total, 12 available
 Memory: 16147M
 Large Page Support: Disabled
 NUMA Support: Disabled
 Compressed Oops: Enabled (Zero based)
 Heap Region Size: 2M
 Heap Min Capacity: 8M
 Heap Initial Capacity: 254M
 Heap Max Capacity: 4038M
 Pre-touch: Disabled
 Parallel Workers: 10
 Concurrent Workers: 3
 Concurrent Refinement Workers: 10
 Periodic GC: Disabled
Heap:
 garbage-first heap   total 270336K, used 152411K [0x0000000703a00000, 0x0000000800000000)
  region size 2048K, 4 young (8192K), 4 survivors (8192K)
 Metaspace       used 96903K, committed 97344K, reserved 1179648K
  class space    used 10171K, committed 10368K, reserved 1048576K
GC Heap History (20 events):
Event: 16.346 GC heap after
{Heap after GC invocations=28 (full 0):
 garbage-first heap   total 210944K, used 131153K [0x0000000703a00000, 0x0000000800000000)
  region size 2048K, 3 young (6144K), 3 survivors (6144K)
 Metaspace       used 87494K, committed 87936K, reserved 1179648K
  class space    used 9564K, committed 9792K, reserved 1048576K
}
Event: 17.194 GC heap before
{Heap before GC invocations=29 (full 0):
 garbage-first heap   total 225280K, used 170065K [0x0000000703a00000, 0x0000000800000000)
  region size 2048K, 23 young (47104K), 3 survivors (6144K)
 Metaspace       used 89930K, committed 90368K, reserved 1179648K
  class space    used 9748K, committed 9984K, reserved 1048576K
}
Event: 17.201 GC heap after
{Heap after GC invocations=30 (full 0):
 garbage-first heap   total 225280K, used 131667K [0x0000000703a00000, 0x0000000800000000)
  region size 2048K, 2 young (4096K), 2 survivors (4096K)
 Metaspace       used 89930K, committed 90368K, reserved 1179648K
  class space    used 9748K, committed 9984K, reserved 1048576K
}
Event: 17.302 GC heap before
{Heap before GC invocations=30 (full 0):
 garbage-first heap   total 225280K, used 137811K [0x0000000703a00000, 0x0000000800000000)
  region size 2048K, 5 young (10240K), 2 survivors (4096K)
 Metaspace       used 90040K, committed 90496K, reserved 1179648K
  class space    used 9748K, committed 9984K, reserved 1048576K
}
Event: 17.308 GC heap after
{Heap after GC invocations=31 (full 0):
 garbage-first heap   total 225280K, used 127734K [0x0000000703a00000, 0x0000000800000000)
  region size 2048K, 1 young (2048K), 1 survivors (2048K)
 Metaspace       used 90040K, committed 90496K, reserved 1179648K
  class space    used 9748K, committed 9984K, reserved 1048576K
}
Event: 18.094 GC heap before
{Heap before GC invocations=31 (full 0):
 garbage-first heap   total 225280K, used 183030K [0x0000000703a00000, 0x0000000800000000)
  region size 2048K, 28 young (57344K), 1 survivors (2048K)
 Metaspace       used 94332K, committed 94720K, reserved 1179648K
  class space    used 10087K, committed 10304K, reserved 1048576K
}
Event: 18.100 GC heap after
{Heap after GC invocations=32 (full 0):
 garbage-first heap   total 270336K, used 130526K [0x0000000703a00000, 0x0000000800000000)
  region size 2048K, 2 young (4096K), 2 survivors (4096K)
 Metaspace       used 94332K, committed 94720K, reserved 1179648K
  class space    used 10087K, committed 10304K, reserved 1048576K
}
Event: 19.193 GC heap before
{Heap before GC invocations=33 (full 0):
 garbage-first heap   total 270336K, used 216542K [0x0000000703a00000, 0x0000000800000000)
  region size 2048K, 44 young (90112K), 2 survivors (4096K)
 Metaspace       used 96270K, committed 96704K, reserved 1179648K
  class space    used 10161K, committed 10368K, reserved 1048576K
}
Event: 19.200 GC heap after
{Heap after GC invocations=34 (full 0):
 garbage-first heap   total 270336K, used 136777K [0x0000000703a00000, 0x0000000800000000)
  region size 2048K, 5 young (10240K), 5 survivors (10240K)
 Metaspace       used 96270K, committed 96704K, reserved 1179648K
  class space    used 10161K, committed 10368K, reserved 1048576K
}
Event: 19.224 GC heap before
{Heap before GC invocations=34 (full 0):
 garbage-first heap   total 270336K, used 138825K [0x0000000703a00000, 0x0000000800000000)
  region size 2048K, 6 young (12288K), 5 survivors (10240K)
 Metaspace       used 96284K, committed 96704K, reserved 1179648K
  class space    used 10161K, committed 10368K, reserved 1048576K
}
Event: 19.233 GC heap after
{Heap after GC invocations=35 (full 0):
 garbage-first heap   total 270336K, used 136068K [0x0000000703a00000, 0x0000000800000000)
  region size 2048K, 1 young (2048K), 1 survivors (2048K)
 Metaspace       used 96284K, committed 96704K, reserved 1179648K
  class space    used 10161K, committed 10368K, reserved 1048576K
}
Event: 19.675 GC heap before
{Heap before GC invocations=35 (full 0):
 garbage-first heap   total 270336K, used 217988K [0x0000000703a00000, 0x0000000800000000)
  region size 2048K, 41 young (83968K), 1 survivors (2048K)
 Metaspace       used 96594K, committed 97024K, reserved 1179648K
  class space    used 10166K, committed 10368K, reserved 1048576K
}
Event: 19.679 GC heap after
{Heap after GC invocations=36 (full 0):
 garbage-first heap   total 270336K, used 139848K [0x0000000703a00000, 0x0000000800000000)
  region size 2048K, 3 young (6144K), 3 survivors (6144K)
 Metaspace       used 96594K, committed 97024K, reserved 1179648K
  class space    used 10166K, committed 10368K, reserved 1048576K
}
Event: 20.060 GC heap before
{Heap before GC invocations=37 (full 0):
 garbage-first heap   total 270336K, used 219720K [0x0000000703a00000, 0x0000000800000000)
  region size 2048K, 42 young (86016K), 3 survivors (6144K)
 Metaspace       used 96705K, committed 97152K, reserved 1179648K
  class space    used 10167K, committed 10368K, reserved 1048576K
}
Event: 20.066 GC heap after
{Heap after GC invocations=38 (full 0):
 garbage-first heap   total 270336K, used 143006K [0x0000000703a00000, 0x0000000800000000)
  region size 2048K, 5 young (10240K), 5 survivors (10240K)
 Metaspace       used 96705K, committed 97152K, reserved 1179648K
  class space    used 10167K, committed 10368K, reserved 1048576K
}
Event: 20.080 GC heap before
{Heap before GC invocations=38 (full 0):
 garbage-first heap   total 270336K, used 145054K [0x0000000703a00000, 0x0000000800000000)
  region size 2048K, 6 young (12288K), 5 survivors (10240K)
 Metaspace       used 96710K, committed 97152K, reserved 1179648K
  class space    used 10167K, committed 10368K, reserved 1048576K
}
Event: 20.087 GC heap after
{Heap after GC invocations=39 (full 0):
 garbage-first heap   total 270336K, used 142137K [0x0000000703a00000, 0x0000000800000000)
  region size 2048K, 1 young (2048K), 1 survivors (2048K)
 Metaspace       used 96710K, committed 97152K, reserved 1179648K
  class space    used 10167K, committed 10368K, reserved 1048576K
}
Event: 20.407 GC heap before
{Heap before GC invocations=39 (full 0):
 garbage-first heap   total 270336K, used 222009K [0x0000000703a00000, 0x0000000800000000)
  region size 2048K, 40 young (81920K), 1 survivors (2048K)
 Metaspace       used 96780K, committed 97216K, reserved 1179648K
  class space    used 10167K, committed 10368K, reserved 1048576K
}
Event: 20.413 GC heap after
{Heap after GC invocations=40 (full 0):
 garbage-first heap   total 270336K, used 146179K [0x0000000703a00000, 0x0000000800000000)
  region size 2048K, 3 young (6144K), 3 survivors (6144K)
 Metaspace       used 96780K, committed 97216K, reserved 1179648K
  class space    used 10167K, committed 10368K, reserved 1048576K
}
Event: 20.730 GC heap before
{Heap before GC invocations=40 (full 0):
 garbage-first heap   total 270336K, used 221955K [0x0000000703a00000, 0x0000000800000000)
  region size 2048K, 40 young (81920K), 3 survivors (6144K)
 Metaspace       used 96903K, committed 97344K, reserved 1179648K
  class space    used 10171K, committed 10368K, reserved 1048576K
}

