# JRE version: OpenJDK Runtime Environment (17.0.7) (build 17.0.7+0-b2043.56-10550314)
# Java VM: OpenJDK 64-Bit Server VM (17.0.7+0-b2043.56-10550314, mixed mode, tiered, compressed oops, compressed class ptrs, g1 gc, windows-amd64)
GC Precious Log:
 CPUs: 12 total, 12 available
 Memory: 16147M
 Large Page Support: Disabled
 NUMA Support: Disabled
 Compressed Oops: Enabled (32-bit)
 Heap Region Size: 1M
 Heap Min Capacity: 8M
 Heap Initial Capacity: 254M
 Heap Max Capacity: 2G
 Pre-touch: Disabled
 Parallel Workers: 10
 Concurrent Workers: 3
 Concurrent Refinement Workers: 10
 Periodic GC: Disabled
Heap:
 garbage-first heap   total 418816K, used 170367K [0x0000000080000000, 0x0000000100000000)
  region size 1024K, 10 young (10240K), 10 survivors (10240K)
 Metaspace       used 135569K, committed 136640K, reserved 1179648K
  class space    used 18566K, committed 19072K, reserved 1048576K
GC Heap History (20 events):
Event: 110.562 GC heap after
{Heap after GC invocations=72 (full 0):
 garbage-first heap   total 418816K, used 146483K [0x0000000080000000, 0x0000000100000000)
  region size 1024K, 15 young (15360K), 15 survivors (15360K)
 Metaspace       used 132197K, committed 133184K, reserved 1179648K
  class space    used 18461K, committed 18944K, reserved 1048576K
}
Event: 111.496 GC heap before
{Heap before GC invocations=72 (full 0):
 garbage-first heap   total 418816K, used 238643K [0x0000000080000000, 0x0000000100000000)
  region size 1024K, 107 young (109568K), 15 survivors (15360K)
 Metaspace       used 132843K, committed 133824K, reserved 1179648K
  class space    used 18472K, committed 18944K, reserved 1048576K
}
Event: 111.508 GC heap after
{Heap after GC invocations=73 (full 0):
 garbage-first heap   total 418816K, used 150924K [0x0000000080000000, 0x0000000100000000)
  region size 1024K, 7 young (7168K), 7 survivors (7168K)
 Metaspace       used 132843K, committed 133824K, reserved 1179648K
  class space    used 18472K, committed 18944K, reserved 1048576K
}
Event: 150.868 GC heap before
{Heap before GC invocations=74 (full 0):
 garbage-first heap   total 418816K, used 379276K [0x0000000080000000, 0x0000000100000000)
  region size 1024K, 194 young (198656K), 7 survivors (7168K)
 Metaspace       used 133682K, committed 134720K, reserved 1179648K
  class space    used 18503K, committed 19008K, reserved 1048576K
}
Event: 150.880 GC heap after
{Heap after GC invocations=75 (full 0):
 garbage-first heap   total 418816K, used 158092K [0x0000000080000000, 0x0000000100000000)
  region size 1024K, 14 young (14336K), 14 survivors (14336K)
 Metaspace       used 133682K, committed 134720K, reserved 1179648K
  class space    used 18503K, committed 19008K, reserved 1048576K
}
Event: 150.905 GC heap before
{Heap before GC invocations=75 (full 0):
 garbage-first heap   total 418816K, used 164236K [0x0000000080000000, 0x0000000100000000)
  region size 1024K, 20 young (20480K), 14 survivors (14336K)
 Metaspace       used 133709K, committed 134720K, reserved 1179648K
  class space    used 18503K, committed 19008K, reserved 1048576K
}
Event: 150.915 GC heap after
{Heap after GC invocations=76 (full 0):
 garbage-first heap   total 418816K, used 154399K [0x0000000080000000, 0x0000000100000000)
  region size 1024K, 2 young (2048K), 2 survivors (2048K)
 Metaspace       used 133709K, committed 134720K, reserved 1179648K
  class space    used 18503K, committed 19008K, reserved 1048576K
}
Event: 151.530 GC heap before
{Heap before GC invocations=76 (full 0):
 garbage-first heap   total 418816K, used 227103K [0x0000000080000000, 0x0000000100000000)
  region size 1024K, 75 young (76800K), 2 survivors (2048K)
 Metaspace       used 134076K, committed 135104K, reserved 1179648K
  class space    used 18504K, committed 19008K, reserved 1048576K
}
Event: 151.537 GC heap after
{Heap after GC invocations=77 (full 0):
 garbage-first heap   total 418816K, used 159825K [0x0000000080000000, 0x0000000100000000)
  region size 1024K, 7 young (7168K), 7 survivors (7168K)
 Metaspace       used 134076K, committed 135104K, reserved 1179648K
  class space    used 18504K, committed 19008K, reserved 1048576K
}
Event: 178.962 GC heap before
{Heap before GC invocations=78 (full 0):
 garbage-first heap   total 418816K, used 364625K [0x0000000080000000, 0x0000000100000000)
  region size 1024K, 171 young (175104K), 7 survivors (7168K)
 Metaspace       used 134547K, committed 135552K, reserved 1179648K
  class space    used 18518K, committed 19008K, reserved 1048576K
}
Event: 178.974 GC heap after
{Heap after GC invocations=79 (full 0):
 garbage-first heap   total 418816K, used 167319K [0x0000000080000000, 0x0000000100000000)
  region size 1024K, 15 young (15360K), 15 survivors (15360K)
 Metaspace       used 134547K, committed 135552K, reserved 1179648K
  class space    used 18518K, committed 19008K, reserved 1048576K
}
Event: 178.984 GC heap before
{Heap before GC invocations=79 (full 0):
 garbage-first heap   total 418816K, used 172439K [0x0000000080000000, 0x0000000100000000)
  region size 1024K, 20 young (20480K), 15 survivors (15360K)
 Metaspace       used 134554K, committed 135552K, reserved 1179648K
  class space    used 18518K, committed 19008K, reserved 1048576K
}
Event: 178.994 GC heap after
{Heap after GC invocations=80 (full 0):
 garbage-first heap   total 418816K, used 161770K [0x0000000080000000, 0x0000000100000000)
  region size 1024K, 2 young (2048K), 2 survivors (2048K)
 Metaspace       used 134554K, committed 135552K, reserved 1179648K
  class space    used 18518K, committed 19008K, reserved 1048576K
}
Event: 179.574 GC heap before
{Heap before GC invocations=80 (full 0):
 garbage-first heap   total 418816K, used 258026K [0x0000000080000000, 0x0000000100000000)
  region size 1024K, 98 young (100352K), 2 survivors (2048K)
 Metaspace       used 134790K, committed 135808K, reserved 1179648K
  class space    used 18519K, committed 19008K, reserved 1048576K
}
Event: 179.580 GC heap after
{Heap after GC invocations=81 (full 0):
 garbage-first heap   total 418816K, used 167815K [0x0000000080000000, 0x0000000100000000)
  region size 1024K, 8 young (8192K), 8 survivors (8192K)
 Metaspace       used 134790K, committed 135808K, reserved 1179648K
  class space    used 18519K, committed 19008K, reserved 1048576K
}
Event: 944.281 GC heap before
{Heap before GC invocations=82 (full 0):
 garbage-first heap   total 418816K, used 367495K [0x0000000080000000, 0x0000000100000000)
  region size 1024K, 171 young (175104K), 8 survivors (8192K)
 Metaspace       used 135310K, committed 136384K, reserved 1179648K
  class space    used 18534K, committed 19072K, reserved 1048576K
}
Event: 944.293 GC heap after
{Heap after GC invocations=83 (full 0):
 garbage-first heap   total 418816K, used 169806K [0x0000000080000000, 0x0000000100000000)
  region size 1024K, 14 young (14336K), 14 survivors (14336K)
 Metaspace       used 135310K, committed 136384K, reserved 1179648K
  class space    used 18534K, committed 19072K, reserved 1048576K
}
Event: 944.298 GC heap before
{Heap before GC invocations=83 (full 0):
 garbage-first heap   total 418816K, used 175950K [0x0000000080000000, 0x0000000100000000)
  region size 1024K, 20 young (20480K), 14 survivors (14336K)
 Metaspace       used 135313K, committed 136384K, reserved 1179648K
  class space    used 18534K, committed 19072K, reserved 1048576K
}
Event: 944.308 GC heap after
{Heap after GC invocations=84 (full 0):
 garbage-first heap   total 418816K, used 162155K [0x0000000080000000, 0x0000000100000000)
  region size 1024K, 2 young (2048K), 2 survivors (2048K)
 Metaspace       used 135313K, committed 136384K, reserved 1179648K
  class space    used 18534K, committed 19072K, reserved 1048576K
}
Event: 944.633 GC heap before
{Heap before GC invocations=84 (full 0):
 garbage-first heap   total 418816K, used 333163K [0x0000000080000000, 0x0000000100000000)
  region size 1024K, 170 young (174080K), 2 survivors (2048K)
 Metaspace       used 135569K, committed 136640K, reserved 1179648K
  class space    used 18566K, committed 19072K, reserved 1048576K
}

