# JRE version: OpenJDK Runtime Environment (17.0.7) (build 17.0.7+0-b2043.56-10550314)
# Java VM: OpenJDK 64-Bit Server VM (17.0.7+0-b2043.56-10550314, mixed mode, tiered, compressed oops, compressed class ptrs, g1 gc, windows-amd64)
GC Precious Log:
 CPUs: 12 total, 12 available
 Memory: 16147M
 Large Page Support: Disabled
 NUMA Support: Disabled
 Compressed Oops: Enabled (32-bit)
 Heap Region Size: 1M
 Heap Min Capacity: 8M
 Heap Initial Capacity: 254M
 Heap Max Capacity: 2G
 Pre-touch: Disabled
 Parallel Workers: 10
 Concurrent Workers: 3
 Concurrent Refinement Workers: 10
 Periodic GC: Disabled
Heap:
 garbage-first heap   total 348160K, used 239670K [0x0000000080000000, 0x0000000100000000)
  region size 1024K, 89 young (91136K), 17 survivors (17408K)
 Metaspace       used 121002K, committed 121920K, reserved 1179648K
  class space    used 17413K, committed 17856K, reserved 1048576K
GC Heap History (20 events):
Event: 10.142 GC heap before
{Heap before GC invocations=44 (full 0):
 garbage-first heap   total 172032K, used 141088K [0x0000000080000000, 0x0000000100000000)
  region size 1024K, 57 young (58368K), 1 survivors (1024K)
 Metaspace       used 89734K, committed 90432K, reserved 1179648K
  class space    used 12271K, committed 12608K, reserved 1048576K
}
Event: 10.145 GC heap after
{Heap after GC invocations=45 (full 0):
 garbage-first heap   total 172032K, used 87206K [0x0000000080000000, 0x0000000100000000)
  region size 1024K, 4 young (4096K), 4 survivors (4096K)
 Metaspace       used 89734K, committed 90432K, reserved 1179648K
  class space    used 12271K, committed 12608K, reserved 1048576K
}
Event: 10.701 GC heap before
{Heap before GC invocations=46 (full 0):
 garbage-first heap   total 172032K, used 141478K [0x0000000080000000, 0x0000000100000000)
  region size 1024K, 57 young (58368K), 4 survivors (4096K)
 Metaspace       used 94954K, committed 95616K, reserved 1179648K
  class space    used 13030K, committed 13376K, reserved 1048576K
}
Event: 10.706 GC heap after
{Heap after GC invocations=47 (full 0):
 garbage-first heap   total 172032K, used 90186K [0x0000000080000000, 0x0000000100000000)
  region size 1024K, 7 young (7168K), 7 survivors (7168K)
 Metaspace       used 94954K, committed 95616K, reserved 1179648K
  class space    used 13030K, committed 13376K, reserved 1048576K
}
Event: 10.718 GC heap before
{Heap before GC invocations=47 (full 0):
 garbage-first heap   total 172032K, used 91210K [0x0000000080000000, 0x0000000100000000)
  region size 1024K, 8 young (8192K), 7 survivors (7168K)
 Metaspace       used 95005K, committed 95680K, reserved 1179648K
  class space    used 13036K, committed 13376K, reserved 1048576K
}
Event: 10.724 GC heap after
{Heap after GC invocations=48 (full 0):
 garbage-first heap   total 172032K, used 90312K [0x0000000080000000, 0x0000000100000000)
  region size 1024K, 1 young (1024K), 1 survivors (1024K)
 Metaspace       used 95005K, committed 95680K, reserved 1179648K
  class space    used 13036K, committed 13376K, reserved 1048576K
}
Event: 11.156 GC heap before
{Heap before GC invocations=48 (full 0):
 garbage-first heap   total 172032K, used 142536K [0x0000000080000000, 0x0000000100000000)
  region size 1024K, 52 young (53248K), 1 survivors (1024K)
 Metaspace       used 96395K, committed 97088K, reserved 1179648K
  class space    used 13229K, committed 13568K, reserved 1048576K
}
Event: 11.161 GC heap after
{Heap after GC invocations=49 (full 0):
 garbage-first heap   total 172032K, used 96036K [0x0000000080000000, 0x0000000100000000)
  region size 1024K, 7 young (7168K), 7 survivors (7168K)
 Metaspace       used 96395K, committed 97088K, reserved 1179648K
  class space    used 13229K, committed 13568K, reserved 1048576K
}
Event: 11.557 GC heap before
{Heap before GC invocations=50 (full 0):
 garbage-first heap   total 174080K, used 145188K [0x0000000080000000, 0x0000000100000000)
  region size 1024K, 51 young (52224K), 7 survivors (7168K)
 Metaspace       used 99193K, committed 99840K, reserved 1179648K
  class space    used 13550K, committed 13888K, reserved 1048576K
}
Event: 11.564 GC heap after
{Heap after GC invocations=51 (full 0):
 garbage-first heap   total 174080K, used 103038K [0x0000000080000000, 0x0000000100000000)
  region size 1024K, 7 young (7168K), 7 survivors (7168K)
 Metaspace       used 99193K, committed 99840K, reserved 1179648K
  class space    used 13550K, committed 13888K, reserved 1048576K
}
Event: 11.569 GC heap before
{Heap before GC invocations=51 (full 0):
 garbage-first heap   total 174080K, used 103038K [0x0000000080000000, 0x0000000100000000)
  region size 1024K, 8 young (8192K), 7 survivors (7168K)
 Metaspace       used 99246K, committed 99904K, reserved 1179648K
  class space    used 13559K, committed 13888K, reserved 1048576K
}
Event: 11.573 GC heap after
{Heap after GC invocations=52 (full 0):
 garbage-first heap   total 348160K, used 103527K [0x0000000080000000, 0x0000000100000000)
  region size 1024K, 1 young (1024K), 1 survivors (1024K)
 Metaspace       used 99246K, committed 99904K, reserved 1179648K
  class space    used 13559K, committed 13888K, reserved 1048576K
}
Event: 12.464 GC heap before
{Heap before GC invocations=52 (full 0):
 garbage-first heap   total 348160K, used 263271K [0x0000000080000000, 0x0000000100000000)
  region size 1024K, 158 young (161792K), 1 survivors (1024K)
 Metaspace       used 101267K, committed 101952K, reserved 1179648K
  class space    used 13862K, committed 14208K, reserved 1048576K
}
Event: 12.474 GC heap after
{Heap after GC invocations=53 (full 0):
 garbage-first heap   total 348160K, used 116500K [0x0000000080000000, 0x0000000100000000)
  region size 1024K, 14 young (14336K), 14 survivors (14336K)
 Metaspace       used 101267K, committed 101952K, reserved 1179648K
  class space    used 13862K, committed 14208K, reserved 1048576K
}
Event: 13.095 GC heap before
{Heap before GC invocations=53 (full 0):
 garbage-first heap   total 348160K, used 264980K [0x0000000080000000, 0x0000000100000000)
  region size 1024K, 160 young (163840K), 14 survivors (14336K)
 Metaspace       used 104229K, committed 104896K, reserved 1179648K
  class space    used 14282K, committed 14592K, reserved 1048576K
}
Event: 13.109 GC heap after
{Heap after GC invocations=54 (full 0):
 garbage-first heap   total 348160K, used 129050K [0x0000000080000000, 0x0000000100000000)
  region size 1024K, 15 young (15360K), 15 survivors (15360K)
 Metaspace       used 104229K, committed 104896K, reserved 1179648K
  class space    used 14282K, committed 14592K, reserved 1048576K
}
Event: 13.720 GC heap before
{Heap before GC invocations=54 (full 0):
 garbage-first heap   total 348160K, used 275482K [0x0000000080000000, 0x0000000100000000)
  region size 1024K, 155 young (158720K), 15 survivors (15360K)
 Metaspace       used 111111K, committed 111872K, reserved 1179648K
  class space    used 15457K, committed 15808K, reserved 1048576K
}
Event: 13.739 GC heap after
{Heap after GC invocations=55 (full 0):
 garbage-first heap   total 348160K, used 153292K [0x0000000080000000, 0x0000000100000000)
  region size 1024K, 20 young (20480K), 20 survivors (20480K)
 Metaspace       used 111111K, committed 111872K, reserved 1179648K
  class space    used 15457K, committed 15808K, reserved 1048576K
}
Event: 14.251 GC heap before
{Heap before GC invocations=55 (full 0):
 garbage-first heap   total 348160K, used 273100K [0x0000000080000000, 0x0000000100000000)
  region size 1024K, 138 young (141312K), 20 survivors (20480K)
 Metaspace       used 117649K, committed 118464K, reserved 1179648K
  class space    used 16794K, committed 17152K, reserved 1048576K
}
Event: 14.269 GC heap after
{Heap after GC invocations=56 (full 0):
 garbage-first heap   total 348160K, used 167990K [0x0000000080000000, 0x0000000100000000)
  region size 1024K, 17 young (17408K), 17 survivors (17408K)
 Metaspace       used 117649K, committed 118464K, reserved 1179648K
  class space    used 16794K, committed 17152K, reserved 1048576K
}

