# JRE version: OpenJDK Runtime Environment (17.0.7) (build 17.0.7+0-b2043.56-10550314)
# Java VM: OpenJDK 64-Bit Server VM (17.0.7+0-b2043.56-10550314, mixed mode, tiered, compressed oops, compressed class ptrs, g1 gc, windows-amd64)
GC Precious Log:
 CPUs: 12 total, 12 available
 Memory: 16147M
 Large Page Support: Disabled
 NUMA Support: Disabled
 Compressed Oops: Enabled (32-bit)
 Heap Region Size: 1M
 Heap Min Capacity: 8M
 Heap Initial Capacity: 254M
 Heap Max Capacity: 2G
 Pre-touch: Disabled
 Parallel Workers: 10
 Concurrent Workers: 3
 Concurrent Refinement Workers: 10
 Periodic GC: Disabled
Heap:
 garbage-first heap   total 260096K, used 127816K [0x0000000080000000, 0x0000000100000000)
  region size 1024K, 6 young (6144K), 6 survivors (6144K)
 Metaspace       used 106331K, committed 107072K, reserved 1179648K
  class space    used 14533K, committed 14912K, reserved 1048576K
GC Heap History (20 events):
Event: 8.914 GC heap after
{Heap after GC invocations=41 (full 0):
 garbage-first heap   total 148480K, used 83189K [0x0000000080000000, 0x0000000100000000)
  region size 1024K, 1 young (1024K), 1 survivors (1024K)
 Metaspace       used 82399K, committed 83008K, reserved 1179648K
  class space    used 11105K, committed 11392K, reserved 1048576K
}
Event: 9.288 GC heap before
{Heap before GC invocations=41 (full 0):
 garbage-first heap   total 148480K, used 122101K [0x0000000080000000, 0x0000000100000000)
  region size 1024K, 39 young (39936K), 1 survivors (1024K)
 Metaspace       used 85429K, committed 86016K, reserved 1179648K
  class space    used 11640K, committed 11904K, reserved 1048576K
}
Event: 9.291 GC heap after
{Heap after GC invocations=42 (full 0):
 garbage-first heap   total 246784K, used 84510K [0x0000000080000000, 0x0000000100000000)
  region size 1024K, 2 young (2048K), 2 survivors (2048K)
 Metaspace       used 85429K, committed 86016K, reserved 1179648K
  class space    used 11640K, committed 11904K, reserved 1048576K
}
Event: 10.510 GC heap before
{Heap before GC invocations=43 (full 0):
 garbage-first heap   total 246784K, used 192030K [0x0000000080000000, 0x0000000100000000)
  region size 1024K, 107 young (109568K), 2 survivors (2048K)
 Metaspace       used 94865K, committed 95488K, reserved 1179648K
  class space    used 13010K, committed 13312K, reserved 1048576K
}
Event: 10.517 GC heap after
{Heap after GC invocations=44 (full 0):
 garbage-first heap   total 246784K, used 90700K [0x0000000080000000, 0x0000000100000000)
  region size 1024K, 8 young (8192K), 8 survivors (8192K)
 Metaspace       used 94865K, committed 95488K, reserved 1179648K
  class space    used 13010K, committed 13312K, reserved 1048576K
}
Event: 10.562 GC heap before
{Heap before GC invocations=44 (full 0):
 garbage-first heap   total 246784K, used 94796K [0x0000000080000000, 0x0000000100000000)
  region size 1024K, 12 young (12288K), 8 survivors (8192K)
 Metaspace       used 95046K, committed 95616K, reserved 1179648K
  class space    used 13033K, committed 13312K, reserved 1048576K
}
Event: 10.568 GC heap after
{Heap after GC invocations=45 (full 0):
 garbage-first heap   total 246784K, used 91443K [0x0000000080000000, 0x0000000100000000)
  region size 1024K, 2 young (2048K), 2 survivors (2048K)
 Metaspace       used 95046K, committed 95616K, reserved 1179648K
  class space    used 13033K, committed 13312K, reserved 1048576K
}
Event: 11.142 GC heap before
{Heap before GC invocations=45 (full 0):
 garbage-first heap   total 246784K, used 171315K [0x0000000080000000, 0x0000000100000000)
  region size 1024K, 82 young (83968K), 2 survivors (2048K)
 Metaspace       used 97379K, committed 98112K, reserved 1179648K
  class space    used 13302K, committed 13632K, reserved 1048576K
}
Event: 11.150 GC heap after
{Heap after GC invocations=46 (full 0):
 garbage-first heap   total 246784K, used 103156K [0x0000000080000000, 0x0000000100000000)
  region size 1024K, 13 young (13312K), 13 survivors (13312K)
 Metaspace       used 97379K, committed 98112K, reserved 1179648K
  class space    used 13302K, committed 13632K, reserved 1048576K
}
Event: 11.739 GC heap before
{Heap before GC invocations=47 (full 0):
 garbage-first heap   total 246784K, used 197364K [0x0000000080000000, 0x0000000100000000)
  region size 1024K, 101 young (103424K), 13 survivors (13312K)
 Metaspace       used 100455K, committed 101184K, reserved 1179648K
  class space    used 13783K, committed 14144K, reserved 1048576K
}
Event: 11.751 GC heap after
{Heap after GC invocations=48 (full 0):
 garbage-first heap   total 246784K, used 111530K [0x0000000080000000, 0x0000000100000000)
  region size 1024K, 9 young (9216K), 9 survivors (9216K)
 Metaspace       used 100455K, committed 101184K, reserved 1179648K
  class space    used 13783K, committed 14144K, reserved 1048576K
}
Event: 11.758 GC heap before
{Heap before GC invocations=48 (full 0):
 garbage-first heap   total 246784K, used 113578K [0x0000000080000000, 0x0000000100000000)
  region size 1024K, 12 young (12288K), 9 survivors (9216K)
 Metaspace       used 100490K, committed 101184K, reserved 1179648K
  class space    used 13786K, committed 14144K, reserved 1048576K
}
Event: 11.763 GC heap after
{Heap after GC invocations=49 (full 0):
 garbage-first heap   total 246784K, used 112667K [0x0000000080000000, 0x0000000100000000)
  region size 1024K, 2 young (2048K), 2 survivors (2048K)
 Metaspace       used 100490K, committed 101184K, reserved 1179648K
  class space    used 13786K, committed 14144K, reserved 1048576K
}
Event: 12.240 GC heap before
{Heap before GC invocations=49 (full 0):
 garbage-first heap   total 246784K, used 194587K [0x0000000080000000, 0x0000000100000000)
  region size 1024K, 83 young (84992K), 2 survivors (2048K)
 Metaspace       used 101203K, committed 101952K, reserved 1179648K
  class space    used 13856K, committed 14208K, reserved 1048576K
}
Event: 12.246 GC heap after
{Heap after GC invocations=50 (full 0):
 garbage-first heap   total 246784K, used 118606K [0x0000000080000000, 0x0000000100000000)
  region size 1024K, 8 young (8192K), 8 survivors (8192K)
 Metaspace       used 101203K, committed 101952K, reserved 1179648K
  class space    used 13856K, committed 14208K, reserved 1048576K
}
Event: 13.080 GC heap before
{Heap before GC invocations=51 (full 0):
 garbage-first heap   total 246784K, used 196430K [0x0000000080000000, 0x0000000100000000)
  region size 1024K, 85 young (87040K), 8 survivors (8192K)
 Metaspace       used 104707K, committed 105472K, reserved 1179648K
  class space    used 14303K, committed 14656K, reserved 1048576K
}
Event: 13.087 GC heap after
{Heap after GC invocations=52 (full 0):
 garbage-first heap   total 246784K, used 124145K [0x0000000080000000, 0x0000000100000000)
  region size 1024K, 7 young (7168K), 7 survivors (7168K)
 Metaspace       used 104707K, committed 105472K, reserved 1179648K
  class space    used 14303K, committed 14656K, reserved 1048576K
}
Event: 13.097 GC heap before
{Heap before GC invocations=52 (full 0):
 garbage-first heap   total 246784K, used 128241K [0x0000000080000000, 0x0000000100000000)
  region size 1024K, 12 young (12288K), 7 survivors (7168K)
 Metaspace       used 104802K, committed 105472K, reserved 1179648K
  class space    used 14314K, committed 14656K, reserved 1048576K
}
Event: 13.102 GC heap after
{Heap after GC invocations=53 (full 0):
 garbage-first heap   total 246784K, used 123115K [0x0000000080000000, 0x0000000100000000)
  region size 1024K, 2 young (2048K), 2 survivors (2048K)
 Metaspace       used 104802K, committed 105472K, reserved 1179648K
  class space    used 14314K, committed 14656K, reserved 1048576K
}
Event: 14.571 GC heap before
{Heap before GC invocations=53 (full 0):
 garbage-first heap   total 246784K, used 198891K [0x0000000080000000, 0x0000000100000000)
  region size 1024K, 77 young (78848K), 2 survivors (2048K)
 Metaspace       used 106331K, committed 107072K, reserved 1179648K
  class space    used 14533K, committed 14912K, reserved 1048576K
}

