# JRE version: OpenJDK Runtime Environment (17.0.7) (build 17.0.7+0-b2043.56-10550314)
# Java VM: OpenJDK 64-Bit Server VM (17.0.7+0-b2043.56-10550314, mixed mode, tiered, compressed oops, compressed class ptrs, g1 gc, windows-amd64)
GC Precious Log:
 CPUs: 12 total, 12 available
 Memory: 16147M
 Large Page Support: Disabled
 NUMA Support: Disabled
 Compressed Oops: Enabled (32-bit)
 Heap Region Size: 1M
 Heap Min Capacity: 8M
 Heap Initial Capacity: 254M
 Heap Max Capacity: 2G
 Pre-touch: Disabled
 Parallel Workers: 10
 Concurrent Workers: 3
 Concurrent Refinement Workers: 10
 Periodic GC: Disabled
Heap:
 garbage-first heap   total 343040K, used 165318K [0x0000000080000000, 0x0000000100000000)
  region size 1024K, 26 young (26624K), 11 survivors (11264K)
 Metaspace       used 135543K, committed 136704K, reserved 1179648K
  class space    used 18903K, committed 19456K, reserved 1048576K
GC Heap History (20 events):
Event: 17.965 GC heap before
{Heap before GC invocations=36 (full 0):
 garbage-first heap   total 176128K, used 143372K [0x0000000080000000, 0x0000000100000000)
  region size 1024K, 41 young (41984K), 6 survivors (6144K)
 Metaspace       used 101741K, committed 102464K, reserved 1179648K
  class space    used 13992K, committed 14336K, reserved 1048576K
}
Event: 17.970 GC heap after
{Heap after GC invocations=37 (full 0):
 garbage-first heap   total 176128K, used 111333K [0x0000000080000000, 0x0000000100000000)
  region size 1024K, 4 young (4096K), 4 survivors (4096K)
 Metaspace       used 101741K, committed 102464K, reserved 1179648K
  class space    used 13992K, committed 14336K, reserved 1048576K
}
Event: 18.317 GC heap before
{Heap before GC invocations=37 (full 0):
 garbage-first heap   total 176128K, used 145125K [0x0000000080000000, 0x0000000100000000)
  region size 1024K, 38 young (38912K), 4 survivors (4096K)
 Metaspace       used 102186K, committed 102848K, reserved 1179648K
  class space    used 14024K, committed 14336K, reserved 1048576K
}
Event: 18.321 GC heap after
{Heap after GC invocations=38 (full 0):
 garbage-first heap   total 176128K, used 114447K [0x0000000080000000, 0x0000000100000000)
  region size 1024K, 4 young (4096K), 4 survivors (4096K)
 Metaspace       used 102186K, committed 102848K, reserved 1179648K
  class space    used 14024K, committed 14336K, reserved 1048576K
}
Event: 18.567 GC heap before
{Heap before GC invocations=38 (full 0):
 garbage-first heap   total 176128K, used 146191K [0x0000000080000000, 0x0000000100000000)
  region size 1024K, 36 young (36864K), 4 survivors (4096K)
 Metaspace       used 102462K, committed 103232K, reserved 1179648K
  class space    used 14038K, committed 14400K, reserved 1048576K
}
Event: 18.571 GC heap after
{Heap after GC invocations=39 (full 0):
 garbage-first heap   total 176128K, used 116560K [0x0000000080000000, 0x0000000100000000)
  region size 1024K, 3 young (3072K), 3 survivors (3072K)
 Metaspace       used 102462K, committed 103232K, reserved 1179648K
  class space    used 14038K, committed 14400K, reserved 1048576K
}
Event: 18.723 GC heap before
{Heap before GC invocations=39 (full 0):
 garbage-first heap   total 176128K, used 146256K [0x0000000080000000, 0x0000000100000000)
  region size 1024K, 33 young (33792K), 3 survivors (3072K)
 Metaspace       used 102584K, committed 103296K, reserved 1179648K
  class space    used 14042K, committed 14400K, reserved 1048576K
}
Event: 18.728 GC heap after
{Heap after GC invocations=40 (full 0):
 garbage-first heap   total 343040K, used 118751K [0x0000000080000000, 0x0000000100000000)
  region size 1024K, 5 young (5120K), 5 survivors (5120K)
 Metaspace       used 102584K, committed 103296K, reserved 1179648K
  class space    used 14042K, committed 14400K, reserved 1048576K
}
Event: 293.437 GC heap before
{Heap before GC invocations=40 (full 0):
 garbage-first heap   total 343040K, used 269279K [0x0000000080000000, 0x0000000100000000)
  region size 1024K, 153 young (156672K), 5 survivors (5120K)
 Metaspace       used 108385K, committed 109184K, reserved 1179648K
  class space    used 14533K, committed 14912K, reserved 1048576K
}
Event: 293.449 GC heap after
{Heap after GC invocations=41 (full 0):
 garbage-first heap   total 343040K, used 128127K [0x0000000080000000, 0x0000000100000000)
  region size 1024K, 14 young (14336K), 14 survivors (14336K)
 Metaspace       used 108385K, committed 109184K, reserved 1179648K
  class space    used 14533K, committed 14912K, reserved 1048576K
}
Event: 754.473 GC heap before
{Heap before GC invocations=41 (full 0):
 garbage-first heap   total 343040K, used 273535K [0x0000000080000000, 0x0000000100000000)
  region size 1024K, 157 young (160768K), 14 survivors (14336K)
 Metaspace       used 109572K, committed 110336K, reserved 1179648K
  class space    used 14619K, committed 14976K, reserved 1048576K
}
Event: 754.485 GC heap after
{Heap after GC invocations=42 (full 0):
 garbage-first heap   total 343040K, used 131910K [0x0000000080000000, 0x0000000100000000)
  region size 1024K, 14 young (14336K), 14 survivors (14336K)
 Metaspace       used 109572K, committed 110336K, reserved 1179648K
  class space    used 14619K, committed 14976K, reserved 1048576K
}
Event: 764.177 GC heap before
{Heap before GC invocations=42 (full 0):
 garbage-first heap   total 343040K, used 276294K [0x0000000080000000, 0x0000000100000000)
  region size 1024K, 156 young (159744K), 14 survivors (14336K)
 Metaspace       used 123378K, committed 124352K, reserved 1179648K
  class space    used 16781K, committed 17280K, reserved 1048576K
}
Event: 764.189 GC heap after
{Heap after GC invocations=43 (full 0):
 garbage-first heap   total 343040K, used 139723K [0x0000000080000000, 0x0000000100000000)
  region size 1024K, 18 young (18432K), 18 survivors (18432K)
 Metaspace       used 123378K, committed 124352K, reserved 1179648K
  class space    used 16781K, committed 17280K, reserved 1048576K
}
Event: 784.065 GC heap before
{Heap before GC invocations=43 (full 0):
 garbage-first heap   total 343040K, used 312779K [0x0000000080000000, 0x0000000100000000)
  region size 1024K, 154 young (157696K), 18 survivors (18432K)
 Metaspace       used 134417K, committed 135424K, reserved 1179648K
  class space    used 18833K, committed 19328K, reserved 1048576K
}
Event: 784.078 GC heap after
{Heap after GC invocations=44 (full 0):
 garbage-first heap   total 343040K, used 144597K [0x0000000080000000, 0x0000000100000000)
  region size 1024K, 14 young (14336K), 14 survivors (14336K)
 Metaspace       used 134417K, committed 135424K, reserved 1179648K
  class space    used 18833K, committed 19328K, reserved 1048576K
}
Event: 896.216 GC heap before
{Heap before GC invocations=44 (full 0):
 garbage-first heap   total 343040K, used 281813K [0x0000000080000000, 0x0000000100000000)
  region size 1024K, 148 young (151552K), 14 survivors (14336K)
 Metaspace       used 135028K, committed 136128K, reserved 1179648K
  class space    used 18885K, committed 19456K, reserved 1048576K
}
Event: 896.227 GC heap after
{Heap after GC invocations=45 (full 0):
 garbage-first heap   total 343040K, used 149312K [0x0000000080000000, 0x0000000100000000)
  region size 1024K, 13 young (13312K), 13 survivors (13312K)
 Metaspace       used 135028K, committed 136128K, reserved 1179648K
  class space    used 18885K, committed 19456K, reserved 1048576K
}
Event: 995.291 GC heap before
{Heap before GC invocations=45 (full 0):
 garbage-first heap   total 343040K, used 281408K [0x0000000080000000, 0x0000000100000000)
  region size 1024K, 143 young (146432K), 13 survivors (13312K)
 Metaspace       used 135479K, committed 136640K, reserved 1179648K
  class space    used 18901K, committed 19456K, reserved 1048576K
}
Event: 995.304 GC heap after
{Heap after GC invocations=46 (full 0):
 garbage-first heap   total 343040K, used 152006K [0x0000000080000000, 0x0000000100000000)
  region size 1024K, 11 young (11264K), 11 survivors (11264K)
 Metaspace       used 135479K, committed 136640K, reserved 1179648K
  class space    used 18901K, committed 19456K, reserved 1048576K
}

