# JRE version: OpenJDK Runtime Environment (17.0.7) (build 17.0.7+0-b2043.56-10550314)
# Java VM: OpenJDK 64-Bit Server VM (17.0.7+0-b2043.56-10550314, mixed mode, tiered, compressed oops, compressed class ptrs, g1 gc, windows-amd64)
GC Precious Log:
 CPUs: 12 total, 12 available
 Memory: 16147M
 Large Page Support: Disabled
 NUMA Support: Disabled
 Compressed Oops: Enabled (32-bit)
 Heap Region Size: 1M
 Heap Min Capacity: 8M
 Heap Initial Capacity: 254M
 Heap Max Capacity: 2G
 Pre-touch: Disabled
 Parallel Workers: 10
 Concurrent Workers: 3
 Concurrent Refinement Workers: 10
 Periodic GC: Disabled
Heap:
 garbage-first heap   total 438272K, used 170357K [0x0000000080000000, 0x0000000100000000)
  region size 1024K, 7 young (7168K), 3 survivors (3072K)
 Metaspace       used 142444K, committed 143552K, reserved 1179648K
  class space    used 19881K, committed 20416K, reserved 1048576K
GC Heap History (20 events):
Event: 622.711 GC heap before
{Heap before GC invocations=63 (full 0):
 garbage-first heap   total 368640K, used 179277K [0x0000000080000000, 0x0000000100000000)
  region size 1024K, 16 young (16384K), 7 survivors (7168K)
 Metaspace       used 139791K, committed 140800K, reserved 1179648K
  class space    used 19680K, committed 20224K, reserved 1048576K
}
Event: 622.717 GC heap after
{Heap after GC invocations=64 (full 0):
 garbage-first heap   total 368640K, used 172210K [0x0000000080000000, 0x0000000100000000)
  region size 1024K, 8 young (8192K), 8 survivors (8192K)
 Metaspace       used 139791K, committed 140800K, reserved 1179648K
  class space    used 19680K, committed 20224K, reserved 1048576K
}
Event: 967.667 GC heap before
{Heap before GC invocations=65 (full 0):
 garbage-first heap   total 368640K, used 347314K [0x0000000080000000, 0x0000000100000000)
  region size 1024K, 141 young (144384K), 8 survivors (8192K)
 Metaspace       used 140373K, committed 141376K, reserved 1179648K
  class space    used 19727K, committed 20224K, reserved 1048576K
}
Event: 967.671 GC heap after
{Heap after GC invocations=66 (full 0):
 garbage-first heap   total 368640K, used 165584K [0x0000000080000000, 0x0000000100000000)
  region size 1024K, 3 young (3072K), 3 survivors (3072K)
 Metaspace       used 140373K, committed 141376K, reserved 1179648K
  class space    used 19727K, committed 20224K, reserved 1048576K
}
Event: 967.757 GC heap before
{Heap before GC invocations=66 (full 0):
 garbage-first heap   total 368640K, used 179920K [0x0000000080000000, 0x0000000100000000)
  region size 1024K, 18 young (18432K), 3 survivors (3072K)
 Metaspace       used 140381K, committed 141376K, reserved 1179648K
  class space    used 19727K, committed 20224K, reserved 1048576K
}
Event: 967.769 GC heap after
{Heap after GC invocations=67 (full 0):
 garbage-first heap   total 368640K, used 146134K [0x0000000080000000, 0x0000000100000000)
  region size 1024K, 3 young (3072K), 3 survivors (3072K)
 Metaspace       used 140381K, committed 141376K, reserved 1179648K
  class space    used 19727K, committed 20224K, reserved 1048576K
}
Event: 969.662 GC heap before
{Heap before GC invocations=67 (full 0):
 garbage-first heap   total 368640K, used 281302K [0x0000000080000000, 0x0000000100000000)
  region size 1024K, 137 young (140288K), 3 survivors (3072K)
 Metaspace       used 140700K, committed 141760K, reserved 1179648K
  class space    used 19733K, committed 20224K, reserved 1048576K
}
Event: 969.673 GC heap after
{Heap after GC invocations=68 (full 0):
 garbage-first heap   total 368640K, used 155365K [0x0000000080000000, 0x0000000100000000)
  region size 1024K, 12 young (12288K), 12 survivors (12288K)
 Metaspace       used 140700K, committed 141760K, reserved 1179648K
  class space    used 19733K, committed 20224K, reserved 1048576K
}
Event: 1035.219 GC heap before
{Heap before GC invocations=69 (full 0):
 garbage-first heap   total 368640K, used 341733K [0x0000000080000000, 0x0000000100000000)
  region size 1024K, 159 young (162816K), 12 survivors (12288K)
 Metaspace       used 141067K, committed 142144K, reserved 1179648K
  class space    used 19753K, committed 20288K, reserved 1048576K
}
Event: 1035.231 GC heap after
{Heap after GC invocations=70 (full 0):
 garbage-first heap   total 368640K, used 157567K [0x0000000080000000, 0x0000000100000000)
  region size 1024K, 14 young (14336K), 14 survivors (14336K)
 Metaspace       used 141067K, committed 142144K, reserved 1179648K
  class space    used 19753K, committed 20288K, reserved 1048576K
}
Event: 1035.235 GC heap before
{Heap before GC invocations=70 (full 0):
 garbage-first heap   total 368640K, used 161663K [0x0000000080000000, 0x0000000100000000)
  region size 1024K, 18 young (18432K), 14 survivors (14336K)
 Metaspace       used 141068K, committed 142144K, reserved 1179648K
  class space    used 19753K, committed 20288K, reserved 1048576K
}
Event: 1035.247 GC heap after
{Heap after GC invocations=71 (full 0):
 garbage-first heap   total 368640K, used 155360K [0x0000000080000000, 0x0000000100000000)
  region size 1024K, 2 young (2048K), 2 survivors (2048K)
 Metaspace       used 141068K, committed 142144K, reserved 1179648K
  class space    used 19753K, committed 20288K, reserved 1048576K
}
Event: 1035.801 GC heap before
{Heap before GC invocations=71 (full 0):
 garbage-first heap   total 368640K, used 255712K [0x0000000080000000, 0x0000000100000000)
  region size 1024K, 102 young (104448K), 2 survivors (2048K)
 Metaspace       used 141159K, committed 142208K, reserved 1179648K
  class space    used 19753K, committed 20288K, reserved 1048576K
}
Event: 1035.807 GC heap after
{Heap after GC invocations=72 (full 0):
 garbage-first heap   total 368640K, used 161012K [0x0000000080000000, 0x0000000100000000)
  region size 1024K, 7 young (7168K), 7 survivors (7168K)
 Metaspace       used 141159K, committed 142208K, reserved 1179648K
  class space    used 19753K, committed 20288K, reserved 1048576K
}
Event: 1800.925 GC heap before
{Heap before GC invocations=73 (full 0):
 garbage-first heap   total 368640K, used 343284K [0x0000000080000000, 0x0000000100000000)
  region size 1024K, 145 young (148480K), 7 survivors (7168K)
 Metaspace       used 141405K, committed 142464K, reserved 1179648K
  class space    used 19755K, committed 20288K, reserved 1048576K
}
Event: 1800.935 GC heap after
{Heap after GC invocations=74 (full 0):
 garbage-first heap   total 368640K, used 165274K [0x0000000080000000, 0x0000000100000000)
  region size 1024K, 11 young (11264K), 11 survivors (11264K)
 Metaspace       used 141405K, committed 142464K, reserved 1179648K
  class space    used 19755K, committed 20288K, reserved 1048576K
}
Event: 1800.969 GC heap before
{Heap before GC invocations=74 (full 0):
 garbage-first heap   total 368640K, used 171418K [0x0000000080000000, 0x0000000100000000)
  region size 1024K, 18 young (18432K), 11 survivors (11264K)
 Metaspace       used 141414K, committed 142464K, reserved 1179648K
  class space    used 19755K, committed 20288K, reserved 1048576K
}
Event: 1800.980 GC heap after
{Heap after GC invocations=75 (full 0):
 garbage-first heap   total 368640K, used 157477K [0x0000000080000000, 0x0000000100000000)
  region size 1024K, 2 young (2048K), 2 survivors (2048K)
 Metaspace       used 141414K, committed 142464K, reserved 1179648K
  class space    used 19755K, committed 20288K, reserved 1048576K
}
Event: 1810.162 GC heap before
{Heap before GC invocations=75 (full 0):
 garbage-first heap   total 368640K, used 299813K [0x0000000080000000, 0x0000000100000000)
  region size 1024K, 142 young (145408K), 2 survivors (2048K)
 Metaspace       used 142425K, committed 143488K, reserved 1179648K
  class space    used 19880K, committed 20416K, reserved 1048576K
}
Event: 1810.173 GC heap after
{Heap after GC invocations=76 (full 0):
 garbage-first heap   total 438272K, used 170541K [0x0000000080000000, 0x0000000100000000)
  region size 1024K, 15 young (15360K), 15 survivors (15360K)
 Metaspace       used 142425K, committed 143488K, reserved 1179648K
  class space    used 19880K, committed 20416K, reserved 1048576K
}

