# JRE version: OpenJDK Runtime Environment (17.0.7) (build 17.0.7+0-b2043.56-10550314)
# Java VM: OpenJDK 64-Bit Server VM (17.0.7+0-b2043.56-10550314, mixed mode, tiered, compressed oops, compressed class ptrs, g1 gc, windows-amd64)
GC Precious Log:
 CPUs: 12 total, 12 available
 Memory: 16147M
 Large Page Support: Disabled
 NUMA Support: Disabled
 Compressed Oops: Enabled (32-bit)
 Heap Region Size: 1M
 Heap Min Capacity: 8M
 Heap Initial Capacity: 254M
 Heap Max Capacity: 2G
 Pre-touch: Disabled
 Parallel Workers: 10
 Concurrent Workers: 3
 Concurrent Refinement Workers: 10
 Periodic GC: Disabled
Heap:
 garbage-first heap   total 437248K, used 162270K [0x0000000080000000, 0x0000000100000000)
  region size 1024K, 3 young (3072K), 3 survivors (3072K)
 Metaspace       used 153655K, committed 155136K, reserved 1245184K
  class space    used 20975K, committed 21696K, reserved 1048576K
GC Heap History (20 events):
Event: 2146.809 GC heap after
{Heap after GC invocations=67 (full 0):
 garbage-first heap   total 572416K, used 194200K [0x0000000080000000, 0x0000000100000000)
  region size 1024K, 5 young (5120K), 5 survivors (5120K)
 Metaspace       used 152140K, committed 153728K, reserved 1245184K
  class space    used 20875K, committed 21632K, reserved 1048576K
}
Event: 2335.123 GC heap before
{Heap before GC invocations=67 (full 0):
 garbage-first heap   total 572416K, used 514712K [0x0000000080000000, 0x0000000100000000)
  region size 1024K, 280 young (286720K), 5 survivors (5120K)
 Metaspace       used 152424K, committed 154048K, reserved 1245184K
  class space    used 20878K, committed 21632K, reserved 1048576K
}
Event: 2335.131 GC heap after
{Heap after GC invocations=68 (full 0):
 garbage-first heap   total 572416K, used 201324K [0x0000000080000000, 0x0000000100000000)
  region size 1024K, 12 young (12288K), 12 survivors (12288K)
 Metaspace       used 152424K, committed 154048K, reserved 1245184K
  class space    used 20878K, committed 21632K, reserved 1048576K
}
Event: 3619.107 GC heap before
{Heap before GC invocations=68 (full 0):
 garbage-first heap   total 572416K, used 393836K [0x0000000080000000, 0x0000000100000000)
  region size 1024K, 166 young (169984K), 12 survivors (12288K)
 Metaspace       used 152589K, committed 154176K, reserved 1245184K
  class space    used 20891K, committed 21632K, reserved 1048576K
}
Event: 3619.259 GC heap after
{Heap after GC invocations=69 (full 1):
 garbage-first heap   total 368640K, used 104606K [0x0000000080000000, 0x0000000100000000)
  region size 1024K, 0 young (0K), 0 survivors (0K)
 Metaspace       used 152437K, committed 154176K, reserved 1245184K
  class space    used 20853K, committed 21632K, reserved 1048576K
}
Event: 3903.324 GC heap before
{Heap before GC invocations=69 (full 1):
 garbage-first heap   total 368640K, used 294046K [0x0000000080000000, 0x0000000100000000)
  region size 1024K, 186 young (190464K), 0 survivors (0K)
 Metaspace       used 152753K, committed 154304K, reserved 1245184K
  class space    used 20873K, committed 21632K, reserved 1048576K
}
Event: 3903.331 GC heap after
{Heap after GC invocations=70 (full 1):
 garbage-first heap   total 368640K, used 112798K [0x0000000080000000, 0x0000000100000000)
  region size 1024K, 8 young (8192K), 8 survivors (8192K)
 Metaspace       used 152753K, committed 154304K, reserved 1245184K
  class space    used 20873K, committed 21632K, reserved 1048576K
}
Event: 3924.578 GC heap before
{Heap before GC invocations=71 (full 1):
 garbage-first heap   total 368640K, used 295070K [0x0000000080000000, 0x0000000100000000)
  region size 1024K, 187 young (191488K), 8 survivors (8192K)
 Metaspace       used 153551K, committed 155072K, reserved 1245184K
  class space    used 20975K, committed 21696K, reserved 1048576K
}
Event: 3924.598 GC heap after
{Heap after GC invocations=72 (full 1):
 garbage-first heap   total 368640K, used 130880K [0x0000000080000000, 0x0000000100000000)
  region size 1024K, 24 young (24576K), 24 survivors (24576K)
 Metaspace       used 153551K, committed 155072K, reserved 1245184K
  class space    used 20975K, committed 21696K, reserved 1048576K
}
Event: 3924.600 GC heap before
{Heap before GC invocations=72 (full 1):
 garbage-first heap   total 368640K, used 131904K [0x0000000080000000, 0x0000000100000000)
  region size 1024K, 25 young (25600K), 24 survivors (24576K)
 Metaspace       used 153551K, committed 155072K, reserved 1245184K
  class space    used 20975K, committed 21696K, reserved 1048576K
}
Event: 3924.625 GC heap after
{Heap after GC invocations=73 (full 1):
 garbage-first heap   total 368640K, used 133770K [0x0000000080000000, 0x0000000100000000)
  region size 1024K, 3 young (3072K), 3 survivors (3072K)
 Metaspace       used 153551K, committed 155072K, reserved 1245184K
  class space    used 20975K, committed 21696K, reserved 1048576K
}
Event: 3924.755 GC heap before
{Heap before GC invocations=73 (full 1):
 garbage-first heap   total 368640K, used 291466K [0x0000000080000000, 0x0000000100000000)
  region size 1024K, 158 young (161792K), 3 survivors (3072K)
 Metaspace       used 153624K, committed 155136K, reserved 1245184K
  class space    used 20975K, committed 21696K, reserved 1048576K
}
Event: 3924.762 GC heap after
{Heap after GC invocations=74 (full 1):
 garbage-first heap   total 368640K, used 138602K [0x0000000080000000, 0x0000000100000000)
  region size 1024K, 8 young (8192K), 8 survivors (8192K)
 Metaspace       used 153624K, committed 155136K, reserved 1245184K
  class space    used 20975K, committed 21696K, reserved 1048576K
}
Event: 3924.871 GC heap before
{Heap before GC invocations=74 (full 1):
 garbage-first heap   total 368640K, used 294250K [0x0000000080000000, 0x0000000100000000)
  region size 1024K, 161 young (164864K), 8 survivors (8192K)
 Metaspace       used 153635K, committed 155136K, reserved 1245184K
  class space    used 20975K, committed 21696K, reserved 1048576K
}
Event: 3924.878 GC heap after
{Heap after GC invocations=75 (full 1):
 garbage-first heap   total 368640K, used 142952K [0x0000000080000000, 0x0000000100000000)
  region size 1024K, 12 young (12288K), 12 survivors (12288K)
 Metaspace       used 153635K, committed 155136K, reserved 1245184K
  class space    used 20975K, committed 21696K, reserved 1048576K
}
Event: 3924.991 GC heap before
{Heap before GC invocations=75 (full 1):
 garbage-first heap   total 368640K, used 298600K [0x0000000080000000, 0x0000000100000000)
  region size 1024K, 164 young (167936K), 12 survivors (12288K)
 Metaspace       used 153651K, committed 155136K, reserved 1245184K
  class space    used 20975K, committed 21696K, reserved 1048576K
}
Event: 3925.002 GC heap after
{Heap after GC invocations=76 (full 1):
 garbage-first heap   total 368640K, used 145507K [0x0000000080000000, 0x0000000100000000)
  region size 1024K, 10 young (10240K), 10 survivors (10240K)
 Metaspace       used 153651K, committed 155136K, reserved 1245184K
  class space    used 20975K, committed 21696K, reserved 1048576K
}
Event: 3925.188 GC heap before
{Heap before GC invocations=77 (full 1):
 garbage-first heap   total 437248K, used 304227K [0x0000000080000000, 0x0000000100000000)
  region size 1024K, 162 young (165888K), 10 survivors (10240K)
 Metaspace       used 153655K, committed 155136K, reserved 1245184K
  class space    used 20975K, committed 21696K, reserved 1048576K
}
Event: 3925.200 GC heap after
{Heap after GC invocations=78 (full 1):
 garbage-first heap   total 437248K, used 160807K [0x0000000080000000, 0x0000000100000000)
  region size 1024K, 21 young (21504K), 21 survivors (21504K)
 Metaspace       used 153655K, committed 155136K, reserved 1245184K
  class space    used 20975K, committed 21696K, reserved 1048576K
}
Event: 3925.202 GC heap before
{Heap before GC invocations=78 (full 1):
 garbage-first heap   total 437248K, used 161831K [0x0000000080000000, 0x0000000100000000)
  region size 1024K, 23 young (23552K), 21 survivors (21504K)
 Metaspace       used 153655K, committed 155136K, reserved 1245184K
  class space    used 20975K, committed 21696K, reserved 1048576K
}

