# JRE version: OpenJDK Runtime Environment (17.0.7) (build 17.0.7+0-b2043.56-10550314)
# Java VM: OpenJDK 64-Bit Server VM (17.0.7+0-b2043.56-10550314, mixed mode, tiered, compressed oops, compressed class ptrs, g1 gc, windows-amd64)
GC Precious Log:
 CPUs: 12 total, 12 available
 Memory: 16147M
 Large Page Support: Disabled
 NUMA Support: Disabled
 Compressed Oops: Enabled (32-bit)
 Heap Region Size: 1M
 Heap Min Capacity: 8M
 Heap Initial Capacity: 254M
 Heap Max Capacity: 2G
 Pre-touch: Disabled
 Parallel Workers: 10
 Concurrent Workers: 3
 Concurrent Refinement Workers: 10
 Periodic GC: Disabled
Heap:
 garbage-first heap   total 337920K, used 162592K [0x0000000080000000, 0x0000000100000000)
  region size 1024K, 5 young (5120K), 5 survivors (5120K)
 Metaspace       used 136176K, committed 137088K, reserved 1179648K
  class space    used 18836K, committed 19264K, reserved 1048576K
GC Heap History (20 events):
Event: 333.661 GC heap after
{Heap after GC invocations=58 (full 0):
 garbage-first heap   total 247808K, used 158241K [0x0000000080000000, 0x0000000100000000)
  region size 1024K, 8 young (8192K), 8 survivors (8192K)
 Metaspace       used 129848K, committed 130816K, reserved 1179648K
  class space    used 18027K, committed 18496K, reserved 1048576K
}
Event: 333.799 GC heap before
{Heap before GC invocations=58 (full 0):
 garbage-first heap   total 247808K, used 210465K [0x0000000080000000, 0x0000000100000000)
  region size 1024K, 60 young (61440K), 8 survivors (8192K)
 Metaspace       used 130335K, committed 131200K, reserved 1179648K
  class space    used 18138K, committed 18560K, reserved 1048576K
}
Event: 333.805 GC heap after
{Heap after GC invocations=59 (full 0):
 garbage-first heap   total 309248K, used 158934K [0x0000000080000000, 0x0000000100000000)
  region size 1024K, 3 young (3072K), 3 survivors (3072K)
 Metaspace       used 130335K, committed 131200K, reserved 1179648K
  class space    used 18138K, committed 18560K, reserved 1048576K
}
Event: 336.229 GC heap before
{Heap before GC invocations=59 (full 0):
 garbage-first heap   total 309248K, used 260310K [0x0000000080000000, 0x0000000100000000)
  region size 1024K, 103 young (105472K), 3 survivors (3072K)
 Metaspace       used 131076K, committed 131968K, reserved 1179648K
  class space    used 18177K, committed 18624K, reserved 1048576K
}
Event: 336.233 GC heap after
{Heap after GC invocations=60 (full 0):
 garbage-first heap   total 309248K, used 159055K [0x0000000080000000, 0x0000000100000000)
  region size 1024K, 3 young (3072K), 3 survivors (3072K)
 Metaspace       used 131076K, committed 131968K, reserved 1179648K
  class space    used 18177K, committed 18624K, reserved 1048576K
}
Event: 337.872 GC heap before
{Heap before GC invocations=60 (full 0):
 garbage-first heap   total 309248K, used 249167K [0x0000000080000000, 0x0000000100000000)
  region size 1024K, 82 young (83968K), 3 survivors (3072K)
 Metaspace       used 134688K, committed 135616K, reserved 1179648K
  class space    used 18700K, committed 19136K, reserved 1048576K
}
Event: 337.879 GC heap after
{Heap after GC invocations=61 (full 0):
 garbage-first heap   total 309248K, used 169299K [0x0000000080000000, 0x0000000100000000)
  region size 1024K, 5 young (5120K), 5 survivors (5120K)
 Metaspace       used 134688K, committed 135616K, reserved 1179648K
  class space    used 18700K, committed 19136K, reserved 1048576K
}
Event: 337.883 GC heap before
{Heap before GC invocations=61 (full 0):
 garbage-first heap   total 309248K, used 181587K [0x0000000080000000, 0x0000000100000000)
  region size 1024K, 6 young (6144K), 5 survivors (5120K)
 Metaspace       used 134689K, committed 135616K, reserved 1179648K
  class space    used 18700K, committed 19136K, reserved 1048576K
}
Event: 337.890 GC heap after
{Heap after GC invocations=62 (full 0):
 garbage-first heap   total 309248K, used 181618K [0x0000000080000000, 0x0000000100000000)
  region size 1024K, 5 young (5120K), 5 survivors (5120K)
 Metaspace       used 134689K, committed 135616K, reserved 1179648K
  class space    used 18700K, committed 19136K, reserved 1048576K
}
Event: 455.043 GC heap before
{Heap before GC invocations=63 (full 0):
 garbage-first heap   total 337920K, used 280946K [0x0000000080000000, 0x0000000100000000)
  region size 1024K, 87 young (89088K), 5 survivors (5120K)
 Metaspace       used 135164K, committed 136128K, reserved 1179648K
  class space    used 18716K, committed 19200K, reserved 1048576K
}
Event: 455.055 GC heap after
{Heap after GC invocations=64 (full 0):
 garbage-first heap   total 337920K, used 169796K [0x0000000080000000, 0x0000000100000000)
  region size 1024K, 11 young (11264K), 11 survivors (11264K)
 Metaspace       used 135164K, committed 136128K, reserved 1179648K
  class space    used 18716K, committed 19200K, reserved 1048576K
}
Event: 455.088 GC heap before
{Heap before GC invocations=64 (full 0):
 garbage-first heap   total 337920K, used 174916K [0x0000000080000000, 0x0000000100000000)
  region size 1024K, 16 young (16384K), 11 survivors (11264K)
 Metaspace       used 135185K, committed 136128K, reserved 1179648K
  class space    used 18719K, committed 19200K, reserved 1048576K
}
Event: 455.100 GC heap after
{Heap after GC invocations=65 (full 0):
 garbage-first heap   total 337920K, used 156291K [0x0000000080000000, 0x0000000100000000)
  region size 1024K, 2 young (2048K), 2 survivors (2048K)
 Metaspace       used 135185K, committed 136128K, reserved 1179648K
  class space    used 18719K, committed 19200K, reserved 1048576K
}
Event: 499.187 GC heap before
{Heap before GC invocations=65 (full 0):
 garbage-first heap   total 337920K, used 285315K [0x0000000080000000, 0x0000000100000000)
  region size 1024K, 129 young (132096K), 2 survivors (2048K)
 Metaspace       used 135704K, committed 136704K, reserved 1179648K
  class space    used 18788K, committed 19264K, reserved 1048576K
}
Event: 499.194 GC heap after
{Heap after GC invocations=66 (full 0):
 garbage-first heap   total 337920K, used 164552K [0x0000000080000000, 0x0000000100000000)
  region size 1024K, 10 young (10240K), 10 survivors (10240K)
 Metaspace       used 135704K, committed 136704K, reserved 1179648K
  class space    used 18788K, committed 19264K, reserved 1048576K
}
Event: 499.712 GC heap before
{Heap before GC invocations=67 (full 0):
 garbage-first heap   total 337920K, used 281288K [0x0000000080000000, 0x0000000100000000)
  region size 1024K, 125 young (128000K), 10 survivors (10240K)
 Metaspace       used 136137K, committed 137088K, reserved 1179648K
  class space    used 18832K, committed 19264K, reserved 1048576K
}
Event: 499.726 GC heap after
{Heap after GC invocations=68 (full 0):
 garbage-first heap   total 337920K, used 173876K [0x0000000080000000, 0x0000000100000000)
  region size 1024K, 10 young (10240K), 10 survivors (10240K)
 Metaspace       used 136137K, committed 137088K, reserved 1179648K
  class space    used 18832K, committed 19264K, reserved 1048576K
}
Event: 499.751 GC heap before
{Heap before GC invocations=68 (full 0):
 garbage-first heap   total 337920K, used 180020K [0x0000000080000000, 0x0000000100000000)
  region size 1024K, 16 young (16384K), 10 survivors (10240K)
 Metaspace       used 136137K, committed 137088K, reserved 1179648K
  class space    used 18832K, committed 19264K, reserved 1048576K
}
Event: 499.763 GC heap after
{Heap after GC invocations=69 (full 0):
 garbage-first heap   total 337920K, used 159416K [0x0000000080000000, 0x0000000100000000)
  region size 1024K, 2 young (2048K), 2 survivors (2048K)
 Metaspace       used 136137K, committed 137088K, reserved 1179648K
  class space    used 18832K, committed 19264K, reserved 1048576K
}
Event: 500.052 GC heap before
{Heap before GC invocations=69 (full 0):
 garbage-first heap   total 337920K, used 277176K [0x0000000080000000, 0x0000000100000000)
  region size 1024K, 118 young (120832K), 2 survivors (2048K)
 Metaspace       used 136176K, committed 137088K, reserved 1179648K
  class space    used 18836K, committed 19264K, reserved 1048576K
}

